Args in experiment:
Namespace(activation='gelu', affine=0, batch_size=128, c_out=7, checkpoints='./checkpoints/', d_ff=2048, d_layers=1, d_model=512, data='custom', data_path='weather.csv', dec_in=7, decomposition=0, des='Exp', devices='0,1,2,3', distil=True, do_predict=False, dropout=0.05, e_layers=2, embed='timeF', embed_type=0, enc_in=21, factor=1, fc_dropout=0.05, features='M', freq='h', gpu=0, head_dropout=0.0, individual=0, is_training=1, itr=1, kernel_size=25, label_len=48, learning_rate=0.0001, loss='mse', lradj='type3', model='Linear', model_id='weather_336_336', moving_avg=25, n_heads=8, num_workers=10, output_attention=False, padding_patch='end', patch_len=16, patience=20, pct_start=0.3, pred_len=336, random_seed=2021, revin=1, root_path='./dataset/', seq_len=336, stride=8, subtract_last=0, target='OT', test_flop=False, train_epochs=100, use_amp=False, use_gpu=True, use_multi_gpu=False)
Use GPU: cuda:0
>>>>>>>start training : weather_336_336_Linear_custom_ftM_sl336_ll48_pl336_dm512_nh8_el2_dl1_df2048_fc1_ebtimeF_dtTrue_Exp_0>>>>>>>>>>>>>>>>>>>>>>>>>>
train 36216
val 4935
test 10204
	iters: 100, epoch: 1 | loss: 1.2696370
	speed: 0.0198s/iter; left time: 556.4651s
	iters: 200, epoch: 1 | loss: 1.2207615
	speed: 0.0097s/iter; left time: 271.6487s
Epoch: 1 cost time: 3.813086748123169
Epoch: 1, Steps: 282 | Train Loss: 1.1892524 Vali Loss: 0.9282556 Test Loss: 0.6001454
Validation loss decreased (inf --> 0.928256).  Saving model ...
Updating learning rate to 0.0001
	iters: 100, epoch: 2 | loss: 0.7721620
	speed: 0.0522s/iter; left time: 1452.1049s
	iters: 200, epoch: 2 | loss: 0.8457695
	speed: 0.0097s/iter; left time: 268.7080s
Epoch: 2 cost time: 3.402643918991089
Epoch: 2, Steps: 282 | Train Loss: 0.6989226 Vali Loss: 0.6165983 Test Loss: 0.2941794
Validation loss decreased (0.928256 --> 0.616598).  Saving model ...
Updating learning rate to 0.0001
	iters: 100, epoch: 3 | loss: 0.7036205
	speed: 0.0541s/iter; left time: 1490.3882s
	iters: 200, epoch: 3 | loss: 0.5030050
	speed: 0.0094s/iter; left time: 256.8617s
Epoch: 3 cost time: 3.3300838470458984
Epoch: 3, Steps: 282 | Train Loss: 0.6148792 Vali Loss: 0.5948293 Test Loss: 0.2822973
Validation loss decreased (0.616598 --> 0.594829).  Saving model ...
Updating learning rate to 0.0001
	iters: 100, epoch: 4 | loss: 0.6564782
	speed: 0.0548s/iter; left time: 1493.3782s
	iters: 200, epoch: 4 | loss: 0.5584307
	speed: 0.0095s/iter; left time: 259.2435s
Epoch: 4 cost time: 3.410159111022949
Epoch: 4, Steps: 282 | Train Loss: 0.5996241 Vali Loss: 0.5827889 Test Loss: 0.2771189
Validation loss decreased (0.594829 --> 0.582789).  Saving model ...
Updating learning rate to 9e-05
	iters: 100, epoch: 5 | loss: 0.5927910
	speed: 0.0548s/iter; left time: 1478.4001s
	iters: 200, epoch: 5 | loss: 0.7151999
	speed: 0.0103s/iter; left time: 276.3442s
Epoch: 5 cost time: 3.4563353061676025
Epoch: 5, Steps: 282 | Train Loss: 0.5903383 Vali Loss: 0.5765055 Test Loss: 0.2737933
Validation loss decreased (0.582789 --> 0.576505).  Saving model ...
Updating learning rate to 8.1e-05
	iters: 100, epoch: 6 | loss: 0.4609538
	speed: 0.0567s/iter; left time: 1512.2588s
	iters: 200, epoch: 6 | loss: 0.6013536
	speed: 0.0092s/iter; left time: 245.8661s
Epoch: 6 cost time: 3.4750962257385254
Epoch: 6, Steps: 282 | Train Loss: 0.5844581 Vali Loss: 0.5710550 Test Loss: 0.2719074
Validation loss decreased (0.576505 --> 0.571055).  Saving model ...
Updating learning rate to 7.290000000000001e-05
	iters: 100, epoch: 7 | loss: 0.5939068
	speed: 0.0583s/iter; left time: 1538.5829s
	iters: 200, epoch: 7 | loss: 0.5333616
	speed: 0.0097s/iter; left time: 254.0442s
Epoch: 7 cost time: 3.5719151496887207
Epoch: 7, Steps: 282 | Train Loss: 0.5801672 Vali Loss: 0.5680564 Test Loss: 0.2708315
Validation loss decreased (0.571055 --> 0.568056).  Saving model ...
Updating learning rate to 6.561e-05
	iters: 100, epoch: 8 | loss: 0.6215764
	speed: 0.0580s/iter; left time: 1514.7046s
	iters: 200, epoch: 8 | loss: 0.6417681
	speed: 0.0101s/iter; left time: 263.7270s
Epoch: 8 cost time: 3.7620315551757812
Epoch: 8, Steps: 282 | Train Loss: 0.5759925 Vali Loss: 0.5654146 Test Loss: 0.2690239
Validation loss decreased (0.568056 --> 0.565415).  Saving model ...
Updating learning rate to 5.904900000000001e-05
	iters: 100, epoch: 9 | loss: 0.5320325
	speed: 0.0590s/iter; left time: 1525.4744s
	iters: 200, epoch: 9 | loss: 0.4805628
	speed: 0.0098s/iter; left time: 251.9242s
Epoch: 9 cost time: 3.3412656784057617
Epoch: 9, Steps: 282 | Train Loss: 0.5733059 Vali Loss: 0.5647709 Test Loss: 0.2681656
Validation loss decreased (0.565415 --> 0.564771).  Saving model ...
Updating learning rate to 5.3144100000000005e-05
	iters: 100, epoch: 10 | loss: 0.4871665
	speed: 0.0575s/iter; left time: 1468.9870s
	iters: 200, epoch: 10 | loss: 0.4735150
	speed: 0.0100s/iter; left time: 254.5347s
Epoch: 10 cost time: 3.53808856010437
Epoch: 10, Steps: 282 | Train Loss: 0.5706993 Vali Loss: 0.5627415 Test Loss: 0.2677262
Validation loss decreased (0.564771 --> 0.562742).  Saving model ...
Updating learning rate to 4.782969000000001e-05
	iters: 100, epoch: 11 | loss: 0.5599010
	speed: 0.0585s/iter; left time: 1480.1721s
	iters: 200, epoch: 11 | loss: 0.5357879
	speed: 0.0094s/iter; left time: 235.6368s
Epoch: 11 cost time: 3.367298126220703
Epoch: 11, Steps: 282 | Train Loss: 0.5687069 Vali Loss: 0.5621455 Test Loss: 0.2671082
Validation loss decreased (0.562742 --> 0.562146).  Saving model ...
Updating learning rate to 4.304672100000001e-05
	iters: 100, epoch: 12 | loss: 0.5352633
	speed: 0.0576s/iter; left time: 1440.4986s
	iters: 200, epoch: 12 | loss: 0.5631312
	speed: 0.0089s/iter; left time: 221.3116s
Epoch: 12 cost time: 3.412006378173828
Epoch: 12, Steps: 282 | Train Loss: 0.5675109 Vali Loss: 0.5603141 Test Loss: 0.2671983
Validation loss decreased (0.562146 --> 0.560314).  Saving model ...
Updating learning rate to 3.874204890000001e-05
	iters: 100, epoch: 13 | loss: 0.5425299
	speed: 0.0573s/iter; left time: 1416.1390s
	iters: 200, epoch: 13 | loss: 0.5311012
	speed: 0.0097s/iter; left time: 238.1026s
Epoch: 13 cost time: 3.62287974357605
Epoch: 13, Steps: 282 | Train Loss: 0.5657469 Vali Loss: 0.5596220 Test Loss: 0.2665765
Validation loss decreased (0.560314 --> 0.559622).  Saving model ...
Updating learning rate to 3.486784401000001e-05
	iters: 100, epoch: 14 | loss: 0.4725297
	speed: 0.0582s/iter; left time: 1423.1498s
	iters: 200, epoch: 14 | loss: 0.4805696
	speed: 0.0094s/iter; left time: 229.2180s
Epoch: 14 cost time: 3.475696563720703
Epoch: 14, Steps: 282 | Train Loss: 0.5644754 Vali Loss: 0.5574133 Test Loss: 0.2664061
Validation loss decreased (0.559622 --> 0.557413).  Saving model ...
Updating learning rate to 3.138105960900001e-05
	iters: 100, epoch: 15 | loss: 0.5295654
	speed: 0.0570s/iter; left time: 1377.7415s
	iters: 200, epoch: 15 | loss: 0.7507669
	speed: 0.0098s/iter; left time: 234.6871s
Epoch: 15 cost time: 3.4825992584228516
Epoch: 15, Steps: 282 | Train Loss: 0.5634324 Vali Loss: 0.5560566 Test Loss: 0.2658378
Validation loss decreased (0.557413 --> 0.556057).  Saving model ...
Updating learning rate to 2.824295364810001e-05
	iters: 100, epoch: 16 | loss: 0.6877536
	speed: 0.0585s/iter; left time: 1397.3280s
	iters: 200, epoch: 16 | loss: 0.7049655
	speed: 0.0104s/iter; left time: 246.5347s
Epoch: 16 cost time: 3.5483436584472656
Epoch: 16, Steps: 282 | Train Loss: 0.5623733 Vali Loss: 0.5551822 Test Loss: 0.2654791
Validation loss decreased (0.556057 --> 0.555182).  Saving model ...
Updating learning rate to 2.541865828329001e-05
	iters: 100, epoch: 17 | loss: 0.5390550
	speed: 0.0578s/iter; left time: 1364.0357s
	iters: 200, epoch: 17 | loss: 0.6407241
	speed: 0.0094s/iter; left time: 221.0865s
Epoch: 17 cost time: 3.424870252609253
Epoch: 17, Steps: 282 | Train Loss: 0.5609542 Vali Loss: 0.5562148 Test Loss: 0.2649284
EarlyStopping counter: 1 out of 20
Updating learning rate to 2.287679245496101e-05
	iters: 100, epoch: 18 | loss: 0.5083957
	speed: 0.0558s/iter; left time: 1301.2934s
	iters: 200, epoch: 18 | loss: 0.6178939
	speed: 0.0105s/iter; left time: 243.5278s
Epoch: 18 cost time: 3.4819273948669434
Epoch: 18, Steps: 282 | Train Loss: 0.5602899 Vali Loss: 0.5543264 Test Loss: 0.2654194
Validation loss decreased (0.555182 --> 0.554326).  Saving model ...
Updating learning rate to 2.0589113209464907e-05
	iters: 100, epoch: 19 | loss: 0.5773585
	speed: 0.0577s/iter; left time: 1329.6576s
	iters: 200, epoch: 19 | loss: 0.5433965
	speed: 0.0095s/iter; left time: 217.9267s
Epoch: 19 cost time: 3.5835070610046387
Epoch: 19, Steps: 282 | Train Loss: 0.5590112 Vali Loss: 0.5533719 Test Loss: 0.2651754
Validation loss decreased (0.554326 --> 0.553372).  Saving model ...
Updating learning rate to 1.8530201888518416e-05
	iters: 100, epoch: 20 | loss: 0.5820948
	speed: 0.0569s/iter; left time: 1294.5782s
	iters: 200, epoch: 20 | loss: 0.4461873
	speed: 0.0097s/iter; left time: 219.8618s
Epoch: 20 cost time: 3.509868860244751
Epoch: 20, Steps: 282 | Train Loss: 0.5587204 Vali Loss: 0.5545751 Test Loss: 0.2647105
EarlyStopping counter: 1 out of 20
Updating learning rate to 1.6677181699666577e-05
	iters: 100, epoch: 21 | loss: 0.7212155
	speed: 0.0605s/iter; left time: 1358.7010s
	iters: 200, epoch: 21 | loss: 0.5146405
	speed: 0.0094s/iter; left time: 209.5657s
Epoch: 21 cost time: 3.548417568206787
Epoch: 21, Steps: 282 | Train Loss: 0.5581828 Vali Loss: 0.5546982 Test Loss: 0.2644654
EarlyStopping counter: 2 out of 20
Updating learning rate to 1.5009463529699919e-05
	iters: 100, epoch: 22 | loss: 0.4631811
	speed: 0.0579s/iter; left time: 1284.3848s
	iters: 200, epoch: 22 | loss: 0.5788033
	speed: 0.0102s/iter; left time: 224.6311s
Epoch: 22 cost time: 3.6882662773132324
Epoch: 22, Steps: 282 | Train Loss: 0.5579092 Vali Loss: 0.5538290 Test Loss: 0.2651104
EarlyStopping counter: 3 out of 20
Updating learning rate to 1.3508517176729929e-05
	iters: 100, epoch: 23 | loss: 0.5365610
	speed: 0.0567s/iter; left time: 1241.6095s
	iters: 200, epoch: 23 | loss: 0.5955425
	speed: 0.0103s/iter; left time: 225.0480s
Epoch: 23 cost time: 3.5807292461395264
Epoch: 23, Steps: 282 | Train Loss: 0.5575909 Vali Loss: 0.5533149 Test Loss: 0.2644452
Validation loss decreased (0.553372 --> 0.553315).  Saving model ...
Updating learning rate to 1.2157665459056936e-05
	iters: 100, epoch: 24 | loss: 0.4415837
	speed: 0.0564s/iter; left time: 1219.1646s
	iters: 200, epoch: 24 | loss: 0.4455636
	speed: 0.0093s/iter; left time: 200.8217s
Epoch: 24 cost time: 3.4592742919921875
Epoch: 24, Steps: 282 | Train Loss: 0.5571727 Vali Loss: 0.5525912 Test Loss: 0.2646227
Validation loss decreased (0.553315 --> 0.552591).  Saving model ...
Updating learning rate to 1.0941898913151242e-05
	iters: 100, epoch: 25 | loss: 0.4313493
	speed: 0.0575s/iter; left time: 1226.2135s
	iters: 200, epoch: 25 | loss: 0.4790047
	speed: 0.0094s/iter; left time: 199.1567s
Epoch: 25 cost time: 3.5457875728607178
Epoch: 25, Steps: 282 | Train Loss: 0.5569756 Vali Loss: 0.5542087 Test Loss: 0.2637725
EarlyStopping counter: 1 out of 20
Updating learning rate to 9.847709021836118e-06
	iters: 100, epoch: 26 | loss: 0.5385801
	speed: 0.0565s/iter; left time: 1189.4616s
	iters: 200, epoch: 26 | loss: 0.5421155
	speed: 0.0100s/iter; left time: 209.1820s
Epoch: 26 cost time: 3.55610990524292
Epoch: 26, Steps: 282 | Train Loss: 0.5563174 Vali Loss: 0.5536824 Test Loss: 0.2639033
EarlyStopping counter: 2 out of 20
Updating learning rate to 8.862938119652508e-06
	iters: 100, epoch: 27 | loss: 0.5752130
	speed: 0.0577s/iter; left time: 1198.6888s
	iters: 200, epoch: 27 | loss: 0.5532457
	speed: 0.0102s/iter; left time: 209.9553s
Epoch: 27 cost time: 3.6170291900634766
Epoch: 27, Steps: 282 | Train Loss: 0.5565487 Vali Loss: 0.5530229 Test Loss: 0.2644932
EarlyStopping counter: 3 out of 20
Updating learning rate to 7.976644307687255e-06
	iters: 100, epoch: 28 | loss: 0.5261160
	speed: 0.0553s/iter; left time: 1132.9294s
	iters: 200, epoch: 28 | loss: 0.5124645
	speed: 0.0099s/iter; left time: 201.5188s
Epoch: 28 cost time: 3.440613269805908
Epoch: 28, Steps: 282 | Train Loss: 0.5555508 Vali Loss: 0.5526293 Test Loss: 0.2641551
EarlyStopping counter: 4 out of 20
Updating learning rate to 7.178979876918531e-06
	iters: 100, epoch: 29 | loss: 0.6759822
	speed: 0.0590s/iter; left time: 1191.6912s
	iters: 200, epoch: 29 | loss: 0.6221966
	speed: 0.0093s/iter; left time: 187.6743s
Epoch: 29 cost time: 3.416231393814087
Epoch: 29, Steps: 282 | Train Loss: 0.5561657 Vali Loss: 0.5540072 Test Loss: 0.2638151
EarlyStopping counter: 5 out of 20
Updating learning rate to 6.4610818892266776e-06
	iters: 100, epoch: 30 | loss: 0.4692769
	speed: 0.0563s/iter; left time: 1120.7048s
	iters: 200, epoch: 30 | loss: 0.4772438
	speed: 0.0094s/iter; left time: 186.7561s
Epoch: 30 cost time: 3.3913238048553467
Epoch: 30, Steps: 282 | Train Loss: 0.5560181 Vali Loss: 0.5537035 Test Loss: 0.2637808
EarlyStopping counter: 6 out of 20
Updating learning rate to 5.8149737003040096e-06
	iters: 100, epoch: 31 | loss: 0.6364788
	speed: 0.0541s/iter; left time: 1061.7381s
	iters: 200, epoch: 31 | loss: 0.5962567
	speed: 0.0090s/iter; left time: 176.7107s
Epoch: 31 cost time: 3.266383647918701
Epoch: 31, Steps: 282 | Train Loss: 0.5558730 Vali Loss: 0.5513317 Test Loss: 0.2637378
Validation loss decreased (0.552591 --> 0.551332).  Saving model ...
Updating learning rate to 5.23347633027361e-06
	iters: 100, epoch: 32 | loss: 0.6202771
	speed: 0.0562s/iter; left time: 1088.4769s
	iters: 200, epoch: 32 | loss: 0.5469140
	speed: 0.0095s/iter; left time: 183.4150s
Epoch: 32 cost time: 3.505769968032837
Epoch: 32, Steps: 282 | Train Loss: 0.5556030 Vali Loss: 0.5518078 Test Loss: 0.2640508
EarlyStopping counter: 1 out of 20
Updating learning rate to 4.710128697246249e-06
	iters: 100, epoch: 33 | loss: 0.5090068
	speed: 0.0571s/iter; left time: 1088.5122s
	iters: 200, epoch: 33 | loss: 0.6627257
	speed: 0.0095s/iter; left time: 179.3811s
Epoch: 33 cost time: 3.5128753185272217
Epoch: 33, Steps: 282 | Train Loss: 0.5550417 Vali Loss: 0.5520683 Test Loss: 0.2640389
EarlyStopping counter: 2 out of 20
Updating learning rate to 4.239115827521624e-06
	iters: 100, epoch: 34 | loss: 0.4501082
	speed: 0.0572s/iter; left time: 1074.3352s
	iters: 200, epoch: 34 | loss: 0.5276575
	speed: 0.0097s/iter; left time: 182.2042s
Epoch: 34 cost time: 3.4704368114471436
Epoch: 34, Steps: 282 | Train Loss: 0.5551783 Vali Loss: 0.5531325 Test Loss: 0.2638338
EarlyStopping counter: 3 out of 20
Updating learning rate to 3.815204244769462e-06
	iters: 100, epoch: 35 | loss: 0.4864085
	speed: 0.0567s/iter; left time: 1048.8613s
	iters: 200, epoch: 35 | loss: 0.4955623
	speed: 0.0092s/iter; left time: 170.2506s
Epoch: 35 cost time: 3.3058085441589355
Epoch: 35, Steps: 282 | Train Loss: 0.5548507 Vali Loss: 0.5532647 Test Loss: 0.2637183
EarlyStopping counter: 4 out of 20
Updating learning rate to 3.4336838202925152e-06
	iters: 100, epoch: 36 | loss: 0.6825574
	speed: 0.0555s/iter; left time: 1011.9957s
	iters: 200, epoch: 36 | loss: 0.4801515
	speed: 0.0096s/iter; left time: 173.5058s
Epoch: 36 cost time: 3.397022247314453
Epoch: 36, Steps: 282 | Train Loss: 0.5551637 Vali Loss: 0.5521978 Test Loss: 0.2641250
EarlyStopping counter: 5 out of 20
Updating learning rate to 3.090315438263264e-06
	iters: 100, epoch: 37 | loss: 0.4783306
	speed: 0.0570s/iter; left time: 1023.8505s
	iters: 200, epoch: 37 | loss: 0.5483409
	speed: 0.0093s/iter; left time: 166.8802s
Epoch: 37 cost time: 3.4373583793640137
Epoch: 37, Steps: 282 | Train Loss: 0.5552643 Vali Loss: 0.5522829 Test Loss: 0.2637898
EarlyStopping counter: 6 out of 20
Updating learning rate to 2.7812838944369375e-06
	iters: 100, epoch: 38 | loss: 0.5621458
	speed: 0.0575s/iter; left time: 1016.2031s
	iters: 200, epoch: 38 | loss: 0.5594083
	speed: 0.0089s/iter; left time: 157.2081s
Epoch: 38 cost time: 3.422363758087158
Epoch: 38, Steps: 282 | Train Loss: 0.5552121 Vali Loss: 0.5509205 Test Loss: 0.2639299
Validation loss decreased (0.551332 --> 0.550920).  Saving model ...
Updating learning rate to 2.503155504993244e-06
	iters: 100, epoch: 39 | loss: 0.5854676
	speed: 0.0606s/iter; left time: 1053.3243s
	iters: 200, epoch: 39 | loss: 0.6215832
	speed: 0.0092s/iter; left time: 158.2064s
Epoch: 39 cost time: 3.420396566390991
Epoch: 39, Steps: 282 | Train Loss: 0.5544240 Vali Loss: 0.5531851 Test Loss: 0.2637553
EarlyStopping counter: 1 out of 20
Updating learning rate to 2.2528399544939195e-06
	iters: 100, epoch: 40 | loss: 0.5649992
	speed: 0.0586s/iter; left time: 1003.0228s
	iters: 200, epoch: 40 | loss: 0.4366010
	speed: 0.0100s/iter; left time: 170.4083s
Epoch: 40 cost time: 3.4867494106292725
Epoch: 40, Steps: 282 | Train Loss: 0.5549720 Vali Loss: 0.5511634 Test Loss: 0.2639102
EarlyStopping counter: 2 out of 20
Updating learning rate to 2.0275559590445276e-06
	iters: 100, epoch: 41 | loss: 0.5307655
	speed: 0.0594s/iter; left time: 998.9393s
	iters: 200, epoch: 41 | loss: 0.6476998
	speed: 0.0090s/iter; left time: 151.3023s
Epoch: 41 cost time: 3.374751091003418
Epoch: 41, Steps: 282 | Train Loss: 0.5546309 Vali Loss: 0.5526869 Test Loss: 0.2637709
EarlyStopping counter: 3 out of 20
Updating learning rate to 1.8248003631400751e-06
	iters: 100, epoch: 42 | loss: 0.5590781
	speed: 0.0571s/iter; left time: 944.5791s
	iters: 200, epoch: 42 | loss: 0.5944114
	speed: 0.0101s/iter; left time: 166.3038s
Epoch: 42 cost time: 3.4881837368011475
Epoch: 42, Steps: 282 | Train Loss: 0.5550101 Vali Loss: 0.5536577 Test Loss: 0.2636998
EarlyStopping counter: 4 out of 20
Updating learning rate to 1.6423203268260676e-06
	iters: 100, epoch: 43 | loss: 0.6501742
	speed: 0.0568s/iter; left time: 923.4257s
	iters: 200, epoch: 43 | loss: 0.5015552
	speed: 0.0092s/iter; left time: 148.9625s
Epoch: 43 cost time: 3.4075911045074463
Epoch: 43, Steps: 282 | Train Loss: 0.5544616 Vali Loss: 0.5520069 Test Loss: 0.2637992
EarlyStopping counter: 5 out of 20
Updating learning rate to 1.4780882941434609e-06
	iters: 100, epoch: 44 | loss: 0.7821019
	speed: 0.0546s/iter; left time: 871.8418s
	iters: 200, epoch: 44 | loss: 0.7021127
	speed: 0.0091s/iter; left time: 144.6373s
Epoch: 44 cost time: 3.2987818717956543
Epoch: 44, Steps: 282 | Train Loss: 0.5538210 Vali Loss: 0.5522386 Test Loss: 0.2638535
EarlyStopping counter: 6 out of 20
Updating learning rate to 1.3302794647291146e-06
	iters: 100, epoch: 45 | loss: 0.6123155
	speed: 0.0548s/iter; left time: 860.7433s
	iters: 200, epoch: 45 | loss: 0.5530139
	speed: 0.0087s/iter; left time: 136.2809s
Epoch: 45 cost time: 3.3456339836120605
Epoch: 45, Steps: 282 | Train Loss: 0.5546675 Vali Loss: 0.5511660 Test Loss: 0.2637226
EarlyStopping counter: 7 out of 20
Updating learning rate to 1.1972515182562034e-06
	iters: 100, epoch: 46 | loss: 0.5768870
	speed: 0.0568s/iter; left time: 876.0826s
	iters: 200, epoch: 46 | loss: 0.6119274
	speed: 0.0108s/iter; left time: 165.7652s
Epoch: 46 cost time: 3.63985013961792
Epoch: 46, Steps: 282 | Train Loss: 0.5544408 Vali Loss: 0.5523200 Test Loss: 0.2637201
EarlyStopping counter: 8 out of 20
Updating learning rate to 1.077526366430583e-06
	iters: 100, epoch: 47 | loss: 0.5445542
	speed: 0.0574s/iter; left time: 868.5640s
	iters: 200, epoch: 47 | loss: 0.5380207
	speed: 0.0095s/iter; left time: 142.5689s
Epoch: 47 cost time: 3.469083786010742
Epoch: 47, Steps: 282 | Train Loss: 0.5546041 Vali Loss: 0.5524841 Test Loss: 0.2638044
EarlyStopping counter: 9 out of 20
Updating learning rate to 9.697737297875248e-07
	iters: 100, epoch: 48 | loss: 0.4538167
	speed: 0.0578s/iter; left time: 857.4845s
	iters: 200, epoch: 48 | loss: 0.4988767
	speed: 0.0093s/iter; left time: 136.9128s
Epoch: 48 cost time: 3.51298451423645
Epoch: 48, Steps: 282 | Train Loss: 0.5546896 Vali Loss: 0.5518455 Test Loss: 0.2637640
EarlyStopping counter: 10 out of 20
Updating learning rate to 8.727963568087723e-07
	iters: 100, epoch: 49 | loss: 0.5423725
	speed: 0.0575s/iter; left time: 837.4551s
	iters: 200, epoch: 49 | loss: 0.4284251
	speed: 0.0093s/iter; left time: 134.8733s
Epoch: 49 cost time: 3.4339804649353027
Epoch: 49, Steps: 282 | Train Loss: 0.5541616 Vali Loss: 0.5521032 Test Loss: 0.2637629
EarlyStopping counter: 11 out of 20
Updating learning rate to 7.855167211278951e-07
	iters: 100, epoch: 50 | loss: 0.4944787
	speed: 0.0560s/iter; left time: 800.0503s
	iters: 200, epoch: 50 | loss: 0.6286989
	speed: 0.0093s/iter; left time: 131.6580s
Epoch: 50 cost time: 3.373163938522339
Epoch: 50, Steps: 282 | Train Loss: 0.5542411 Vali Loss: 0.5515672 Test Loss: 0.2637141
EarlyStopping counter: 12 out of 20
Updating learning rate to 7.069650490151056e-07
	iters: 100, epoch: 51 | loss: 0.5584379
	speed: 0.0556s/iter; left time: 778.4936s
	iters: 200, epoch: 51 | loss: 0.4923638
	speed: 0.0093s/iter; left time: 128.8795s
Epoch: 51 cost time: 3.4012227058410645
Epoch: 51, Steps: 282 | Train Loss: 0.5544237 Vali Loss: 0.5523531 Test Loss: 0.2637421
EarlyStopping counter: 13 out of 20
Updating learning rate to 6.36268544113595e-07
	iters: 100, epoch: 52 | loss: 0.6382362
	speed: 0.0592s/iter; left time: 812.5028s
	iters: 200, epoch: 52 | loss: 0.6007280
	speed: 0.0101s/iter; left time: 137.6855s
Epoch: 52 cost time: 3.6288645267486572
Epoch: 52, Steps: 282 | Train Loss: 0.5544600 Vali Loss: 0.5520186 Test Loss: 0.2637489
EarlyStopping counter: 14 out of 20
Updating learning rate to 5.726416897022355e-07
	iters: 100, epoch: 53 | loss: 0.5041174
	speed: 0.0563s/iter; left time: 756.4617s
	iters: 200, epoch: 53 | loss: 0.6089804
	speed: 0.0091s/iter; left time: 122.0272s
Epoch: 53 cost time: 3.3467743396759033
Epoch: 53, Steps: 282 | Train Loss: 0.5541911 Vali Loss: 0.5503948 Test Loss: 0.2637733
Validation loss decreased (0.550920 --> 0.550395).  Saving model ...
Updating learning rate to 5.15377520732012e-07
	iters: 100, epoch: 54 | loss: 0.5047428
	speed: 0.0556s/iter; left time: 731.8739s
	iters: 200, epoch: 54 | loss: 0.5870293
	speed: 0.0094s/iter; left time: 122.7473s
Epoch: 54 cost time: 3.4077625274658203
Epoch: 54, Steps: 282 | Train Loss: 0.5546602 Vali Loss: 0.5526279 Test Loss: 0.2637667
EarlyStopping counter: 1 out of 20
Updating learning rate to 4.6383976865881085e-07
	iters: 100, epoch: 55 | loss: 0.5682937
	speed: 0.0570s/iter; left time: 733.3528s
	iters: 200, epoch: 55 | loss: 0.4951568
	speed: 0.0096s/iter; left time: 123.2378s
Epoch: 55 cost time: 3.452252149581909
Epoch: 55, Steps: 282 | Train Loss: 0.5546306 Vali Loss: 0.5516725 Test Loss: 0.2637671
EarlyStopping counter: 2 out of 20
Updating learning rate to 4.174557917929298e-07
	iters: 100, epoch: 56 | loss: 0.6329701
	speed: 0.0558s/iter; left time: 703.1009s
	iters: 200, epoch: 56 | loss: 0.6022835
	speed: 0.0098s/iter; left time: 121.9392s
Epoch: 56 cost time: 3.4119248390197754
Epoch: 56, Steps: 282 | Train Loss: 0.5542867 Vali Loss: 0.5515999 Test Loss: 0.2637404
EarlyStopping counter: 3 out of 20
Updating learning rate to 3.7571021261363677e-07
	iters: 100, epoch: 57 | loss: 0.5607812
	speed: 0.0555s/iter; left time: 683.2316s
	iters: 200, epoch: 57 | loss: 0.4938563
	speed: 0.0095s/iter; left time: 115.9754s
Epoch: 57 cost time: 3.3638150691986084
Epoch: 57, Steps: 282 | Train Loss: 0.5543476 Vali Loss: 0.5510005 Test Loss: 0.2637464
EarlyStopping counter: 4 out of 20
Updating learning rate to 3.381391913522731e-07
	iters: 100, epoch: 58 | loss: 0.5935636
	speed: 0.0536s/iter; left time: 644.7870s
	iters: 200, epoch: 58 | loss: 0.5427759
	speed: 0.0092s/iter; left time: 110.0272s
Epoch: 58 cost time: 3.320293664932251
Epoch: 58, Steps: 282 | Train Loss: 0.5544194 Vali Loss: 0.5506423 Test Loss: 0.2637611
EarlyStopping counter: 5 out of 20
Updating learning rate to 3.043252722170458e-07
	iters: 100, epoch: 59 | loss: 0.6035728
	speed: 0.0551s/iter; left time: 647.0699s
	iters: 200, epoch: 59 | loss: 0.4177155
	speed: 0.0100s/iter; left time: 116.9732s
Epoch: 59 cost time: 3.5261716842651367
Epoch: 59, Steps: 282 | Train Loss: 0.5544348 Vali Loss: 0.5526817 Test Loss: 0.2637556
EarlyStopping counter: 6 out of 20
Updating learning rate to 2.7389274499534124e-07
	iters: 100, epoch: 60 | loss: 0.4933462
	speed: 0.0565s/iter; left time: 648.1917s
	iters: 200, epoch: 60 | loss: 0.6942472
	speed: 0.0094s/iter; left time: 107.0999s
Epoch: 60 cost time: 3.3534369468688965
Epoch: 60, Steps: 282 | Train Loss: 0.5537692 Vali Loss: 0.5522202 Test Loss: 0.2637479
EarlyStopping counter: 7 out of 20
Updating learning rate to 2.465034704958071e-07
	iters: 100, epoch: 61 | loss: 0.7509224
	speed: 0.0563s/iter; left time: 629.9067s
	iters: 200, epoch: 61 | loss: 0.5368609
	speed: 0.0091s/iter; left time: 100.8620s
Epoch: 61 cost time: 3.348728656768799
Epoch: 61, Steps: 282 | Train Loss: 0.5542646 Vali Loss: 0.5518461 Test Loss: 0.2637537
EarlyStopping counter: 8 out of 20
Updating learning rate to 2.218531234462264e-07
	iters: 100, epoch: 62 | loss: 0.5051340
	speed: 0.0553s/iter; left time: 602.5121s
	iters: 200, epoch: 62 | loss: 0.5021325
	speed: 0.0099s/iter; left time: 106.4756s
Epoch: 62 cost time: 3.484945297241211
Epoch: 62, Steps: 282 | Train Loss: 0.5543888 Vali Loss: 0.5516677 Test Loss: 0.2637490
EarlyStopping counter: 9 out of 20
Updating learning rate to 1.9966781110160376e-07
	iters: 100, epoch: 63 | loss: 0.4865433
	speed: 0.0579s/iter; left time: 614.6663s
	iters: 200, epoch: 63 | loss: 0.3907647
	speed: 0.0092s/iter; left time: 97.2769s
Epoch: 63 cost time: 3.5214974880218506
Epoch: 63, Steps: 282 | Train Loss: 0.5544710 Vali Loss: 0.5517621 Test Loss: 0.2637488
EarlyStopping counter: 10 out of 20
Updating learning rate to 1.797010299914434e-07
	iters: 100, epoch: 64 | loss: 0.4899164
	speed: 0.0594s/iter; left time: 613.8061s
	iters: 200, epoch: 64 | loss: 0.5082356
	speed: 0.0101s/iter; left time: 103.0776s
Epoch: 64 cost time: 3.4838361740112305
Epoch: 64, Steps: 282 | Train Loss: 0.5541847 Vali Loss: 0.5504616 Test Loss: 0.2637473
EarlyStopping counter: 11 out of 20
Updating learning rate to 1.6173092699229907e-07
	iters: 100, epoch: 65 | loss: 0.4700760
	speed: 0.0560s/iter; left time: 563.4232s
	iters: 200, epoch: 65 | loss: 0.4650238
	speed: 0.0094s/iter; left time: 93.5245s
Epoch: 65 cost time: 3.4455795288085938
Epoch: 65, Steps: 282 | Train Loss: 0.5541201 Vali Loss: 0.5521528 Test Loss: 0.2637435
EarlyStopping counter: 12 out of 20
Updating learning rate to 1.4555783429306916e-07
	iters: 100, epoch: 66 | loss: 0.5308966
	speed: 0.0602s/iter; left time: 587.9599s
	iters: 200, epoch: 66 | loss: 0.5378962
	speed: 0.0106s/iter; left time: 102.1947s
Epoch: 66 cost time: 3.604963779449463
Epoch: 66, Steps: 282 | Train Loss: 0.5544002 Vali Loss: 0.5508752 Test Loss: 0.2637434
EarlyStopping counter: 13 out of 20
Updating learning rate to 1.3100205086376224e-07
	iters: 100, epoch: 67 | loss: 0.6191467
	speed: 0.0579s/iter; left time: 549.6366s
	iters: 200, epoch: 67 | loss: 0.4814833
	speed: 0.0092s/iter; left time: 86.6410s
Epoch: 67 cost time: 3.4915170669555664
Epoch: 67, Steps: 282 | Train Loss: 0.5537775 Vali Loss: 0.5513107 Test Loss: 0.2637465
EarlyStopping counter: 14 out of 20
Updating learning rate to 1.1790184577738603e-07
	iters: 100, epoch: 68 | loss: 0.5249720
	speed: 0.0558s/iter; left time: 513.9093s
	iters: 200, epoch: 68 | loss: 0.5327355
	speed: 0.0091s/iter; left time: 83.2368s
Epoch: 68 cost time: 3.349463701248169
Epoch: 68, Steps: 282 | Train Loss: 0.5544581 Vali Loss: 0.5515670 Test Loss: 0.2637411
EarlyStopping counter: 15 out of 20
Updating learning rate to 1.0611166119964742e-07
	iters: 100, epoch: 69 | loss: 0.5513924
	speed: 0.0585s/iter; left time: 521.8050s
	iters: 200, epoch: 69 | loss: 0.5838588
	speed: 0.0095s/iter; left time: 84.1934s
Epoch: 69 cost time: 3.4813854694366455
Epoch: 69, Steps: 282 | Train Loss: 0.5540628 Vali Loss: 0.5522839 Test Loss: 0.2637429
EarlyStopping counter: 16 out of 20
Updating learning rate to 9.550049507968268e-08
	iters: 100, epoch: 70 | loss: 0.5791805
	speed: 0.0556s/iter; left time: 480.5440s
	iters: 200, epoch: 70 | loss: 0.4588820
	speed: 0.0098s/iter; left time: 83.5266s
Epoch: 70 cost time: 3.490281105041504
Epoch: 70, Steps: 282 | Train Loss: 0.5544760 Vali Loss: 0.5511756 Test Loss: 0.2637406
EarlyStopping counter: 17 out of 20
Updating learning rate to 8.595044557171442e-08
	iters: 100, epoch: 71 | loss: 0.6683234
	speed: 0.0605s/iter; left time: 505.7982s
	iters: 200, epoch: 71 | loss: 0.4965085
	speed: 0.0105s/iter; left time: 86.9429s
Epoch: 71 cost time: 3.5046541690826416
Epoch: 71, Steps: 282 | Train Loss: 0.5545760 Vali Loss: 0.5512586 Test Loss: 0.2637411
EarlyStopping counter: 18 out of 20
Updating learning rate to 7.735540101454298e-08
	iters: 100, epoch: 72 | loss: 0.6538810
	speed: 0.0570s/iter; left time: 460.7779s
	iters: 200, epoch: 72 | loss: 0.4605869
	speed: 0.0098s/iter; left time: 78.2499s
Epoch: 72 cost time: 3.5397908687591553
Epoch: 72, Steps: 282 | Train Loss: 0.5544413 Vali Loss: 0.5530995 Test Loss: 0.2637371
EarlyStopping counter: 19 out of 20
Updating learning rate to 6.961986091308869e-08
	iters: 100, epoch: 73 | loss: 0.4914320
	speed: 0.0579s/iter; left time: 451.1769s
	iters: 200, epoch: 73 | loss: 0.5252050
	speed: 0.0107s/iter; left time: 82.4615s
Epoch: 73 cost time: 3.537853240966797
Epoch: 73, Steps: 282 | Train Loss: 0.5545363 Vali Loss: 0.5507764 Test Loss: 0.2637418
EarlyStopping counter: 20 out of 20
Early stopping
>>>>>>>testing : weather_336_336_Linear_custom_ftM_sl336_ll48_pl336_dm512_nh8_el2_dl1_df2048_fc1_ebtimeF_dtTrue_Exp_0<<<<<<<<<<<<<<<<<<<<<<<<<<<<<<<<<
test 10204
mse:0.2637736201286316, mae:0.31238988041877747, rse:0.6746488809585571
