Args in experiment:
Namespace(W=0.1, activation='gelu', affine=0, alpha1=0.1, alpha2=0.1, alpha3=0.1, batch_size=128, c_out=7, checkpoints='./checkpoints/', d_ff=256, d_layers=1, d_model=128, data='ETTm2', data_path='ETTm2.csv', dec_in=7, decomposition=0, des='Exp', devices='0,1,2,3', distil=True, do_predict=False, dropout=0.2, e_layers=3, embed='timeF', embed_type=0, enc_in=7, factor=1, fc_dropout=0.2, features='M', freq='h', gpu=0, head_dropout=0.0, individual=0, is_training=1, itr=1, kernel_size=25, label_len=48, learning_rate=0.0001, loss='mse', lradj='TST', model='VanDerPol', model_id='336_720', moving_avg=25, n_heads=16, num_workers=10, output_attention=False, padding_patch='end', patch_len=16, patience=20, pct_start=0.4, pred_len=720, random_seed=2021, revin=1, root_path='./dataset/', seq_len=336, stride=8, subtract_last=0, target='OT', test_flop=False, train_epochs=100, use_amp=False, use_gpu=True, use_multi_gpu=False)
Use GPU: cuda:0
>>>>>>>start training : 336_720_VanDerPol_ETTm2_ftM_sl336_ll48_pl720_dm128_nh16_el3_dl1_df256_fc1_ebtimeF_dtTrue_Exp_0>>>>>>>>>>>>>>>>>>>>>>>>>>
train 33505
val 10801
test 10801
	iters: 100, epoch: 1 | loss: 1.0885909
	speed: 0.0361s/iter; left time: 937.8174s
	iters: 200, epoch: 1 | loss: 1.0495377
	speed: 0.0278s/iter; left time: 719.1107s
Epoch: 1 cost time: 8.165570259094238
Epoch: 1, Steps: 261 | Train Loss: 1.0647802 Vali Loss: 1.5252024 Test Loss: 3.2012212
Validation loss decreased (inf --> 1.525202).  Saving model ...
Updating learning rate to 4.147996316662011e-06
	iters: 100, epoch: 2 | loss: 1.2328249
	speed: 0.0856s/iter; left time: 2203.3556s
	iters: 200, epoch: 2 | loss: 1.0651137
	speed: 0.0226s/iter; left time: 579.9797s
Epoch: 2 cost time: 6.711306571960449
Epoch: 2, Steps: 261 | Train Loss: 1.0400396 Vali Loss: 1.5067482 Test Loss: 3.1858935
Validation loss decreased (1.525202 --> 1.506748).  Saving model ...
Updating learning rate to 4.591072645408634e-06
	iters: 100, epoch: 3 | loss: 0.8929870
	speed: 0.0931s/iter; left time: 2372.3772s
	iters: 200, epoch: 3 | loss: 1.0183269
	speed: 0.0246s/iter; left time: 624.8858s
Epoch: 3 cost time: 7.512549161911011
Epoch: 3, Steps: 261 | Train Loss: 1.0274662 Vali Loss: 1.4962134 Test Loss: 3.1808934
Validation loss decreased (1.506748 --> 1.496213).  Saving model ...
Updating learning rate to 5.326496750212602e-06
	iters: 100, epoch: 4 | loss: 0.8702416
	speed: 0.0917s/iter; left time: 2312.4431s
	iters: 200, epoch: 4 | loss: 1.1754886
	speed: 0.0284s/iter; left time: 712.3922s
Epoch: 4 cost time: 7.676309108734131
Epoch: 4, Steps: 261 | Train Loss: 1.0196555 Vali Loss: 1.4917103 Test Loss: 3.1796398
Validation loss decreased (1.496213 --> 1.491710).  Saving model ...
Updating learning rate to 6.349733628628268e-06
	iters: 100, epoch: 5 | loss: 0.7181057
	speed: 0.0925s/iter; left time: 2307.9052s
	iters: 200, epoch: 5 | loss: 0.8858345
	speed: 0.0213s/iter; left time: 528.4221s
Epoch: 5 cost time: 6.398084402084351
Epoch: 5, Steps: 261 | Train Loss: 1.0135433 Vali Loss: 1.4873830 Test Loss: 3.1799083
Validation loss decreased (1.491710 --> 1.487383).  Saving model ...
Updating learning rate to 7.654473476944045e-06
	iters: 100, epoch: 6 | loss: 1.0908884
	speed: 0.0896s/iter; left time: 2213.8271s
	iters: 200, epoch: 6 | loss: 1.0406837
	speed: 0.0238s/iter; left time: 586.3497s
Epoch: 6 cost time: 6.9694294929504395
Epoch: 6, Steps: 261 | Train Loss: 1.0082063 Vali Loss: 1.4823595 Test Loss: 3.1775444
Validation loss decreased (1.487383 --> 1.482360).  Saving model ...
Updating learning rate to 9.232670599670218e-06
	iters: 100, epoch: 7 | loss: 1.1029398
	speed: 0.0865s/iter; left time: 2112.4603s
	iters: 200, epoch: 7 | loss: 0.9100910
	speed: 0.0226s/iter; left time: 550.3138s
Epoch: 7 cost time: 6.543842077255249
Epoch: 7, Steps: 261 | Train Loss: 1.0008016 Vali Loss: 1.4790456 Test Loss: 3.1738393
Validation loss decreased (1.482360 --> 1.479046).  Saving model ...
Updating learning rate to 1.1074593023426382e-05
	iters: 100, epoch: 8 | loss: 0.9684255
	speed: 0.0885s/iter; left time: 2139.9582s
	iters: 200, epoch: 8 | loss: 1.1704125
	speed: 0.0212s/iter; left time: 510.9825s
Epoch: 8 cost time: 6.4972984790802
Epoch: 8, Steps: 261 | Train Loss: 0.9923453 Vali Loss: 1.4734808 Test Loss: 3.1665759
Validation loss decreased (1.479046 --> 1.473481).  Saving model ...
Updating learning rate to 1.3168882509283648e-05
	iters: 100, epoch: 9 | loss: 0.9828240
	speed: 0.0900s/iter; left time: 2152.2071s
	iters: 200, epoch: 9 | loss: 1.0694610
	speed: 0.0256s/iter; left time: 610.2421s
Epoch: 9 cost time: 7.26204252243042
Epoch: 9, Steps: 261 | Train Loss: 0.9811088 Vali Loss: 1.4636914 Test Loss: 3.1536324
Validation loss decreased (1.473481 --> 1.463691).  Saving model ...
Updating learning rate to 1.5502624593494887e-05
	iters: 100, epoch: 10 | loss: 0.9087924
	speed: 0.0944s/iter; left time: 2232.3963s
	iters: 200, epoch: 10 | loss: 0.8682541
	speed: 0.0284s/iter; left time: 667.8257s
Epoch: 10 cost time: 7.665887117385864
Epoch: 10, Steps: 261 | Train Loss: 0.9663143 Vali Loss: 1.4511138 Test Loss: 3.1329269
Validation loss decreased (1.463691 --> 1.451114).  Saving model ...
Updating learning rate to 1.806142822470586e-05
	iters: 100, epoch: 11 | loss: 0.8705055
	speed: 0.0918s/iter; left time: 2146.7478s
	iters: 200, epoch: 11 | loss: 0.9314600
	speed: 0.0243s/iter; left time: 566.2656s
Epoch: 11 cost time: 6.955714702606201
Epoch: 11, Steps: 261 | Train Loss: 0.9501068 Vali Loss: 1.4343741 Test Loss: 3.1048772
Validation loss decreased (1.451114 --> 1.434374).  Saving model ...
Updating learning rate to 2.0829514506563195e-05
	iters: 100, epoch: 12 | loss: 0.8403565
	speed: 0.0891s/iter; left time: 2060.8451s
	iters: 200, epoch: 12 | loss: 0.9236749
	speed: 0.0257s/iter; left time: 592.4094s
Epoch: 12 cost time: 7.153040647506714
Epoch: 12, Steps: 261 | Train Loss: 0.9303014 Vali Loss: 1.4150991 Test Loss: 3.0692666
Validation loss decreased (1.434374 --> 1.415099).  Saving model ...
Updating learning rate to 2.3789813998487008e-05
	iters: 100, epoch: 13 | loss: 0.8793458
	speed: 0.0896s/iter; left time: 2049.3757s
	iters: 200, epoch: 13 | loss: 0.9290783
	speed: 0.0208s/iter; left time: 473.6071s
Epoch: 13 cost time: 6.189499139785767
Epoch: 13, Steps: 261 | Train Loss: 0.9084515 Vali Loss: 1.3903455 Test Loss: 3.0269132
Validation loss decreased (1.415099 --> 1.390345).  Saving model ...
Updating learning rate to 2.6924071974601397e-05
	iters: 100, epoch: 14 | loss: 0.7579888
	speed: 0.0864s/iter; left time: 1952.9347s
	iters: 200, epoch: 14 | loss: 0.9194182
	speed: 0.0230s/iter; left time: 517.8392s
Epoch: 14 cost time: 6.629364728927612
Epoch: 14, Steps: 261 | Train Loss: 0.8856623 Vali Loss: 1.3625858 Test Loss: 2.9783592
Validation loss decreased (1.390345 --> 1.362586).  Saving model ...
Updating learning rate to 3.0212960991742456e-05
	iters: 100, epoch: 15 | loss: 0.9529316
	speed: 0.0854s/iter; left time: 1909.0119s
	iters: 200, epoch: 15 | loss: 0.9870303
	speed: 0.0216s/iter; left time: 480.4930s
Epoch: 15 cost time: 6.677409410476685
Epoch: 15, Steps: 261 | Train Loss: 0.8600874 Vali Loss: 1.3317041 Test Loss: 2.9230027
Validation loss decreased (1.362586 --> 1.331704).  Saving model ...
Updating learning rate to 3.363620007239161e-05
	iters: 100, epoch: 16 | loss: 0.9265794
	speed: 0.0906s/iter; left time: 2001.5622s
	iters: 200, epoch: 16 | loss: 0.6980661
	speed: 0.0222s/iter; left time: 487.0806s
Epoch: 16 cost time: 6.329599618911743
Epoch: 16, Steps: 261 | Train Loss: 0.8342771 Vali Loss: 1.2954897 Test Loss: 2.8638110
Validation loss decreased (1.331704 --> 1.295490).  Saving model ...
Updating learning rate to 3.717267976759092e-05
	iters: 100, epoch: 17 | loss: 0.7226835
	speed: 0.0887s/iter; left time: 1935.8010s
	iters: 200, epoch: 17 | loss: 0.6927109
	speed: 0.0286s/iter; left time: 621.8450s
Epoch: 17 cost time: 7.8076653480529785
Epoch: 17, Steps: 261 | Train Loss: 0.8056204 Vali Loss: 1.2582462 Test Loss: 2.7981915
Validation loss decreased (1.295490 --> 1.258246).  Saving model ...
Updating learning rate to 4.0800592328638756e-05
	iters: 100, epoch: 18 | loss: 0.6941541
	speed: 0.0949s/iter; left time: 2046.1114s
	iters: 200, epoch: 18 | loss: 0.6987172
	speed: 0.0261s/iter; left time: 560.8252s
Epoch: 18 cost time: 7.378475189208984
Epoch: 18, Steps: 261 | Train Loss: 0.7750505 Vali Loss: 1.2190355 Test Loss: 2.7300003
Validation loss decreased (1.258246 --> 1.219036).  Saving model ...
Updating learning rate to 4.449756618485984e-05
	iters: 100, epoch: 19 | loss: 0.6944462
	speed: 0.0924s/iter; left time: 1967.3733s
	iters: 200, epoch: 19 | loss: 0.6693456
	speed: 0.0288s/iter; left time: 609.6338s
Epoch: 19 cost time: 7.219643592834473
Epoch: 19, Steps: 261 | Train Loss: 0.7414688 Vali Loss: 1.1775026 Test Loss: 2.6556256
Validation loss decreased (1.219036 --> 1.177503).  Saving model ...
Updating learning rate to 4.824080389819096e-05
	iters: 100, epoch: 20 | loss: 0.7679589
	speed: 0.0873s/iter; left time: 1836.4305s
	iters: 200, epoch: 20 | loss: 0.6868131
	speed: 0.0269s/iter; left time: 563.9252s
Epoch: 20 cost time: 7.499459266662598
Epoch: 20, Steps: 261 | Train Loss: 0.7072936 Vali Loss: 1.1385443 Test Loss: 2.5826733
Validation loss decreased (1.177503 --> 1.138544).  Saving model ...
Updating learning rate to 5.2007222743883666e-05
	iters: 100, epoch: 21 | loss: 0.6251745
	speed: 0.0953s/iter; left time: 1980.4791s
	iters: 200, epoch: 21 | loss: 0.6220009
	speed: 0.0270s/iter; left time: 557.5609s
Epoch: 21 cost time: 7.578254222869873
Epoch: 21, Steps: 261 | Train Loss: 0.6739401 Vali Loss: 1.1081014 Test Loss: 2.5107586
Validation loss decreased (1.138544 --> 1.108101).  Saving model ...
Updating learning rate to 5.577359705043091e-05
	iters: 100, epoch: 22 | loss: 0.7124686
	speed: 0.0924s/iter; left time: 1896.4699s
	iters: 200, epoch: 22 | loss: 0.6041148
	speed: 0.0232s/iter; left time: 472.7369s
Epoch: 22 cost time: 6.934267044067383
Epoch: 22, Steps: 261 | Train Loss: 0.6425808 Vali Loss: 1.0770804 Test Loss: 2.4504788
Validation loss decreased (1.108101 --> 1.077080).  Saving model ...
Updating learning rate to 5.951670142097692e-05
	iters: 100, epoch: 23 | loss: 0.7107583
	speed: 0.0866s/iter; left time: 1753.9798s
	iters: 200, epoch: 23 | loss: 0.5541356
	speed: 0.0238s/iter; left time: 480.4962s
Epoch: 23 cost time: 6.677181959152222
Epoch: 23, Steps: 261 | Train Loss: 0.6139981 Vali Loss: 1.0448571 Test Loss: 2.4010508
Validation loss decreased (1.077080 --> 1.044857).  Saving model ...
Updating learning rate to 6.321345395303321e-05
	iters: 100, epoch: 24 | loss: 0.6173469
	speed: 0.0876s/iter; left time: 1751.8889s
	iters: 200, epoch: 24 | loss: 0.5969558
	speed: 0.0246s/iter; left time: 490.1039s
Epoch: 24 cost time: 6.988963842391968
Epoch: 24, Steps: 261 | Train Loss: 0.5866079 Vali Loss: 1.0153348 Test Loss: 2.3669076
Validation loss decreased (1.044857 --> 1.015335).  Saving model ...
Updating learning rate to 6.6841058573335e-05
	iters: 100, epoch: 25 | loss: 0.5809662
	speed: 0.0916s/iter; left time: 1807.7536s
	iters: 200, epoch: 25 | loss: 0.5208023
	speed: 0.0237s/iter; left time: 464.8794s
Epoch: 25 cost time: 6.858869552612305
Epoch: 25, Steps: 261 | Train Loss: 0.5611970 Vali Loss: 0.9800875 Test Loss: 2.3646450
Validation loss decreased (1.015335 --> 0.980087).  Saving model ...
Updating learning rate to 7.037714561012768e-05
	iters: 100, epoch: 26 | loss: 0.6238235
	speed: 0.0860s/iter; left time: 1675.1894s
	iters: 200, epoch: 26 | loss: 0.5413888
	speed: 0.0226s/iter; left time: 438.3043s
Epoch: 26 cost time: 6.313220977783203
Epoch: 26, Steps: 261 | Train Loss: 0.5353174 Vali Loss: 0.9638034 Test Loss: 2.4027216
Validation loss decreased (0.980087 --> 0.963803).  Saving model ...
Updating learning rate to 7.379990973604285e-05
	iters: 100, epoch: 27 | loss: 0.5399787
	speed: 0.0903s/iter; left time: 1735.8223s
	iters: 200, epoch: 27 | loss: 0.4026299
	speed: 0.0239s/iter; left time: 456.9780s
Epoch: 27 cost time: 7.5350658893585205
Epoch: 27, Steps: 261 | Train Loss: 0.5126512 Vali Loss: 0.9595956 Test Loss: 2.4886601
Validation loss decreased (0.963803 --> 0.959596).  Saving model ...
Updating learning rate to 7.708824443093723e-05
	iters: 100, epoch: 28 | loss: 0.4828645
	speed: 0.0956s/iter; left time: 1811.2827s
	iters: 200, epoch: 28 | loss: 0.4904808
	speed: 0.0283s/iter; left time: 533.6630s
Epoch: 28 cost time: 7.802240371704102
Epoch: 28, Steps: 261 | Train Loss: 0.4937237 Vali Loss: 0.9682581 Test Loss: 2.6185768
EarlyStopping counter: 1 out of 20
Updating learning rate to 8.022187213552767e-05
	iters: 100, epoch: 29 | loss: 0.4167339
	speed: 0.0933s/iter; left time: 1744.5288s
	iters: 200, epoch: 29 | loss: 0.3602240
	speed: 0.0242s/iter; left time: 450.3166s
Epoch: 29 cost time: 7.107630491256714
Epoch: 29, Steps: 261 | Train Loss: 0.4782113 Vali Loss: 0.9744418 Test Loss: 2.7409511
EarlyStopping counter: 2 out of 20
Updating learning rate to 8.318146929322795e-05
	iters: 100, epoch: 30 | loss: 0.4419844
	speed: 0.0885s/iter; left time: 1630.7543s
	iters: 200, epoch: 30 | loss: 0.4588766
	speed: 0.0218s/iter; left time: 400.4940s
Epoch: 30 cost time: 6.406367301940918
Epoch: 30, Steps: 261 | Train Loss: 0.4654464 Vali Loss: 0.9951724 Test Loss: 2.8758657
EarlyStopping counter: 3 out of 20
Updating learning rate to 8.59487855091154e-05
	iters: 100, epoch: 31 | loss: 0.3700420
	speed: 0.0874s/iter; left time: 1587.6413s
	iters: 200, epoch: 31 | loss: 0.5477360
	speed: 0.0253s/iter; left time: 456.6673s
Epoch: 31 cost time: 7.0097246170043945
Epoch: 31, Steps: 261 | Train Loss: 0.4554657 Vali Loss: 1.0074289 Test Loss: 2.9702365
EarlyStopping counter: 4 out of 20
Updating learning rate to 8.850675609123214e-05
	iters: 100, epoch: 32 | loss: 0.4716688
	speed: 0.0919s/iter; left time: 1646.4225s
	iters: 200, epoch: 32 | loss: 0.5185286
	speed: 0.0272s/iter; left time: 484.3424s
Epoch: 32 cost time: 7.348618984222412
Epoch: 32, Steps: 261 | Train Loss: 0.4476466 Vali Loss: 1.0179247 Test Loss: 3.0383873
EarlyStopping counter: 5 out of 20
Updating learning rate to 9.083960728023302e-05
	iters: 100, epoch: 33 | loss: 0.4805863
	speed: 0.0900s/iter; left time: 1587.7279s
	iters: 200, epoch: 33 | loss: 0.4091018
	speed: 0.0211s/iter; left time: 369.9041s
Epoch: 33 cost time: 6.578735828399658
Epoch: 33, Steps: 261 | Train Loss: 0.4410295 Vali Loss: 1.0258741 Test Loss: 3.0850775
EarlyStopping counter: 6 out of 20
Updating learning rate to 9.293295351848083e-05
	iters: 100, epoch: 34 | loss: 0.5170062
	speed: 0.0852s/iter; left time: 1481.8393s
	iters: 200, epoch: 34 | loss: 0.4172848
	speed: 0.0255s/iter; left time: 440.2896s
Epoch: 34 cost time: 6.764092922210693
Epoch: 34, Steps: 261 | Train Loss: 0.4355091 Vali Loss: 1.0115741 Test Loss: 3.0616016
EarlyStopping counter: 7 out of 20
Updating learning rate to 9.47738861587773e-05
	iters: 100, epoch: 35 | loss: 0.4565914
	speed: 0.0952s/iter; left time: 1629.7480s
	iters: 200, epoch: 35 | loss: 0.4802403
	speed: 0.0294s/iter; left time: 499.8203s
Epoch: 35 cost time: 8.300412893295288
Epoch: 35, Steps: 261 | Train Loss: 0.4312610 Vali Loss: 1.0070276 Test Loss: 3.0402813
EarlyStopping counter: 8 out of 20
Updating learning rate to 9.635105306570629e-05
	iters: 100, epoch: 36 | loss: 0.5544553
	speed: 0.0934s/iter; left time: 1575.5226s
	iters: 200, epoch: 36 | loss: 0.3704943
	speed: 0.0265s/iter; left time: 444.9153s
Epoch: 36 cost time: 7.3278913497924805
Epoch: 36, Steps: 261 | Train Loss: 0.4278330 Vali Loss: 0.9982738 Test Loss: 3.0115471
EarlyStopping counter: 9 out of 20
Updating learning rate to 9.765472861872672e-05
	iters: 100, epoch: 37 | loss: 0.4315146
	speed: 0.0903s/iter; left time: 1499.8966s
	iters: 200, epoch: 37 | loss: 0.3837744
	speed: 0.0300s/iter; left time: 494.5821s
Epoch: 37 cost time: 7.955116271972656
Epoch: 37, Steps: 261 | Train Loss: 0.4240267 Vali Loss: 0.9959264 Test Loss: 2.9921026
EarlyStopping counter: 10 out of 20
Updating learning rate to 9.867687368533986e-05
	iters: 100, epoch: 38 | loss: 0.3606386
	speed: 0.0924s/iter; left time: 1509.7113s
	iters: 200, epoch: 38 | loss: 0.4023148
	speed: 0.0220s/iter; left time: 357.1367s
Epoch: 38 cost time: 6.575167894363403
Epoch: 38, Steps: 261 | Train Loss: 0.4216694 Vali Loss: 0.9871926 Test Loss: 2.9609368
EarlyStopping counter: 11 out of 20
Updating learning rate to 9.941118519450599e-05
	iters: 100, epoch: 39 | loss: 0.4265387
	speed: 0.0910s/iter; left time: 1463.8167s
	iters: 200, epoch: 39 | loss: 0.5034263
	speed: 0.0247s/iter; left time: 395.1765s
Epoch: 39 cost time: 7.166086673736572
Epoch: 39, Steps: 261 | Train Loss: 0.4190287 Vali Loss: 0.9779285 Test Loss: 2.9187613
EarlyStopping counter: 12 out of 20
Updating learning rate to 9.985313500461516e-05
	iters: 100, epoch: 40 | loss: 0.3406402
	speed: 0.0899s/iter; left time: 1421.8579s
	iters: 200, epoch: 40 | loss: 0.4308379
	speed: 0.0277s/iter; left time: 435.4471s
Epoch: 40 cost time: 7.528567552566528
Epoch: 40, Steps: 261 | Train Loss: 0.4165459 Vali Loss: 0.9694028 Test Loss: 2.8751676
EarlyStopping counter: 13 out of 20
Updating learning rate to 9.999999899386908e-05
	iters: 100, epoch: 41 | loss: 0.3297066
	speed: 0.0938s/iter; left time: 1459.9582s
	iters: 200, epoch: 41 | loss: 0.4149052
	speed: 0.0294s/iter; left time: 454.5338s
Epoch: 41 cost time: 7.800652503967285
Epoch: 41, Steps: 261 | Train Loss: 0.4144909 Vali Loss: 0.9634475 Test Loss: 2.8425710
EarlyStopping counter: 14 out of 20
Updating learning rate to 9.993095104667097e-05
	iters: 100, epoch: 42 | loss: 0.2706913
	speed: 0.0927s/iter; left time: 1418.7267s
	iters: 200, epoch: 42 | loss: 0.5126696
	speed: 0.0279s/iter; left time: 423.7540s
Epoch: 42 cost time: 7.64699649810791
Epoch: 42, Steps: 261 | Train Loss: 0.4126107 Vali Loss: 0.9671929 Test Loss: 2.8393664
EarlyStopping counter: 15 out of 20
Updating learning rate to 9.97250463814979e-05
	iters: 100, epoch: 43 | loss: 0.4524494
	speed: 0.0909s/iter; left time: 1367.5073s
	iters: 200, epoch: 43 | loss: 0.4275193
	speed: 0.0239s/iter; left time: 357.5572s
Epoch: 43 cost time: 6.690905332565308
Epoch: 43, Steps: 261 | Train Loss: 0.4110856 Vali Loss: 0.9622761 Test Loss: 2.8066478
EarlyStopping counter: 16 out of 20
Updating learning rate to 9.938284936872484e-05
	iters: 100, epoch: 44 | loss: 0.3301387
	speed: 0.0911s/iter; left time: 1345.6195s
	iters: 200, epoch: 44 | loss: 0.3056040
	speed: 0.0294s/iter; left time: 431.6836s
Epoch: 44 cost time: 7.946593761444092
Epoch: 44, Steps: 261 | Train Loss: 0.4100497 Vali Loss: 0.9606950 Test Loss: 2.7965937
EarlyStopping counter: 17 out of 20
Updating learning rate to 9.890529794657798e-05
	iters: 100, epoch: 45 | loss: 0.4055519
	speed: 0.0929s/iter; left time: 1348.6233s
	iters: 200, epoch: 45 | loss: 0.4323651
	speed: 0.0295s/iter; left time: 425.1948s
Epoch: 45 cost time: 7.79334568977356
Epoch: 45, Steps: 261 | Train Loss: 0.4088823 Vali Loss: 0.9609524 Test Loss: 2.8001637
EarlyStopping counter: 18 out of 20
Updating learning rate to 9.829370105031122e-05
	iters: 100, epoch: 46 | loss: 0.4150311
	speed: 0.0921s/iter; left time: 1312.2796s
	iters: 200, epoch: 46 | loss: 0.4867213
	speed: 0.0241s/iter; left time: 340.9633s
Epoch: 46 cost time: 6.8325676918029785
Epoch: 46, Steps: 261 | Train Loss: 0.4080653 Vali Loss: 0.9588577 Test Loss: 2.7869632
Validation loss decreased (0.959596 --> 0.958858).  Saving model ...
Updating learning rate to 9.754973502450565e-05
	iters: 100, epoch: 47 | loss: 0.3303547
	speed: 0.0914s/iter; left time: 1279.5377s
	iters: 200, epoch: 47 | loss: 0.3373495
	speed: 0.0286s/iter; left time: 397.3270s
Epoch: 47 cost time: 7.997437238693237
Epoch: 47, Steps: 261 | Train Loss: 0.4070734 Vali Loss: 0.9563443 Test Loss: 2.7823193
Validation loss decreased (0.958858 --> 0.956344).  Saving model ...
Updating learning rate to 9.667543902832558e-05
	iters: 100, epoch: 48 | loss: 0.5159414
	speed: 0.0981s/iter; left time: 1347.2764s
	iters: 200, epoch: 48 | loss: 0.5120503
	speed: 0.0257s/iter; left time: 350.3368s
Epoch: 48 cost time: 7.315424680709839
Epoch: 48, Steps: 261 | Train Loss: 0.4064906 Vali Loss: 0.9630337 Test Loss: 2.7878766
EarlyStopping counter: 1 out of 20
Updating learning rate to 9.567320944632494e-05
	iters: 100, epoch: 49 | loss: 0.4409896
	speed: 0.0872s/iter; left time: 1175.4726s
	iters: 200, epoch: 49 | loss: 0.3221574
	speed: 0.0225s/iter; left time: 301.3115s
Epoch: 49 cost time: 6.701909065246582
Epoch: 49, Steps: 261 | Train Loss: 0.4059445 Vali Loss: 0.9642560 Test Loss: 2.7908695
EarlyStopping counter: 2 out of 20
Updating learning rate to 9.45457933201239e-05
	iters: 100, epoch: 50 | loss: 0.4045405
	speed: 0.0877s/iter; left time: 1158.7619s
	iters: 200, epoch: 50 | loss: 0.3879607
	speed: 0.0264s/iter; left time: 345.7637s
Epoch: 50 cost time: 7.314084529876709
Epoch: 50, Steps: 261 | Train Loss: 0.4049188 Vali Loss: 0.9599571 Test Loss: 2.7790248
EarlyStopping counter: 3 out of 20
Updating learning rate to 9.329628081895862e-05
	iters: 100, epoch: 51 | loss: 0.3123110
	speed: 0.0926s/iter; left time: 1198.9022s
	iters: 200, epoch: 51 | loss: 0.4267472
	speed: 0.0213s/iter; left time: 273.7180s
Epoch: 51 cost time: 6.269717693328857
Epoch: 51, Steps: 261 | Train Loss: 0.4046028 Vali Loss: 0.9691930 Test Loss: 2.8105419
EarlyStopping counter: 4 out of 20
Updating learning rate to 9.192809676974225e-05
	iters: 100, epoch: 52 | loss: 0.4077940
	speed: 0.0873s/iter; left time: 1107.8821s
	iters: 200, epoch: 52 | loss: 0.4169311
	speed: 0.0219s/iter; left time: 275.1426s
Epoch: 52 cost time: 6.639153003692627
Epoch: 52, Steps: 261 | Train Loss: 0.4044803 Vali Loss: 0.9680599 Test Loss: 2.8178945
EarlyStopping counter: 5 out of 20
Updating learning rate to 9.044499126985239e-05
	iters: 100, epoch: 53 | loss: 0.4534648
	speed: 0.0871s/iter; left time: 1082.7867s
	iters: 200, epoch: 53 | loss: 0.3704641
	speed: 0.0261s/iter; left time: 322.3759s
Epoch: 53 cost time: 6.8074915409088135
Epoch: 53, Steps: 261 | Train Loss: 0.4039933 Vali Loss: 0.9700515 Test Loss: 2.8158567
EarlyStopping counter: 6 out of 20
Updating learning rate to 8.885102940837483e-05
	iters: 100, epoch: 54 | loss: 0.3263202
	speed: 0.0858s/iter; left time: 1044.1054s
	iters: 200, epoch: 54 | loss: 0.4524436
	speed: 0.0252s/iter; left time: 304.0620s
Epoch: 54 cost time: 6.858500003814697
Epoch: 54, Steps: 261 | Train Loss: 0.4037119 Vali Loss: 0.9652553 Test Loss: 2.8058686
EarlyStopping counter: 7 out of 20
Updating learning rate to 8.715058012397698e-05
	iters: 100, epoch: 55 | loss: 0.3697972
	speed: 0.0884s/iter; left time: 1053.0450s
	iters: 200, epoch: 55 | loss: 0.3354449
	speed: 0.0266s/iter; left time: 313.6873s
Epoch: 55 cost time: 7.473611831665039
Epoch: 55, Steps: 261 | Train Loss: 0.4035606 Vali Loss: 0.9693916 Test Loss: 2.8217943
EarlyStopping counter: 8 out of 20
Updating learning rate to 8.534830422995055e-05
	iters: 100, epoch: 56 | loss: 0.4312901
	speed: 0.0953s/iter; left time: 1109.6180s
	iters: 200, epoch: 56 | loss: 0.4074135
	speed: 0.0285s/iter; left time: 329.5730s
Epoch: 56 cost time: 7.8193793296813965
Epoch: 56, Steps: 261 | Train Loss: 0.4033171 Vali Loss: 0.9649133 Test Loss: 2.8042798
EarlyStopping counter: 9 out of 20
Updating learning rate to 8.344914163924644e-05
	iters: 100, epoch: 57 | loss: 0.4557596
	speed: 0.0949s/iter; left time: 1079.9098s
	iters: 200, epoch: 57 | loss: 0.3542643
	speed: 0.0269s/iter; left time: 303.9136s
Epoch: 57 cost time: 7.278414011001587
Epoch: 57, Steps: 261 | Train Loss: 0.4027837 Vali Loss: 0.9697773 Test Loss: 2.8173871
EarlyStopping counter: 10 out of 20
Updating learning rate to 8.145829782451657e-05
	iters: 100, epoch: 58 | loss: 0.3522395
	speed: 0.0924s/iter; left time: 1028.3676s
	iters: 200, epoch: 58 | loss: 0.3672979
	speed: 0.0306s/iter; left time: 337.3923s
Epoch: 58 cost time: 8.371559619903564
Epoch: 58, Steps: 261 | Train Loss: 0.4022680 Vali Loss: 0.9650773 Test Loss: 2.8144641
EarlyStopping counter: 11 out of 20
Updating learning rate to 7.938122955027528e-05
	iters: 100, epoch: 59 | loss: 0.3385727
	speed: 0.0956s/iter; left time: 1038.1347s
	iters: 200, epoch: 59 | loss: 0.4255731
	speed: 0.0282s/iter; left time: 303.1229s
Epoch: 59 cost time: 7.444165468215942
Epoch: 59, Steps: 261 | Train Loss: 0.4023856 Vali Loss: 0.9698928 Test Loss: 2.8323448
EarlyStopping counter: 12 out of 20
Updating learning rate to 7.722362991628698e-05
	iters: 100, epoch: 60 | loss: 0.4142814
	speed: 0.0949s/iter; left time: 1005.7787s
	iters: 200, epoch: 60 | loss: 0.3940640
	speed: 0.0253s/iter; left time: 265.7550s
Epoch: 60 cost time: 7.3314855098724365
Epoch: 60, Steps: 261 | Train Loss: 0.4021217 Vali Loss: 0.9673492 Test Loss: 2.8209484
EarlyStopping counter: 13 out of 20
Updating learning rate to 7.499141275317558e-05
	iters: 100, epoch: 61 | loss: 0.4080001
	speed: 0.0951s/iter; left time: 982.9814s
	iters: 200, epoch: 61 | loss: 0.4862579
	speed: 0.0283s/iter; left time: 289.4868s
Epoch: 61 cost time: 7.9009175300598145
Epoch: 61, Steps: 261 | Train Loss: 0.4014147 Vali Loss: 0.9634323 Test Loss: 2.8198559
EarlyStopping counter: 14 out of 20
Updating learning rate to 7.269069641302562e-05
	iters: 100, epoch: 62 | loss: 0.3959689
	speed: 0.0925s/iter; left time: 932.6056s
	iters: 200, epoch: 62 | loss: 0.4337613
	speed: 0.0236s/iter; left time: 235.8940s
Epoch: 62 cost time: 6.85049295425415
Epoch: 62, Steps: 261 | Train Loss: 0.4014008 Vali Loss: 0.9641845 Test Loss: 2.8222547
EarlyStopping counter: 15 out of 20
Updating learning rate to 7.032778699940462e-05
	iters: 100, epoch: 63 | loss: 0.3266549
	speed: 0.0887s/iter; left time: 871.1934s
	iters: 200, epoch: 63 | loss: 0.4827012
	speed: 0.0214s/iter; left time: 207.5754s
Epoch: 63 cost time: 6.397181749343872
Epoch: 63, Steps: 261 | Train Loss: 0.4014932 Vali Loss: 0.9666435 Test Loss: 2.8242760
EarlyStopping counter: 16 out of 20
Updating learning rate to 6.79091610827715e-05
	iters: 100, epoch: 64 | loss: 0.4489232
	speed: 0.0888s/iter; left time: 849.1606s
	iters: 200, epoch: 64 | loss: 0.4181335
	speed: 0.0265s/iter; left time: 250.6618s
Epoch: 64 cost time: 7.729670524597168
Epoch: 64, Steps: 261 | Train Loss: 0.4010155 Vali Loss: 0.9642766 Test Loss: 2.8159795
EarlyStopping counter: 17 out of 20
Updating learning rate to 6.544144794864713e-05
	iters: 100, epoch: 65 | loss: 0.3352513
	speed: 0.0944s/iter; left time: 878.0638s
	iters: 200, epoch: 65 | loss: 0.3456800
	speed: 0.0223s/iter; left time: 204.8396s
Epoch: 65 cost time: 6.670444488525391
Epoch: 65, Steps: 261 | Train Loss: 0.4009904 Vali Loss: 0.9599720 Test Loss: 2.8030164
EarlyStopping counter: 18 out of 20
Updating learning rate to 6.293141142720349e-05
	iters: 100, epoch: 66 | loss: 0.3350099
	speed: 0.0906s/iter; left time: 818.7023s
	iters: 200, epoch: 66 | loss: 0.3979974
	speed: 0.0219s/iter; left time: 195.3226s
Epoch: 66 cost time: 6.828419208526611
Epoch: 66, Steps: 261 | Train Loss: 0.4008438 Vali Loss: 0.9599878 Test Loss: 2.8031151
EarlyStopping counter: 19 out of 20
Updating learning rate to 6.038593135407538e-05
	iters: 100, epoch: 67 | loss: 0.4100717
	speed: 0.0865s/iter; left time: 758.7418s
	iters: 200, epoch: 67 | loss: 0.3916100
	speed: 0.0274s/iter; left time: 237.4087s
Epoch: 67 cost time: 7.411303281784058
Epoch: 67, Steps: 261 | Train Loss: 0.4008563 Vali Loss: 0.9701169 Test Loss: 2.8270962
EarlyStopping counter: 20 out of 20
Early stopping
>>>>>>>testing : 336_720_VanDerPol_ETTm2_ftM_sl336_ll48_pl720_dm128_nh16_el3_dl1_df256_fc1_ebtimeF_dtTrue_Exp_0<<<<<<<<<<<<<<<<<<<<<<<<<<<<<<<<<
test 10801
mse:2.7823448181152344, mae:1.4566723108291626, rse:1.339231014251709
