Args in experiment:
Namespace(W=0.1, activation='gelu', affine=0, alpha1=0.1, alpha2=0.1, alpha3=0.1, batch_size=128, c_out=7, checkpoints='./checkpoints/', d_ff=256, d_layers=1, d_model=128, data='ETTm2', data_path='ETTm2.csv', dec_in=7, decomposition=0, des='Exp', devices='0,1,2,3', distil=True, do_predict=False, dropout=0.2, e_layers=3, embed='timeF', embed_type=0, enc_in=7, factor=1, fc_dropout=0.2, features='M', freq='h', gpu=0, head_dropout=0.0, individual=0, is_training=1, itr=1, kernel_size=25, label_len=48, learning_rate=0.0001, loss='mse', lradj='TST', model='VanDerPol', model_id='336_96', moving_avg=25, n_heads=16, num_workers=10, output_attention=False, padding_patch='end', patch_len=16, patience=20, pct_start=0.4, pred_len=96, random_seed=2021, revin=1, root_path='./dataset/', seq_len=336, stride=8, subtract_last=0, target='OT', test_flop=False, train_epochs=100, use_amp=False, use_gpu=True, use_multi_gpu=False)
Use GPU: cuda:0
>>>>>>>start training : 336_96_VanDerPol_ETTm2_ftM_sl336_ll48_pl96_dm128_nh16_el3_dl1_df256_fc1_ebtimeF_dtTrue_Exp_0>>>>>>>>>>>>>>>>>>>>>>>>>>
train 34129
val 11425
test 11425
	iters: 100, epoch: 1 | loss: 1.0478549
	speed: 0.0268s/iter; left time: 709.2028s
	iters: 200, epoch: 1 | loss: 1.2477070
	speed: 0.0238s/iter; left time: 628.1481s
Epoch: 1 cost time: 6.695967435836792
Epoch: 1, Steps: 266 | Train Loss: 1.0534496 Vali Loss: 1.5587710 Test Loss: 3.1770108
Validation loss decreased (inf --> 1.558771).  Saving model ...
Updating learning rate to 4.147995783958166e-06
	iters: 100, epoch: 2 | loss: 1.1129978
	speed: 0.0709s/iter; left time: 1858.9965s
	iters: 200, epoch: 2 | loss: 1.4367925
	speed: 0.0213s/iter; left time: 557.7786s
Epoch: 2 cost time: 6.113001346588135
Epoch: 2, Steps: 266 | Train Loss: 1.0296585 Vali Loss: 1.5425450 Test Loss: 3.1612339
Validation loss decreased (1.558771 --> 1.542545).  Saving model ...
Updating learning rate to 4.591070521163098e-06
	iters: 100, epoch: 3 | loss: 0.9083394
	speed: 0.0699s/iter; left time: 1815.1314s
	iters: 200, epoch: 3 | loss: 1.0780445
	speed: 0.0248s/iter; left time: 642.3022s
Epoch: 3 cost time: 6.6401286125183105
Epoch: 3, Steps: 266 | Train Loss: 1.0184306 Vali Loss: 1.5336542 Test Loss: 3.1548195
Validation loss decreased (1.542545 --> 1.533654).  Saving model ...
Updating learning rate to 5.326491995236255e-06
	iters: 100, epoch: 4 | loss: 1.0781903
	speed: 0.0733s/iter; left time: 1884.9756s
	iters: 200, epoch: 4 | loss: 0.9271444
	speed: 0.0224s/iter; left time: 574.7541s
Epoch: 4 cost time: 6.41813850402832
Epoch: 4, Steps: 266 | Train Loss: 1.0121756 Vali Loss: 1.5286498 Test Loss: 3.1546242
Validation loss decreased (1.533654 --> 1.528650).  Saving model ...
Updating learning rate to 6.349725236277868e-06
	iters: 100, epoch: 5 | loss: 1.1005363
	speed: 0.0665s/iter; left time: 1691.3264s
	iters: 200, epoch: 5 | loss: 1.0540938
	speed: 0.0186s/iter; left time: 470.9454s
Epoch: 5 cost time: 5.479679584503174
Epoch: 5, Steps: 266 | Train Loss: 1.0059033 Vali Loss: 1.5241617 Test Loss: 3.1524160
Validation loss decreased (1.528650 --> 1.524162).  Saving model ...
Updating learning rate to 7.654460485717921e-06
	iters: 100, epoch: 6 | loss: 0.9376810
	speed: 0.0659s/iter; left time: 1659.8971s
	iters: 200, epoch: 6 | loss: 1.0736334
	speed: 0.0175s/iter; left time: 438.6909s
Epoch: 6 cost time: 5.478988170623779
Epoch: 6, Steps: 266 | Train Loss: 0.9995640 Vali Loss: 1.5184599 Test Loss: 3.1496768
Validation loss decreased (1.524162 --> 1.518460).  Saving model ...
Updating learning rate to 9.232652105385623e-06
	iters: 100, epoch: 7 | loss: 0.9251642
	speed: 0.0681s/iter; left time: 1695.3042s
	iters: 200, epoch: 7 | loss: 0.8983362
	speed: 0.0190s/iter; left time: 470.1209s
Epoch: 7 cost time: 5.704288482666016
Epoch: 7, Steps: 266 | Train Loss: 0.9922420 Vali Loss: 1.5116191 Test Loss: 3.1438432
Validation loss decreased (1.518460 --> 1.511619).  Saving model ...
Updating learning rate to 1.1074568190864783e-05
	iters: 100, epoch: 8 | loss: 0.9897299
	speed: 0.0679s/iter; left time: 1673.0304s
	iters: 200, epoch: 8 | loss: 0.9600767
	speed: 0.0190s/iter; left time: 467.4498s
Epoch: 8 cost time: 6.036003828048706
Epoch: 8, Steps: 266 | Train Loss: 0.9835474 Vali Loss: 1.5029869 Test Loss: 3.1344831
Validation loss decreased (1.511619 --> 1.502987).  Saving model ...
Updating learning rate to 1.316885058319476e-05
	iters: 100, epoch: 9 | loss: 1.1602728
	speed: 0.0764s/iter; left time: 1861.8651s
	iters: 200, epoch: 9 | loss: 0.8488064
	speed: 0.0258s/iter; left time: 626.7806s
Epoch: 9 cost time: 7.488698720932007
Epoch: 9, Steps: 266 | Train Loss: 0.9712811 Vali Loss: 1.4893743 Test Loss: 3.1162698
Validation loss decreased (1.502987 --> 1.489374).  Saving model ...
Updating learning rate to 1.5502584908855415e-05
	iters: 100, epoch: 10 | loss: 0.9738162
	speed: 0.0757s/iter; left time: 1825.1709s
	iters: 200, epoch: 10 | loss: 0.9927948
	speed: 0.0210s/iter; left time: 503.4305s
Epoch: 10 cost time: 6.307916879653931
Epoch: 10, Steps: 266 | Train Loss: 0.9552927 Vali Loss: 1.4698862 Test Loss: 3.0891051
Validation loss decreased (1.489374 --> 1.469886).  Saving model ...
Updating learning rate to 1.806138021613527e-05
	iters: 100, epoch: 11 | loss: 0.6791459
	speed: 0.0705s/iter; left time: 1680.2031s
	iters: 200, epoch: 11 | loss: 0.9148727
	speed: 0.0220s/iter; left time: 522.3772s
Epoch: 11 cost time: 6.358839511871338
Epoch: 11, Steps: 266 | Train Loss: 0.9369436 Vali Loss: 1.4448880 Test Loss: 3.0521333
Validation loss decreased (1.469886 --> 1.444888).  Saving model ...
Updating learning rate to 2.0829457716805565e-05
	iters: 100, epoch: 12 | loss: 0.8589451
	speed: 0.0784s/iter; left time: 1848.4841s
	iters: 200, epoch: 12 | loss: 0.7476385
	speed: 0.0251s/iter; left time: 589.1162s
Epoch: 12 cost time: 7.202531099319458
Epoch: 12, Steps: 266 | Train Loss: 0.9143909 Vali Loss: 1.4146079 Test Loss: 3.0046463
Validation loss decreased (1.444888 --> 1.414608).  Saving model ...
Updating learning rate to 2.3789748085875986e-05
	iters: 100, epoch: 13 | loss: 0.8009260
	speed: 0.0778s/iter; left time: 1814.2349s
	iters: 200, epoch: 13 | loss: 0.9540854
	speed: 0.0197s/iter; left time: 456.2777s
Epoch: 13 cost time: 6.430608749389648
Epoch: 13, Steps: 266 | Train Loss: 0.8880970 Vali Loss: 1.3782377 Test Loss: 2.9480529
Validation loss decreased (1.414608 --> 1.378238).  Saving model ...
Updating learning rate to 2.6923996719433387e-05
	iters: 100, epoch: 14 | loss: 0.7736648
	speed: 0.0725s/iter; left time: 1669.5415s
	iters: 200, epoch: 14 | loss: 0.8279368
	speed: 0.0215s/iter; left time: 492.2820s
Epoch: 14 cost time: 6.618134498596191
Epoch: 14, Steps: 266 | Train Loss: 0.8599956 Vali Loss: 1.3351102 Test Loss: 2.8804924
Validation loss decreased (1.378238 --> 1.335110).  Saving model ...
Updating learning rate to 3.021287630149266e-05
	iters: 100, epoch: 15 | loss: 1.0140407
	speed: 0.0774s/iter; left time: 1762.9441s
	iters: 200, epoch: 15 | loss: 0.8901312
	speed: 0.0256s/iter; left time: 579.5600s
Epoch: 15 cost time: 7.00946044921875
Epoch: 15, Steps: 266 | Train Loss: 0.8297759 Vali Loss: 1.2875369 Test Loss: 2.8048563
Validation loss decreased (1.335110 --> 1.287537).  Saving model ...
Updating learning rate to 3.363610598571669e-05
	iters: 100, epoch: 16 | loss: 0.7697158
	speed: 0.0692s/iter; left time: 1558.3622s
	iters: 200, epoch: 16 | loss: 0.8509741
	speed: 0.0213s/iter; left time: 478.0874s
Epoch: 16 cost time: 6.133150100708008
Epoch: 16, Steps: 266 | Train Loss: 0.7975432 Vali Loss: 1.2367867 Test Loss: 2.7230642
Validation loss decreased (1.287537 --> 1.236787).  Saving model ...
Updating learning rate to 3.717257645707274e-05
	iters: 100, epoch: 17 | loss: 0.7299217
	speed: 0.0699s/iter; left time: 1554.3935s
	iters: 200, epoch: 17 | loss: 0.7564640
	speed: 0.0206s/iter; left time: 455.5739s
Epoch: 17 cost time: 6.158986806869507
Epoch: 17, Steps: 266 | Train Loss: 0.7622198 Vali Loss: 1.1814440 Test Loss: 2.6300271
Validation loss decreased (1.236787 --> 1.181444).  Saving model ...
Updating learning rate to 4.08004801022336e-05
	iters: 100, epoch: 18 | loss: 0.5958928
	speed: 0.0684s/iter; left time: 1503.8953s
	iters: 200, epoch: 18 | loss: 0.9052820
	speed: 0.0197s/iter; left time: 431.7410s
Epoch: 18 cost time: 5.986072301864624
Epoch: 18, Steps: 266 | Train Loss: 0.7241249 Vali Loss: 1.1247647 Test Loss: 2.5349426
Validation loss decreased (1.181444 --> 1.124765).  Saving model ...
Updating learning rate to 4.4497445486028815e-05
	iters: 100, epoch: 19 | loss: 0.7129406
	speed: 0.0702s/iter; left time: 1523.8378s
	iters: 200, epoch: 19 | loss: 0.6932439
	speed: 0.0200s/iter; left time: 433.2128s
Epoch: 19 cost time: 5.953839540481567
Epoch: 19, Steps: 266 | Train Loss: 0.6833351 Vali Loss: 1.0678254 Test Loss: 2.4184167
Validation loss decreased (1.124765 --> 1.067825).  Saving model ...
Updating learning rate to 4.8240675304698384e-05
	iters: 100, epoch: 20 | loss: 0.4953457
	speed: 0.0705s/iter; left time: 1511.3041s
	iters: 200, epoch: 20 | loss: 0.4999442
	speed: 0.0212s/iter; left time: 452.2236s
Epoch: 20 cost time: 6.526883125305176
Epoch: 20, Steps: 266 | Train Loss: 0.6404803 Vali Loss: 1.0148982 Test Loss: 2.3185916
Validation loss decreased (1.067825 --> 1.014898).  Saving model ...
Updating learning rate to 5.2007086965261054e-05
	iters: 100, epoch: 21 | loss: 0.6149320
	speed: 0.0773s/iter; left time: 1637.4693s
	iters: 200, epoch: 21 | loss: 0.5683814
	speed: 0.0281s/iter; left time: 592.2320s
Epoch: 21 cost time: 7.52590537071228
Epoch: 21, Steps: 266 | Train Loss: 0.5982760 Vali Loss: 0.9663162 Test Loss: 2.2119315
Validation loss decreased (1.014898 --> 0.966316).  Saving model ...
Updating learning rate to 5.5773454924116216e-05
	iters: 100, epoch: 22 | loss: 0.4221526
	speed: 0.0757s/iter; left time: 1582.8676s
	iters: 200, epoch: 22 | loss: 0.4418696
	speed: 0.0225s/iter; left time: 468.7999s
Epoch: 22 cost time: 6.2684478759765625
Epoch: 22, Steps: 266 | Train Loss: 0.5591718 Vali Loss: 0.9212402 Test Loss: 2.1127906
Validation loss decreased (0.966316 --> 0.921240).  Saving model ...
Updating learning rate to 5.95165539071495e-05
	iters: 100, epoch: 23 | loss: 0.5797113
	speed: 0.0696s/iter; left time: 1437.9001s
	iters: 200, epoch: 23 | loss: 0.4842732
	speed: 0.0267s/iter; left time: 548.9899s
Epoch: 23 cost time: 7.229466199874878
Epoch: 23, Steps: 266 | Train Loss: 0.5224004 Vali Loss: 0.8780338 Test Loss: 2.0137424
Validation loss decreased (0.921240 --> 0.878034).  Saving model ...
Updating learning rate to 6.321330212817643e-05
	iters: 100, epoch: 24 | loss: 0.4569147
	speed: 0.0800s/iter; left time: 1630.3429s
	iters: 200, epoch: 24 | loss: 0.6483687
	speed: 0.0272s/iter; left time: 552.4646s
Epoch: 24 cost time: 7.92479395866394
Epoch: 24, Steps: 266 | Train Loss: 0.4880633 Vali Loss: 0.8277694 Test Loss: 1.9352334
Validation loss decreased (0.878034 --> 0.827769).  Saving model ...
Updating learning rate to 6.684090362256924e-05
	iters: 100, epoch: 25 | loss: 0.4186607
	speed: 0.0752s/iter; left time: 1512.2666s
	iters: 200, epoch: 25 | loss: 0.3979940
	speed: 0.0226s/iter; left time: 452.1843s
Epoch: 25 cost time: 6.739729166030884
Epoch: 25, Steps: 266 | Train Loss: 0.4549810 Vali Loss: 0.7785159 Test Loss: 1.8641899
Validation loss decreased (0.827769 --> 0.778516).  Saving model ...
Updating learning rate to 7.037698881836747e-05
	iters: 100, epoch: 26 | loss: 0.4177667
	speed: 0.0729s/iter; left time: 1447.4286s
	iters: 200, epoch: 26 | loss: 0.4329429
	speed: 0.0199s/iter; left time: 393.7692s
Epoch: 26 cost time: 5.9299421310424805
Epoch: 26, Steps: 266 | Train Loss: 0.4244563 Vali Loss: 0.7393059 Test Loss: 1.8207628
Validation loss decreased (0.778516 --> 0.739306).  Saving model ...
Updating learning rate to 7.379975247804219e-05
	iters: 100, epoch: 27 | loss: 0.4622450
	speed: 0.0743s/iter; left time: 1454.7150s
	iters: 200, epoch: 27 | loss: 0.3837311
	speed: 0.0250s/iter; left time: 486.1637s
Epoch: 27 cost time: 7.340897798538208
Epoch: 27, Steps: 266 | Train Loss: 0.3967882 Vali Loss: 0.7083109 Test Loss: 1.7937223
Validation loss decreased (0.739306 --> 0.708311).  Saving model ...
Updating learning rate to 7.70880881602968e-05
	iters: 100, epoch: 28 | loss: 0.4182934
	speed: 0.0788s/iter; left time: 1522.9912s
	iters: 200, epoch: 28 | loss: 0.3289569
	speed: 0.0269s/iter; left time: 516.9923s
Epoch: 28 cost time: 7.526888847351074
Epoch: 28, Steps: 266 | Train Loss: 0.3729350 Vali Loss: 0.6910302 Test Loss: 1.8010719
Validation loss decreased (0.708311 --> 0.691030).  Saving model ...
Updating learning rate to 8.02217183727475e-05
	iters: 100, epoch: 29 | loss: 0.5003986
	speed: 0.0798s/iter; left time: 1520.0768s
	iters: 200, epoch: 29 | loss: 0.2836464
	speed: 0.0250s/iter; left time: 474.5672s
Epoch: 29 cost time: 7.503346920013428
Epoch: 29, Steps: 266 | Train Loss: 0.3523983 Vali Loss: 0.6645092 Test Loss: 1.7958498
Validation loss decreased (0.691030 --> 0.664509).  Saving model ...
Updating learning rate to 8.318131961289731e-05
	iters: 100, epoch: 30 | loss: 0.4245948
	speed: 0.0772s/iter; left time: 1450.3883s
	iters: 200, epoch: 30 | loss: 0.2851545
	speed: 0.0222s/iter; left time: 414.7148s
Epoch: 30 cost time: 6.81280255317688
Epoch: 30, Steps: 266 | Train Loss: 0.3330875 Vali Loss: 0.6394877 Test Loss: 1.7839196
Validation loss decreased (0.664509 --> 0.639488).  Saving model ...
Updating learning rate to 8.59486415263404e-05
	iters: 100, epoch: 31 | loss: 0.3263061
	speed: 0.0746s/iter; left time: 1381.6614s
	iters: 200, epoch: 31 | loss: 0.3289148
	speed: 0.0220s/iter; left time: 404.7972s
Epoch: 31 cost time: 6.570035219192505
Epoch: 31, Steps: 266 | Train Loss: 0.3166993 Vali Loss: 0.6191410 Test Loss: 1.7584873
Validation loss decreased (0.639488 --> 0.619141).  Saving model ...
Updating learning rate to 8.850661944740828e-05
	iters: 100, epoch: 32 | loss: 0.3555230
	speed: 0.0739s/iter; left time: 1348.7788s
	iters: 200, epoch: 32 | loss: 0.3654892
	speed: 0.0230s/iter; left time: 417.5234s
Epoch: 32 cost time: 6.776196241378784
Epoch: 32, Steps: 266 | Train Loss: 0.3015720 Vali Loss: 0.5977491 Test Loss: 1.7188380
Validation loss decreased (0.619141 --> 0.597749).  Saving model ...
Updating learning rate to 9.083947962827694e-05
	iters: 100, epoch: 33 | loss: 0.2578426
	speed: 0.0720s/iter; left time: 1294.3142s
	iters: 200, epoch: 33 | loss: 0.2816538
	speed: 0.0188s/iter; left time: 336.1289s
Epoch: 33 cost time: 5.888148784637451
Epoch: 33, Steps: 266 | Train Loss: 0.2884574 Vali Loss: 0.5569352 Test Loss: 1.6256992
Validation loss decreased (0.597749 --> 0.556935).  Saving model ...
Updating learning rate to 9.293283650764084e-05
	iters: 100, epoch: 34 | loss: 0.3428872
	speed: 0.0701s/iter; left time: 1242.3317s
	iters: 200, epoch: 34 | loss: 0.2988422
	speed: 0.0259s/iter; left time: 457.1580s
Epoch: 34 cost time: 7.206850290298462
Epoch: 34, Steps: 266 | Train Loss: 0.2768008 Vali Loss: 0.5149907 Test Loss: 1.5155828
Validation loss decreased (0.556935 --> 0.514991).  Saving model ...
Updating learning rate to 9.477378141914727e-05
	iters: 100, epoch: 35 | loss: 0.2368791
	speed: 0.0760s/iter; left time: 1325.8785s
	iters: 200, epoch: 35 | loss: 0.2209141
	speed: 0.0246s/iter; left time: 426.6807s
Epoch: 35 cost time: 6.816852569580078
Epoch: 35, Steps: 266 | Train Loss: 0.2667400 Vali Loss: 0.4743083 Test Loss: 1.3971535
Validation loss decreased (0.514991 --> 0.474308).  Saving model ...
Updating learning rate to 9.635096219257111e-05
	iters: 100, epoch: 36 | loss: 0.1940491
	speed: 0.0716s/iter; left time: 1231.5889s
	iters: 200, epoch: 36 | loss: 0.2476855
	speed: 0.0239s/iter; left time: 408.2129s
Epoch: 36 cost time: 6.647245407104492
Epoch: 36, Steps: 266 | Train Loss: 0.2579539 Vali Loss: 0.4322972 Test Loss: 1.2705398
Validation loss decreased (0.474308 --> 0.432297).  Saving model ...
Updating learning rate to 9.765465315687045e-05
	iters: 100, epoch: 37 | loss: 0.2178809
	speed: 0.0744s/iter; left time: 1259.8049s
	iters: 200, epoch: 37 | loss: 0.2072258
	speed: 0.0260s/iter; left time: 437.4507s
Epoch: 37 cost time: 6.849729299545288
Epoch: 37, Steps: 266 | Train Loss: 0.2503177 Vali Loss: 0.3897840 Test Loss: 1.1377870
Validation loss decreased (0.432297 --> 0.389784).  Saving model ...
Updating learning rate to 9.867681511344941e-05
	iters: 100, epoch: 38 | loss: 0.2168103
	speed: 0.0779s/iter; left time: 1297.1289s
	iters: 200, epoch: 38 | loss: 0.1811963
	speed: 0.0225s/iter; left time: 373.0166s
Epoch: 38 cost time: 6.890942096710205
Epoch: 38, Steps: 266 | Train Loss: 0.2439112 Vali Loss: 0.3534979 Test Loss: 1.0111074
Validation loss decreased (0.389784 --> 0.353498).  Saving model ...
Updating learning rate to 9.941114490980398e-05
	iters: 100, epoch: 39 | loss: 0.2233232
	speed: 0.0765s/iter; left time: 1253.4379s
	iters: 200, epoch: 39 | loss: 0.4434772
	speed: 0.0245s/iter; left time: 399.7991s
Epoch: 39 cost time: 7.396859884262085
Epoch: 39, Steps: 266 | Train Loss: 0.2383739 Vali Loss: 0.3106826 Test Loss: 0.8680109
Validation loss decreased (0.353498 --> 0.310683).  Saving model ...
Updating learning rate to 9.98531143078552e-05
	iters: 100, epoch: 40 | loss: 0.2275057
	speed: 0.0728s/iter; left time: 1174.3924s
	iters: 200, epoch: 40 | loss: 0.3485573
	speed: 0.0198s/iter; left time: 317.5689s
Epoch: 40 cost time: 5.672187328338623
Epoch: 40, Steps: 266 | Train Loss: 0.2334314 Vali Loss: 0.2753361 Test Loss: 0.7391367
Validation loss decreased (0.310683 --> 0.275336).  Saving model ...
Updating learning rate to 9.999999903133806e-05
	iters: 100, epoch: 41 | loss: 0.2694528
	speed: 0.0711s/iter; left time: 1127.5371s
	iters: 200, epoch: 41 | loss: 0.1754794
	speed: 0.0253s/iter; left time: 399.0733s
Epoch: 41 cost time: 7.321716070175171
Epoch: 41, Steps: 266 | Train Loss: 0.2291079 Vali Loss: 0.2472363 Test Loss: 0.6342931
Validation loss decreased (0.275336 --> 0.247236).  Saving model ...
Updating learning rate to 9.993096095176514e-05
	iters: 100, epoch: 42 | loss: 0.2246203
	speed: 0.0738s/iter; left time: 1151.5267s
	iters: 200, epoch: 42 | loss: 0.1686407
	speed: 0.0209s/iter; left time: 323.6376s
Epoch: 42 cost time: 6.105590581893921
Epoch: 42, Steps: 266 | Train Loss: 0.2253590 Vali Loss: 0.2228267 Test Loss: 0.5436471
Validation loss decreased (0.247236 --> 0.222827).  Saving model ...
Updating learning rate to 9.972506612706808e-05
	iters: 100, epoch: 43 | loss: 0.2572807
	speed: 0.0730s/iter; left time: 1118.9484s
	iters: 200, epoch: 43 | loss: 0.2940542
	speed: 0.0230s/iter; left time: 350.7710s
Epoch: 43 cost time: 6.743089437484741
Epoch: 43, Steps: 266 | Train Loss: 0.2221405 Vali Loss: 0.2051669 Test Loss: 0.4778379
Validation loss decreased (0.222827 --> 0.205167).  Saving model ...
Updating learning rate to 9.93828789006498e-05
	iters: 100, epoch: 44 | loss: 0.1806538
	speed: 0.0773s/iter; left time: 1164.8211s
	iters: 200, epoch: 44 | loss: 0.2190618
	speed: 0.0228s/iter; left time: 341.6927s
Epoch: 44 cost time: 7.000568866729736
Epoch: 44, Steps: 266 | Train Loss: 0.2198736 Vali Loss: 0.1941702 Test Loss: 0.4335803
Validation loss decreased (0.205167 --> 0.194170).  Saving model ...
Updating learning rate to 9.890533718391275e-05
	iters: 100, epoch: 45 | loss: 0.1726840
	speed: 0.0732s/iter; left time: 1082.8848s
	iters: 200, epoch: 45 | loss: 0.2655484
	speed: 0.0217s/iter; left time: 319.4529s
Epoch: 45 cost time: 6.438595771789551
Epoch: 45, Steps: 266 | Train Loss: 0.2175063 Vali Loss: 0.1842337 Test Loss: 0.3928711
Validation loss decreased (0.194170 --> 0.184234).  Saving model ...
Updating learning rate to 9.829374988550901e-05
	iters: 100, epoch: 46 | loss: 0.1770472
	speed: 0.0744s/iter; left time: 1080.4062s
	iters: 200, epoch: 46 | loss: 0.2540541
	speed: 0.0209s/iter; left time: 300.8978s
Epoch: 46 cost time: 6.166693925857544
Epoch: 46, Steps: 266 | Train Loss: 0.2154990 Vali Loss: 0.1769260 Test Loss: 0.3639056
Validation loss decreased (0.184234 --> 0.176926).  Saving model ...
Updating learning rate to 9.754979332371259e-05
	iters: 100, epoch: 47 | loss: 0.3137765
	speed: 0.0718s/iter; left time: 1024.9173s
	iters: 200, epoch: 47 | loss: 0.2493172
	speed: 0.0270s/iter; left time: 382.2904s
Epoch: 47 cost time: 7.3427734375
Epoch: 47, Steps: 266 | Train Loss: 0.2143213 Vali Loss: 0.1720958 Test Loss: 0.3455284
Validation loss decreased (0.176926 --> 0.172096).  Saving model ...
Updating learning rate to 9.667550663174757e-05
	iters: 100, epoch: 48 | loss: 0.1648560
	speed: 0.0794s/iter; left time: 1111.9682s
	iters: 200, epoch: 48 | loss: 0.2008823
	speed: 0.0268s/iter; left time: 373.0610s
Epoch: 48 cost time: 7.309391021728516
Epoch: 48, Steps: 266 | Train Loss: 0.2130438 Vali Loss: 0.1683272 Test Loss: 0.3299488
Validation loss decreased (0.172096 --> 0.168327).  Saving model ...
Updating learning rate to 9.567328616866573e-05
	iters: 100, epoch: 49 | loss: 0.3317201
	speed: 0.0707s/iter; left time: 971.0240s
	iters: 200, epoch: 49 | loss: 0.2072522
	speed: 0.0243s/iter; left time: 331.2376s
Epoch: 49 cost time: 6.609620571136475
Epoch: 49, Steps: 266 | Train Loss: 0.2119829 Vali Loss: 0.1663182 Test Loss: 0.3220253
Validation loss decreased (0.168327 --> 0.166318).  Saving model ...
Updating learning rate to 9.454587895109285e-05
	iters: 100, epoch: 50 | loss: 0.2218872
	speed: 0.0739s/iter; left time: 995.3370s
	iters: 200, epoch: 50 | loss: 0.2066199
	speed: 0.0193s/iter; left time: 257.6360s
Epoch: 50 cost time: 5.89715051651001
Epoch: 50, Steps: 266 | Train Loss: 0.2105390 Vali Loss: 0.1610210 Test Loss: 0.3047845
Validation loss decreased (0.166318 --> 0.161021).  Saving model ...
Updating learning rate to 9.329637512384722e-05
	iters: 100, epoch: 51 | loss: 0.2370387
	speed: 0.0680s/iter; left time: 897.5269s
	iters: 200, epoch: 51 | loss: 0.2809110
	speed: 0.0223s/iter; left time: 292.1389s
Epoch: 51 cost time: 6.505906820297241
Epoch: 51, Steps: 266 | Train Loss: 0.2100333 Vali Loss: 0.1587210 Test Loss: 0.2952039
Validation loss decreased (0.161021 --> 0.158721).  Saving model ...
Updating learning rate to 9.192819949006735e-05
	iters: 100, epoch: 52 | loss: 0.2116933
	speed: 0.0759s/iter; left time: 981.8764s
	iters: 200, epoch: 52 | loss: 0.1797096
	speed: 0.0249s/iter; left time: 319.3168s
Epoch: 52 cost time: 6.857873916625977
Epoch: 52, Steps: 266 | Train Loss: 0.2092207 Vali Loss: 0.1610095 Test Loss: 0.3023432
EarlyStopping counter: 1 out of 20
Updating learning rate to 9.044510212406473e-05
	iters: 100, epoch: 53 | loss: 0.1636446
	speed: 0.0745s/iter; left time: 944.0567s
	iters: 200, epoch: 53 | loss: 0.1808574
	speed: 0.0211s/iter; left time: 265.3537s
Epoch: 53 cost time: 6.7138285636901855
Epoch: 53, Steps: 266 | Train Loss: 0.2084040 Vali Loss: 0.1574455 Test Loss: 0.2898220
Validation loss decreased (0.158721 --> 0.157446).  Saving model ...
Updating learning rate to 8.885114809263072e-05
	iters: 100, epoch: 54 | loss: 0.1836431
	speed: 0.0771s/iter; left time: 956.6144s
	iters: 200, epoch: 54 | loss: 0.2136383
	speed: 0.0263s/iter; left time: 323.5432s
Epoch: 54 cost time: 7.223847389221191
Epoch: 54, Steps: 266 | Train Loss: 0.2078053 Vali Loss: 0.1562731 Test Loss: 0.2860446
Validation loss decreased (0.157446 --> 0.156273).  Saving model ...
Updating learning rate to 8.71507063129711e-05
	iters: 100, epoch: 55 | loss: 0.3313445
	speed: 0.0738s/iter; left time: 895.3216s
	iters: 200, epoch: 55 | loss: 0.2466863
	speed: 0.0186s/iter; left time: 223.5731s
Epoch: 55 cost time: 5.555476903915405
Epoch: 55, Steps: 266 | Train Loss: 0.2073656 Vali Loss: 0.1595633 Test Loss: 0.2969801
EarlyStopping counter: 1 out of 20
Updating learning rate to 8.534843757780764e-05
	iters: 100, epoch: 56 | loss: 0.2965831
	speed: 0.0646s/iter; left time: 767.0474s
	iters: 200, epoch: 56 | loss: 0.2018365
	speed: 0.0170s/iter; left time: 199.8141s
Epoch: 56 cost time: 5.33211612701416
Epoch: 56, Steps: 266 | Train Loss: 0.2063613 Vali Loss: 0.1563977 Test Loss: 0.2876925
EarlyStopping counter: 2 out of 20
Updating learning rate to 8.34492817804693e-05
	iters: 100, epoch: 57 | loss: 0.2684055
	speed: 0.0702s/iter; left time: 814.1233s
	iters: 200, epoch: 57 | loss: 0.1834718
	speed: 0.0215s/iter; left time: 246.8580s
Epoch: 57 cost time: 6.311760902404785
Epoch: 57, Steps: 266 | Train Loss: 0.2063324 Vali Loss: 0.1548588 Test Loss: 0.2815702
Validation loss decreased (0.156273 --> 0.154859).  Saving model ...
Updating learning rate to 8.145844437498785e-05
	iters: 100, epoch: 58 | loss: 0.2302938
	speed: 0.0717s/iter; left time: 812.6419s
	iters: 200, epoch: 58 | loss: 0.2596874
	speed: 0.0213s/iter; left time: 239.9439s
Epoch: 58 cost time: 6.379260301589966
Epoch: 58, Steps: 266 | Train Loss: 0.2060594 Vali Loss: 0.1567919 Test Loss: 0.2883322
EarlyStopping counter: 1 out of 20
Updating learning rate to 7.938138210831032e-05
	iters: 100, epoch: 59 | loss: 0.1674116
	speed: 0.0728s/iter; left time: 806.2197s
	iters: 200, epoch: 59 | loss: 0.2495687
	speed: 0.0231s/iter; left time: 253.5414s
Epoch: 59 cost time: 6.706135272979736
Epoch: 59, Steps: 266 | Train Loss: 0.2057907 Vali Loss: 0.1564103 Test Loss: 0.2866279
EarlyStopping counter: 2 out of 20
Updating learning rate to 7.722378806373484e-05
	iters: 100, epoch: 60 | loss: 0.2102885
	speed: 0.0780s/iter; left time: 842.7333s
	iters: 200, epoch: 60 | loss: 0.1897305
	speed: 0.0269s/iter; left time: 288.5147s
Epoch: 60 cost time: 7.661051511764526
Epoch: 60, Steps: 266 | Train Loss: 0.2053535 Vali Loss: 0.1572702 Test Loss: 0.2898346
EarlyStopping counter: 3 out of 20
Updating learning rate to 7.499157605656507e-05
	iters: 100, epoch: 61 | loss: 0.2198313
	speed: 0.0745s/iter; left time: 784.9835s
	iters: 200, epoch: 61 | loss: 0.1472475
	speed: 0.0199s/iter; left time: 207.7932s
Epoch: 61 cost time: 6.108083724975586
Epoch: 61, Steps: 266 | Train Loss: 0.2048489 Vali Loss: 0.1559522 Test Loss: 0.2849337
EarlyStopping counter: 4 out of 20
Updating learning rate to 7.26908644247535e-05
	iters: 100, epoch: 62 | loss: 0.1784286
	speed: 0.0732s/iter; left time: 751.6863s
	iters: 200, epoch: 62 | loss: 0.2102262
	speed: 0.0229s/iter; left time: 233.0043s
Epoch: 62 cost time: 6.6267406940460205
Epoch: 62, Steps: 266 | Train Loss: 0.2047109 Vali Loss: 0.1551494 Test Loss: 0.2844387
EarlyStopping counter: 5 out of 20
Updating learning rate to 7.032795925896242e-05
	iters: 100, epoch: 63 | loss: 0.1548548
	speed: 0.0736s/iter; left time: 736.9516s
	iters: 200, epoch: 63 | loss: 0.2412724
	speed: 0.0216s/iter; left time: 214.2087s
Epoch: 63 cost time: 6.286084413528442
Epoch: 63, Steps: 266 | Train Loss: 0.2042987 Vali Loss: 0.1575283 Test Loss: 0.2905202
EarlyStopping counter: 6 out of 20
Updating learning rate to 6.790933711800776e-05
	iters: 100, epoch: 64 | loss: 0.1725533
	speed: 0.0685s/iter; left time: 666.9210s
	iters: 200, epoch: 64 | loss: 0.2193352
	speed: 0.0228s/iter; left time: 220.1853s
Epoch: 64 cost time: 6.828228950500488
Epoch: 64, Steps: 266 | Train Loss: 0.2041474 Vali Loss: 0.1548683 Test Loss: 0.2826759
EarlyStopping counter: 7 out of 20
Updating learning rate to 6.544162727706148e-05
	iters: 100, epoch: 65 | loss: 0.2523315
	speed: 0.0781s/iter; left time: 740.0318s
	iters: 200, epoch: 65 | loss: 0.2017850
	speed: 0.0268s/iter; left time: 251.5213s
Epoch: 65 cost time: 7.305571794509888
Epoch: 65, Steps: 266 | Train Loss: 0.2040338 Vali Loss: 0.1566914 Test Loss: 0.2871390
EarlyStopping counter: 8 out of 20
Updating learning rate to 6.293159355726925e-05
	iters: 100, epoch: 66 | loss: 0.1594903
	speed: 0.0789s/iter; left time: 727.0348s
	iters: 200, epoch: 66 | loss: 0.1803823
	speed: 0.0254s/iter; left time: 231.4148s
Epoch: 66 cost time: 7.366363048553467
Epoch: 66, Steps: 266 | Train Loss: 0.2040280 Vali Loss: 0.1580000 Test Loss: 0.2905577
EarlyStopping counter: 9 out of 20
Updating learning rate to 6.038611578658668e-05
	iters: 100, epoch: 67 | loss: 0.2787980
	speed: 0.0758s/iter; left time: 677.7596s
	iters: 200, epoch: 67 | loss: 0.1857343
	speed: 0.0237s/iter; left time: 209.6548s
Epoch: 67 cost time: 6.673374176025391
Epoch: 67, Steps: 266 | Train Loss: 0.2035717 Vali Loss: 0.1565946 Test Loss: 0.2852913
EarlyStopping counter: 10 out of 20
Updating learning rate to 5.7812170942649225e-05
	iters: 100, epoch: 68 | loss: 0.2447716
	speed: 0.0732s/iter; left time: 635.1240s
	iters: 200, epoch: 68 | loss: 0.2636706
	speed: 0.0255s/iter; left time: 218.8341s
Epoch: 68 cost time: 7.316082954406738
Epoch: 68, Steps: 266 | Train Loss: 0.2038226 Vali Loss: 0.1533560 Test Loss: 0.2769529
Validation loss decreased (0.154859 --> 0.153356).  Saving model ...
Updating learning rate to 5.521681402936143e-05
	iters: 100, epoch: 69 | loss: 0.1533554
	speed: 0.0800s/iter; left time: 672.7304s
	iters: 200, epoch: 69 | loss: 0.2283060
	speed: 0.0235s/iter; left time: 195.4892s
Epoch: 69 cost time: 7.074598073959351
Epoch: 69, Steps: 266 | Train Loss: 0.2035234 Vali Loss: 0.1583307 Test Loss: 0.2900117
EarlyStopping counter: 1 out of 20
Updating learning rate to 5.260715873962152e-05
	iters: 100, epoch: 70 | loss: 0.1770258
	speed: 0.0740s/iter; left time: 602.8661s
	iters: 200, epoch: 70 | loss: 0.1655748
	speed: 0.0236s/iter; left time: 190.0808s
Epoch: 70 cost time: 6.608237981796265
Epoch: 70, Steps: 266 | Train Loss: 0.2033159 Vali Loss: 0.1555093 Test Loss: 0.2816261
EarlyStopping counter: 2 out of 20
Updating learning rate to 4.999035795718381e-05
	iters: 100, epoch: 71 | loss: 0.2677534
	speed: 0.0729s/iter; left time: 574.1959s
	iters: 200, epoch: 71 | loss: 0.1868799
	speed: 0.0207s/iter; left time: 160.8670s
Epoch: 71 cost time: 6.4866414070129395
Epoch: 71, Steps: 266 | Train Loss: 0.2033327 Vali Loss: 0.1566214 Test Loss: 0.2850586
EarlyStopping counter: 3 out of 20
Updating learning rate to 4.737358415110133e-05
	iters: 100, epoch: 72 | loss: 0.1927747
	speed: 0.0747s/iter; left time: 568.7897s
	iters: 200, epoch: 72 | loss: 0.2046006
	speed: 0.0190s/iter; left time: 143.0161s
Epoch: 72 cost time: 5.963024377822876
Epoch: 72, Steps: 266 | Train Loss: 0.2030665 Vali Loss: 0.1543972 Test Loss: 0.2769919
EarlyStopping counter: 4 out of 20
Updating learning rate to 4.476400971648687e-05
	iters: 100, epoch: 73 | loss: 0.1692523
	speed: 0.0721s/iter; left time: 529.8181s
	iters: 200, epoch: 73 | loss: 0.1317747
	speed: 0.0239s/iter; left time: 173.0107s
Epoch: 73 cost time: 6.879185199737549
Epoch: 73, Steps: 266 | Train Loss: 0.2030664 Vali Loss: 0.1538012 Test Loss: 0.2759836
EarlyStopping counter: 5 out of 20
Updating learning rate to 4.2168787315476384e-05
	iters: 100, epoch: 74 | loss: 0.2015263
	speed: 0.0727s/iter; left time: 515.0246s
	iters: 200, epoch: 74 | loss: 0.1653432
	speed: 0.0214s/iter; left time: 149.4267s
Epoch: 74 cost time: 6.471558570861816
Epoch: 74, Steps: 266 | Train Loss: 0.2028576 Vali Loss: 0.1528361 Test Loss: 0.2723049
Validation loss decreased (0.153356 --> 0.152836).  Saving model ...
Updating learning rate to 3.959503027227936e-05
	iters: 100, epoch: 75 | loss: 0.2659054
	speed: 0.0765s/iter; left time: 521.6281s
	iters: 200, epoch: 75 | loss: 0.2648472
	speed: 0.0251s/iter; left time: 168.8042s
Epoch: 75 cost time: 6.938889265060425
Epoch: 75, Steps: 266 | Train Loss: 0.2027626 Vali Loss: 0.1558131 Test Loss: 0.2813786
EarlyStopping counter: 1 out of 20
Updating learning rate to 3.704979307605154e-05
	iters: 100, epoch: 76 | loss: 0.2476027
	speed: 0.0748s/iter; left time: 490.0929s
	iters: 200, epoch: 76 | loss: 0.2332624
	speed: 0.0232s/iter; left time: 149.4193s
Epoch: 76 cost time: 6.721557140350342
Epoch: 76, Steps: 266 | Train Loss: 0.2028860 Vali Loss: 0.1537275 Test Loss: 0.2752357
EarlyStopping counter: 2 out of 20
Updating learning rate to 3.454005204503052e-05
	iters: 100, epoch: 77 | loss: 0.2081373
	speed: 0.0714s/iter; left time: 448.4782s
	iters: 200, epoch: 77 | loss: 0.2183571
	speed: 0.0209s/iter; left time: 129.0074s
Epoch: 77 cost time: 6.328076601028442
Epoch: 77, Steps: 266 | Train Loss: 0.2027580 Vali Loss: 0.1539044 Test Loss: 0.2753572
EarlyStopping counter: 3 out of 20
Updating learning rate to 3.207268620493234e-05
	iters: 100, epoch: 78 | loss: 0.2112831
	speed: 0.0769s/iter; left time: 462.7855s
	iters: 200, epoch: 78 | loss: 0.1425959
	speed: 0.0192s/iter; left time: 113.6403s
Epoch: 78 cost time: 6.184129953384399
Epoch: 78, Steps: 266 | Train Loss: 0.2028042 Vali Loss: 0.1561435 Test Loss: 0.2814395
EarlyStopping counter: 4 out of 20
Updating learning rate to 2.965445843402027e-05
	iters: 100, epoch: 79 | loss: 0.3187320
	speed: 0.0779s/iter; left time: 448.3345s
	iters: 200, epoch: 79 | loss: 0.1853838
	speed: 0.0268s/iter; left time: 151.3843s
Epoch: 79 cost time: 7.700091123580933
Epoch: 79, Steps: 266 | Train Loss: 0.2027267 Vali Loss: 0.1563479 Test Loss: 0.2832141
EarlyStopping counter: 5 out of 20
Updating learning rate to 2.729199692652537e-05
	iters: 100, epoch: 80 | loss: 0.1406201
	speed: 0.0773s/iter; left time: 424.1130s
	iters: 200, epoch: 80 | loss: 0.2125980
	speed: 0.0209s/iter; left time: 112.6173s
Epoch: 80 cost time: 6.276505470275879
Epoch: 80, Steps: 266 | Train Loss: 0.2025808 Vali Loss: 0.1539171 Test Loss: 0.2750038
EarlyStopping counter: 6 out of 20
Updating learning rate to 2.4991777025227013e-05
	iters: 100, epoch: 81 | loss: 0.2142328
	speed: 0.0713s/iter; left time: 372.3175s
	iters: 200, epoch: 81 | loss: 0.1905978
	speed: 0.0248s/iter; left time: 126.9782s
Epoch: 81 cost time: 6.8567328453063965
Epoch: 81, Steps: 266 | Train Loss: 0.2026083 Vali Loss: 0.1557627 Test Loss: 0.2812394
EarlyStopping counter: 7 out of 20
Updating learning rate to 2.2760103472988355e-05
	iters: 100, epoch: 82 | loss: 0.2461105
	speed: 0.0733s/iter; left time: 363.1938s
	iters: 200, epoch: 82 | loss: 0.1807409
	speed: 0.0190s/iter; left time: 92.4114s
Epoch: 82 cost time: 5.865180730819702
Epoch: 82, Steps: 266 | Train Loss: 0.2022745 Vali Loss: 0.1553540 Test Loss: 0.2795553
EarlyStopping counter: 8 out of 20
Updating learning rate to 2.0603093131894333e-05
	iters: 100, epoch: 83 | loss: 0.1560412
	speed: 0.0725s/iter; left time: 339.7451s
	iters: 200, epoch: 83 | loss: 0.2622043
	speed: 0.0251s/iter; left time: 115.3238s
Epoch: 83 cost time: 7.264637231826782
Epoch: 83, Steps: 266 | Train Loss: 0.2025189 Vali Loss: 0.1548754 Test Loss: 0.2780617
EarlyStopping counter: 9 out of 20
Updating learning rate to 1.852665821735796e-05
	iters: 100, epoch: 84 | loss: 0.1663768
	speed: 0.0751s/iter; left time: 332.1537s
	iters: 200, epoch: 84 | loss: 0.1995886
	speed: 0.0205s/iter; left time: 88.4788s
Epoch: 84 cost time: 5.917367935180664
Epoch: 84, Steps: 266 | Train Loss: 0.2025377 Vali Loss: 0.1567375 Test Loss: 0.2836286
EarlyStopping counter: 10 out of 20
Updating learning rate to 1.653649009314874e-05
	iters: 100, epoch: 85 | loss: 0.2163557
	speed: 0.0707s/iter; left time: 293.9901s
	iters: 200, epoch: 85 | loss: 0.2217122
	speed: 0.0202s/iter; left time: 81.9408s
Epoch: 85 cost time: 6.246531248092651
Epoch: 85, Steps: 266 | Train Loss: 0.2023232 Vali Loss: 0.1543318 Test Loss: 0.2763284
EarlyStopping counter: 11 out of 20
Updating learning rate to 1.4638043671760242e-05
	iters: 100, epoch: 86 | loss: 0.2424923
	speed: 0.0746s/iter; left time: 290.3585s
	iters: 200, epoch: 86 | loss: 0.2461597
	speed: 0.0210s/iter; left time: 79.7686s
Epoch: 86 cost time: 6.403622627258301
Epoch: 86, Steps: 266 | Train Loss: 0.2023099 Vali Loss: 0.1532705 Test Loss: 0.2730410
EarlyStopping counter: 12 out of 20
Updating learning rate to 1.2836522462874087e-05
	iters: 100, epoch: 87 | loss: 0.2658305
	speed: 0.0732s/iter; left time: 265.4923s
	iters: 200, epoch: 87 | loss: 0.1870058
	speed: 0.0222s/iter; left time: 78.0791s
Epoch: 87 cost time: 6.555219411849976
Epoch: 87, Steps: 266 | Train Loss: 0.2023850 Vali Loss: 0.1560611 Test Loss: 0.2809656
EarlyStopping counter: 13 out of 20
Updating learning rate to 1.1136864310901654e-05
	iters: 100, epoch: 88 | loss: 0.2000052
	speed: 0.0689s/iter; left time: 231.4748s
	iters: 200, epoch: 88 | loss: 0.1893994
	speed: 0.0191s/iter; left time: 62.3932s
Epoch: 88 cost time: 5.687349557876587
Epoch: 88, Steps: 266 | Train Loss: 0.2023415 Vali Loss: 0.1561529 Test Loss: 0.2814964
EarlyStopping counter: 14 out of 20
Updating learning rate to 9.543727860695686e-06
	iters: 100, epoch: 89 | loss: 0.1838147
	speed: 0.0765s/iter; left time: 236.5271s
	iters: 200, epoch: 89 | loss: 0.3215560
	speed: 0.0280s/iter; left time: 83.6635s
Epoch: 89 cost time: 8.002718687057495
Epoch: 89, Steps: 266 | Train Loss: 0.2021420 Vali Loss: 0.1555285 Test Loss: 0.2799957
EarlyStopping counter: 15 out of 20
Updating learning rate to 8.061479788528676e-06
	iters: 100, epoch: 90 | loss: 0.2631333
	speed: 0.0836s/iter; left time: 236.3681s
	iters: 200, epoch: 90 | loss: 0.1578282
	speed: 0.0268s/iter; left time: 73.1003s
Epoch: 90 cost time: 7.692795038223267
Epoch: 90, Steps: 266 | Train Loss: 0.2020798 Vali Loss: 0.1550946 Test Loss: 0.2786414
EarlyStopping counter: 16 out of 20
Updating learning rate to 6.694182833336585e-06
	iters: 100, epoch: 91 | loss: 0.1604509
	speed: 0.0768s/iter; left time: 196.5714s
	iters: 200, epoch: 91 | loss: 0.1878168
	speed: 0.0241s/iter; left time: 59.4149s
Epoch: 91 cost time: 6.91479229927063
Epoch: 91, Steps: 266 | Train Loss: 0.2022566 Vali Loss: 0.1553107 Test Loss: 0.2790573
EarlyStopping counter: 17 out of 20
Updating learning rate to 5.445584661033984e-06
	iters: 100, epoch: 92 | loss: 0.1856430
	speed: 0.0747s/iter; left time: 171.3704s
	iters: 200, epoch: 92 | loss: 0.1430660
	speed: 0.0245s/iter; left time: 53.8319s
Epoch: 92 cost time: 7.239804744720459
Epoch: 92, Steps: 266 | Train Loss: 0.2023806 Vali Loss: 0.1553101 Test Loss: 0.2792915
EarlyStopping counter: 18 out of 20
Updating learning rate to 4.319107592422141e-06
	iters: 100, epoch: 93 | loss: 0.1942979
	speed: 0.0822s/iter; left time: 166.7972s
	iters: 200, epoch: 93 | loss: 0.1685917
	speed: 0.0262s/iter; left time: 50.5374s
Epoch: 93 cost time: 7.755122423171997
Epoch: 93, Steps: 266 | Train Loss: 0.2023232 Vali Loss: 0.1551027 Test Loss: 0.2788821
EarlyStopping counter: 19 out of 20
Updating learning rate to 3.317839222845672e-06
	iters: 100, epoch: 94 | loss: 0.1699891
	speed: 0.0796s/iter; left time: 140.3456s
	iters: 200, epoch: 94 | loss: 0.2298614
	speed: 0.0253s/iter; left time: 42.0438s
Epoch: 94 cost time: 7.341469049453735
Epoch: 94, Steps: 266 | Train Loss: 0.2024271 Vali Loss: 0.1554131 Test Loss: 0.2794678
EarlyStopping counter: 20 out of 20
Early stopping
>>>>>>>testing : 336_96_VanDerPol_ETTm2_ftM_sl336_ll48_pl96_dm128_nh16_el3_dl1_df256_fc1_ebtimeF_dtTrue_Exp_0<<<<<<<<<<<<<<<<<<<<<<<<<<<<<<<<<
test 11425
mse:0.2723044157028198, mae:0.3824441432952881, rse:0.422739714384079
