Args in experiment:
Namespace(W=0.1, activation='gelu', affine=0, alpha1=0.1, alpha2=0.1, alpha3=0.1, batch_size=128, c_out=7, checkpoints='./checkpoints/', d_ff=256, d_layers=1, d_model=128, data='custom', data_path='weather.csv', dec_in=7, decomposition=0, des='Exp', devices='0,1,2,3', distil=True, do_predict=False, dropout=0.2, e_layers=3, embed='timeF', embed_type=0, enc_in=21, factor=1, fc_dropout=0.2, features='M', freq='h', gpu=0, head_dropout=0.0, individual=0, is_training=1, itr=1, kernel_size=25, label_len=48, learning_rate=0.0001, loss='mse', lradj='type3', model='VanDerPol', model_id='336_96', moving_avg=25, n_heads=16, num_workers=10, output_attention=False, padding_patch='end', patch_len=16, patience=20, pct_start=0.3, pred_len=96, random_seed=2021, revin=1, root_path='./dataset/', seq_len=336, stride=8, subtract_last=0, target='OT', test_flop=False, train_epochs=100, use_amp=False, use_gpu=True, use_multi_gpu=False)
Use GPU: cuda:0
>>>>>>>start training : 336_96_VanDerPol_custom_ftM_sl336_ll48_pl96_dm128_nh16_el3_dl1_df256_fc1_ebtimeF_dtTrue_Exp_0>>>>>>>>>>>>>>>>>>>>>>>>>>
train 36456
val 5175
test 10444
	iters: 100, epoch: 1 | loss: 1.2482815
	speed: 0.0411s/iter; left time: 1162.3504s
	iters: 200, epoch: 1 | loss: 1.1180595
	speed: 0.0359s/iter; left time: 1011.3420s
Epoch: 1 cost time: 10.670496702194214
Epoch: 1, Steps: 284 | Train Loss: 1.0653327 Vali Loss: 0.8360001 Test Loss: 0.6651020
Validation loss decreased (inf --> 0.836000).  Saving model ...
Updating learning rate to 0.0001
	iters: 100, epoch: 2 | loss: 0.8192558
	speed: 0.0964s/iter; left time: 2700.3771s
	iters: 200, epoch: 2 | loss: 0.6976296
	speed: 0.0456s/iter; left time: 1272.8105s
Epoch: 2 cost time: 12.823681354522705
Epoch: 2, Steps: 284 | Train Loss: 0.8647888 Vali Loss: 0.6342641 Test Loss: 0.3347324
Validation loss decreased (0.836000 --> 0.634264).  Saving model ...
Updating learning rate to 0.0001
	iters: 100, epoch: 3 | loss: 0.5679275
	speed: 0.1256s/iter; left time: 3484.4741s
	iters: 200, epoch: 3 | loss: 0.5272059
	speed: 0.0440s/iter; left time: 1217.1166s
Epoch: 3 cost time: 13.381218910217285
Epoch: 3, Steps: 284 | Train Loss: 0.5982989 Vali Loss: 0.5213738 Test Loss: 0.2519192
Validation loss decreased (0.634264 --> 0.521374).  Saving model ...
Updating learning rate to 0.0001
	iters: 100, epoch: 4 | loss: 0.3951629
	speed: 0.1243s/iter; left time: 3411.9815s
	iters: 200, epoch: 4 | loss: 0.4616106
	speed: 0.0482s/iter; left time: 1318.2995s
Epoch: 4 cost time: 14.02210521697998
Epoch: 4, Steps: 284 | Train Loss: 0.5171343 Vali Loss: 0.4733332 Test Loss: 0.2214365
Validation loss decreased (0.521374 --> 0.473333).  Saving model ...
Updating learning rate to 9e-05
	iters: 100, epoch: 5 | loss: 0.5663980
	speed: 0.1282s/iter; left time: 3481.4305s
	iters: 200, epoch: 5 | loss: 0.3680186
	speed: 0.0482s/iter; left time: 1303.4740s
Epoch: 5 cost time: 14.185500621795654
Epoch: 5, Steps: 284 | Train Loss: 0.4809178 Vali Loss: 0.4477656 Test Loss: 0.2050349
Validation loss decreased (0.473333 --> 0.447766).  Saving model ...
Updating learning rate to 8.1e-05
	iters: 100, epoch: 6 | loss: 0.3244194
	speed: 0.1200s/iter; left time: 3224.5237s
	iters: 200, epoch: 6 | loss: 0.4102303
	speed: 0.0475s/iter; left time: 1270.7822s
Epoch: 6 cost time: 13.079228639602661
Epoch: 6, Steps: 284 | Train Loss: 0.4624463 Vali Loss: 0.4347881 Test Loss: 0.1952444
Validation loss decreased (0.447766 --> 0.434788).  Saving model ...
Updating learning rate to 7.290000000000001e-05
	iters: 100, epoch: 7 | loss: 0.5968518
	speed: 0.1221s/iter; left time: 3247.2855s
	iters: 200, epoch: 7 | loss: 0.6478271
	speed: 0.0470s/iter; left time: 1244.4595s
Epoch: 7 cost time: 13.492271423339844
Epoch: 7, Steps: 284 | Train Loss: 0.4502697 Vali Loss: 0.4264102 Test Loss: 0.1889971
Validation loss decreased (0.434788 --> 0.426410).  Saving model ...
Updating learning rate to 6.561e-05
	iters: 100, epoch: 8 | loss: 0.3845710
	speed: 0.1296s/iter; left time: 3409.0319s
	iters: 200, epoch: 8 | loss: 0.5755202
	speed: 0.0470s/iter; left time: 1232.5258s
Epoch: 8 cost time: 14.140944957733154
Epoch: 8, Steps: 284 | Train Loss: 0.4417747 Vali Loss: 0.4214770 Test Loss: 0.1844230
Validation loss decreased (0.426410 --> 0.421477).  Saving model ...
Updating learning rate to 5.904900000000001e-05
	iters: 100, epoch: 9 | loss: 0.5484702
	speed: 0.1217s/iter; left time: 3166.8578s
	iters: 200, epoch: 9 | loss: 0.7412199
	speed: 0.0440s/iter; left time: 1140.7976s
Epoch: 9 cost time: 13.184536457061768
Epoch: 9, Steps: 284 | Train Loss: 0.4370933 Vali Loss: 0.4172941 Test Loss: 0.1818923
Validation loss decreased (0.421477 --> 0.417294).  Saving model ...
Updating learning rate to 5.3144100000000005e-05
	iters: 100, epoch: 10 | loss: 0.5781485
	speed: 0.1229s/iter; left time: 3164.2650s
	iters: 200, epoch: 10 | loss: 0.6286033
	speed: 0.0499s/iter; left time: 1278.7456s
Epoch: 10 cost time: 13.950026273727417
Epoch: 10, Steps: 284 | Train Loss: 0.4343904 Vali Loss: 0.4139275 Test Loss: 0.1796698
Validation loss decreased (0.417294 --> 0.413927).  Saving model ...
Updating learning rate to 4.782969000000001e-05
	iters: 100, epoch: 11 | loss: 0.3367667
	speed: 0.1198s/iter; left time: 3051.2379s
	iters: 200, epoch: 11 | loss: 0.3583640
	speed: 0.0358s/iter; left time: 906.6981s
Epoch: 11 cost time: 12.431066751480103
Epoch: 11, Steps: 284 | Train Loss: 0.4318664 Vali Loss: 0.4124952 Test Loss: 0.1777293
Validation loss decreased (0.413927 --> 0.412495).  Saving model ...
Updating learning rate to 4.304672100000001e-05
	iters: 100, epoch: 12 | loss: 0.4684997
	speed: 0.1276s/iter; left time: 3212.1047s
	iters: 200, epoch: 12 | loss: 0.3468084
	speed: 0.0477s/iter; left time: 1197.4041s
Epoch: 12 cost time: 13.683858871459961
Epoch: 12, Steps: 284 | Train Loss: 0.4297337 Vali Loss: 0.4108422 Test Loss: 0.1766621
Validation loss decreased (0.412495 --> 0.410842).  Saving model ...
Updating learning rate to 3.874204890000001e-05
	iters: 100, epoch: 13 | loss: 0.3193199
	speed: 0.1293s/iter; left time: 3219.3170s
	iters: 200, epoch: 13 | loss: 0.3272282
	speed: 0.0495s/iter; left time: 1226.0928s
Epoch: 13 cost time: 14.327368974685669
Epoch: 13, Steps: 284 | Train Loss: 0.4283699 Vali Loss: 0.4118114 Test Loss: 0.1758126
EarlyStopping counter: 1 out of 20
Updating learning rate to 3.486784401000001e-05
	iters: 100, epoch: 14 | loss: 0.3109207
	speed: 0.1295s/iter; left time: 3187.4108s
	iters: 200, epoch: 14 | loss: 0.3513013
	speed: 0.0471s/iter; left time: 1154.1766s
Epoch: 14 cost time: 14.243148565292358
Epoch: 14, Steps: 284 | Train Loss: 0.4261834 Vali Loss: 0.4112015 Test Loss: 0.1750501
EarlyStopping counter: 2 out of 20
Updating learning rate to 3.138105960900001e-05
	iters: 100, epoch: 15 | loss: 0.4002775
	speed: 0.1288s/iter; left time: 3133.2411s
	iters: 200, epoch: 15 | loss: 0.5300936
	speed: 0.0478s/iter; left time: 1158.2069s
Epoch: 15 cost time: 13.472422122955322
Epoch: 15, Steps: 284 | Train Loss: 0.4252852 Vali Loss: 0.4081495 Test Loss: 0.1743029
Validation loss decreased (0.410842 --> 0.408150).  Saving model ...
Updating learning rate to 2.824295364810001e-05
	iters: 100, epoch: 16 | loss: 0.4068208
	speed: 0.1206s/iter; left time: 2899.1734s
	iters: 200, epoch: 16 | loss: 0.3139916
	speed: 0.0446s/iter; left time: 1068.4489s
Epoch: 16 cost time: 13.40170693397522
Epoch: 16, Steps: 284 | Train Loss: 0.4255805 Vali Loss: 0.4079340 Test Loss: 0.1736591
Validation loss decreased (0.408150 --> 0.407934).  Saving model ...
Updating learning rate to 2.541865828329001e-05
	iters: 100, epoch: 17 | loss: 0.5782621
	speed: 0.1270s/iter; left time: 3016.2215s
	iters: 200, epoch: 17 | loss: 0.3356376
	speed: 0.0453s/iter; left time: 1072.7449s
Epoch: 17 cost time: 13.590171813964844
Epoch: 17, Steps: 284 | Train Loss: 0.4236866 Vali Loss: 0.4053517 Test Loss: 0.1731543
Validation loss decreased (0.407934 --> 0.405352).  Saving model ...
Updating learning rate to 2.287679245496101e-05
	iters: 100, epoch: 18 | loss: 0.4110205
	speed: 0.1224s/iter; left time: 2873.4936s
	iters: 200, epoch: 18 | loss: 0.5745404
	speed: 0.0497s/iter; left time: 1161.4939s
Epoch: 18 cost time: 13.893036603927612
Epoch: 18, Steps: 284 | Train Loss: 0.4232389 Vali Loss: 0.4041617 Test Loss: 0.1729162
Validation loss decreased (0.405352 --> 0.404162).  Saving model ...
Updating learning rate to 2.0589113209464907e-05
	iters: 100, epoch: 19 | loss: 0.5541524
	speed: 0.1280s/iter; left time: 2967.9164s
	iters: 200, epoch: 19 | loss: 0.3374855
	speed: 0.0408s/iter; left time: 942.6868s
Epoch: 19 cost time: 12.726842880249023
Epoch: 19, Steps: 284 | Train Loss: 0.4234593 Vali Loss: 0.4054204 Test Loss: 0.1724949
EarlyStopping counter: 1 out of 20
Updating learning rate to 1.8530201888518416e-05
	iters: 100, epoch: 20 | loss: 0.4333451
	speed: 0.1220s/iter; left time: 2793.6944s
	iters: 200, epoch: 20 | loss: 0.5109038
	speed: 0.0477s/iter; left time: 1087.8430s
Epoch: 20 cost time: 13.696019887924194
Epoch: 20, Steps: 284 | Train Loss: 0.4228872 Vali Loss: 0.4071333 Test Loss: 0.1721138
EarlyStopping counter: 2 out of 20
Updating learning rate to 1.6677181699666577e-05
	iters: 100, epoch: 21 | loss: 0.7567250
	speed: 0.1234s/iter; left time: 2791.3807s
	iters: 200, epoch: 21 | loss: 0.3038206
	speed: 0.0514s/iter; left time: 1157.8804s
Epoch: 21 cost time: 14.333454847335815
Epoch: 21, Steps: 284 | Train Loss: 0.4230646 Vali Loss: 0.4050416 Test Loss: 0.1718456
EarlyStopping counter: 3 out of 20
Updating learning rate to 1.5009463529699919e-05
	iters: 100, epoch: 22 | loss: 0.3463089
	speed: 0.1256s/iter; left time: 2805.0255s
	iters: 200, epoch: 22 | loss: 0.3724417
	speed: 0.0509s/iter; left time: 1132.5671s
Epoch: 22 cost time: 14.234333038330078
Epoch: 22, Steps: 284 | Train Loss: 0.4225348 Vali Loss: 0.4047288 Test Loss: 0.1716867
EarlyStopping counter: 4 out of 20
Updating learning rate to 1.3508517176729929e-05
	iters: 100, epoch: 23 | loss: 0.4458684
	speed: 0.1273s/iter; left time: 2808.0871s
	iters: 200, epoch: 23 | loss: 0.3256745
	speed: 0.0520s/iter; left time: 1141.6193s
Epoch: 23 cost time: 14.037473440170288
Epoch: 23, Steps: 284 | Train Loss: 0.4223148 Vali Loss: 0.4046513 Test Loss: 0.1714702
EarlyStopping counter: 5 out of 20
Updating learning rate to 1.2157665459056936e-05
	iters: 100, epoch: 24 | loss: 0.3224530
	speed: 0.1219s/iter; left time: 2654.0277s
	iters: 200, epoch: 24 | loss: 0.3524511
	speed: 0.0513s/iter; left time: 1112.1251s
Epoch: 24 cost time: 14.646867752075195
Epoch: 24, Steps: 284 | Train Loss: 0.4203046 Vali Loss: 0.4032391 Test Loss: 0.1713915
Validation loss decreased (0.404162 --> 0.403239).  Saving model ...
Updating learning rate to 1.0941898913151242e-05
	iters: 100, epoch: 25 | loss: 0.3509775
	speed: 0.1297s/iter; left time: 2787.4046s
	iters: 200, epoch: 25 | loss: 0.3969139
	speed: 0.0496s/iter; left time: 1060.0654s
Epoch: 25 cost time: 14.596936225891113
Epoch: 25, Steps: 284 | Train Loss: 0.4211460 Vali Loss: 0.4008054 Test Loss: 0.1711396
Validation loss decreased (0.403239 --> 0.400805).  Saving model ...
Updating learning rate to 9.847709021836118e-06
	iters: 100, epoch: 26 | loss: 0.3598498
	speed: 0.1277s/iter; left time: 2707.7539s
	iters: 200, epoch: 26 | loss: 0.2908276
	speed: 0.0462s/iter; left time: 974.1428s
Epoch: 26 cost time: 14.030924081802368
Epoch: 26, Steps: 284 | Train Loss: 0.4216235 Vali Loss: 0.4029303 Test Loss: 0.1709590
EarlyStopping counter: 1 out of 20
Updating learning rate to 8.862938119652508e-06
	iters: 100, epoch: 27 | loss: 0.8228080
	speed: 0.1249s/iter; left time: 2612.3285s
	iters: 200, epoch: 27 | loss: 0.3108757
	speed: 0.0520s/iter; left time: 1082.3682s
Epoch: 27 cost time: 14.222728252410889
Epoch: 27, Steps: 284 | Train Loss: 0.4200948 Vali Loss: 0.4046219 Test Loss: 0.1709056
EarlyStopping counter: 2 out of 20
Updating learning rate to 7.976644307687255e-06
	iters: 100, epoch: 28 | loss: 0.6912956
	speed: 0.1316s/iter; left time: 2715.8168s
	iters: 200, epoch: 28 | loss: 0.3707107
	speed: 0.0564s/iter; left time: 1158.0561s
Epoch: 28 cost time: 15.580177545547485
Epoch: 28, Steps: 284 | Train Loss: 0.4209698 Vali Loss: 0.4025150 Test Loss: 0.1707853
EarlyStopping counter: 3 out of 20
Updating learning rate to 7.178979876918531e-06
	iters: 100, epoch: 29 | loss: 0.4367419
	speed: 0.1238s/iter; left time: 2519.9318s
	iters: 200, epoch: 29 | loss: 0.3022871
	speed: 0.0450s/iter; left time: 912.0777s
Epoch: 29 cost time: 14.24303913116455
Epoch: 29, Steps: 284 | Train Loss: 0.4212922 Vali Loss: 0.4016486 Test Loss: 0.1706717
EarlyStopping counter: 4 out of 20
Updating learning rate to 6.4610818892266776e-06
	iters: 100, epoch: 30 | loss: 0.3090906
	speed: 0.1360s/iter; left time: 2728.8842s
	iters: 200, epoch: 30 | loss: 0.2753605
	speed: 0.0506s/iter; left time: 1010.9364s
Epoch: 30 cost time: 14.598456859588623
Epoch: 30, Steps: 284 | Train Loss: 0.4204002 Vali Loss: 0.4044400 Test Loss: 0.1706722
EarlyStopping counter: 5 out of 20
Updating learning rate to 5.8149737003040096e-06
	iters: 100, epoch: 31 | loss: 0.2798949
	speed: 0.1201s/iter; left time: 2376.2727s
	iters: 200, epoch: 31 | loss: 0.3226250
	speed: 0.0532s/iter; left time: 1047.9063s
Epoch: 31 cost time: 13.630545377731323
Epoch: 31, Steps: 284 | Train Loss: 0.4210559 Vali Loss: 0.4049280 Test Loss: 0.1705344
EarlyStopping counter: 6 out of 20
Updating learning rate to 5.23347633027361e-06
	iters: 100, epoch: 32 | loss: 0.4462896
	speed: 0.1223s/iter; left time: 2384.0201s
	iters: 200, epoch: 32 | loss: 0.2982389
	speed: 0.0490s/iter; left time: 949.4844s
Epoch: 32 cost time: 14.254759788513184
Epoch: 32, Steps: 284 | Train Loss: 0.4204906 Vali Loss: 0.4045991 Test Loss: 0.1705104
EarlyStopping counter: 7 out of 20
Updating learning rate to 4.710128697246249e-06
	iters: 100, epoch: 33 | loss: 0.3238873
	speed: 0.1290s/iter; left time: 2478.1019s
	iters: 200, epoch: 33 | loss: 0.3558522
	speed: 0.0498s/iter; left time: 952.3785s
Epoch: 33 cost time: 14.034723043441772
Epoch: 33, Steps: 284 | Train Loss: 0.4208038 Vali Loss: 0.4031528 Test Loss: 0.1704459
EarlyStopping counter: 8 out of 20
Updating learning rate to 4.239115827521624e-06
	iters: 100, epoch: 34 | loss: 0.4494334
	speed: 0.1257s/iter; left time: 2378.5730s
	iters: 200, epoch: 34 | loss: 0.3748947
	speed: 0.0493s/iter; left time: 928.9831s
Epoch: 34 cost time: 14.150925397872925
Epoch: 34, Steps: 284 | Train Loss: 0.4191635 Vali Loss: 0.4039059 Test Loss: 0.1703541
EarlyStopping counter: 9 out of 20
Updating learning rate to 3.815204244769462e-06
	iters: 100, epoch: 35 | loss: 0.5488552
	speed: 0.1203s/iter; left time: 2242.7738s
	iters: 200, epoch: 35 | loss: 0.3295043
	speed: 0.0512s/iter; left time: 948.7076s
Epoch: 35 cost time: 14.055092334747314
Epoch: 35, Steps: 284 | Train Loss: 0.4195893 Vali Loss: 0.4042172 Test Loss: 0.1703539
EarlyStopping counter: 10 out of 20
Updating learning rate to 3.4336838202925152e-06
	iters: 100, epoch: 36 | loss: 0.3702047
	speed: 0.1230s/iter; left time: 2258.4034s
	iters: 200, epoch: 36 | loss: 0.3160386
	speed: 0.0492s/iter; left time: 898.4011s
Epoch: 36 cost time: 13.550096035003662
Epoch: 36, Steps: 284 | Train Loss: 0.4200671 Vali Loss: 0.4035806 Test Loss: 0.1702476
EarlyStopping counter: 11 out of 20
Updating learning rate to 3.090315438263264e-06
	iters: 100, epoch: 37 | loss: 0.3797572
	speed: 0.1256s/iter; left time: 2270.7003s
	iters: 200, epoch: 37 | loss: 0.3896706
	speed: 0.0533s/iter; left time: 958.8825s
Epoch: 37 cost time: 14.650457859039307
Epoch: 37, Steps: 284 | Train Loss: 0.4205724 Vali Loss: 0.4031955 Test Loss: 0.1702154
EarlyStopping counter: 12 out of 20
Updating learning rate to 2.7812838944369375e-06
	iters: 100, epoch: 38 | loss: 0.5232432
	speed: 0.1247s/iter; left time: 2219.6428s
	iters: 200, epoch: 38 | loss: 0.3292606
	speed: 0.0556s/iter; left time: 983.8705s
Epoch: 38 cost time: 14.418259143829346
Epoch: 38, Steps: 284 | Train Loss: 0.4197756 Vali Loss: 0.4016151 Test Loss: 0.1701820
EarlyStopping counter: 13 out of 20
Updating learning rate to 2.503155504993244e-06
	iters: 100, epoch: 39 | loss: 0.3571872
	speed: 0.1198s/iter; left time: 2096.8187s
	iters: 200, epoch: 39 | loss: 0.3747478
	speed: 0.0474s/iter; left time: 824.9724s
Epoch: 39 cost time: 13.491544485092163
Epoch: 39, Steps: 284 | Train Loss: 0.4196624 Vali Loss: 0.4031525 Test Loss: 0.1701658
EarlyStopping counter: 14 out of 20
Updating learning rate to 2.2528399544939195e-06
	iters: 100, epoch: 40 | loss: 0.3500425
	speed: 0.1242s/iter; left time: 2139.9637s
	iters: 200, epoch: 40 | loss: 0.4262018
	speed: 0.0550s/iter; left time: 941.2170s
Epoch: 40 cost time: 14.372843742370605
Epoch: 40, Steps: 284 | Train Loss: 0.4204619 Vali Loss: 0.4012727 Test Loss: 0.1701370
EarlyStopping counter: 15 out of 20
Updating learning rate to 2.0275559590445276e-06
	iters: 100, epoch: 41 | loss: 0.2900636
	speed: 0.1209s/iter; left time: 2048.7056s
	iters: 200, epoch: 41 | loss: 0.3614978
	speed: 0.0476s/iter; left time: 802.3825s
Epoch: 41 cost time: 13.842789888381958
Epoch: 41, Steps: 284 | Train Loss: 0.4202286 Vali Loss: 0.4025328 Test Loss: 0.1701066
EarlyStopping counter: 16 out of 20
Updating learning rate to 1.8248003631400751e-06
	iters: 100, epoch: 42 | loss: 0.3601912
	speed: 0.1261s/iter; left time: 2101.1164s
	iters: 200, epoch: 42 | loss: 0.3538201
	speed: 0.0502s/iter; left time: 831.1049s
Epoch: 42 cost time: 14.42380142211914
Epoch: 42, Steps: 284 | Train Loss: 0.4203703 Vali Loss: 0.4029059 Test Loss: 0.1700940
EarlyStopping counter: 17 out of 20
Updating learning rate to 1.6423203268260676e-06
	iters: 100, epoch: 43 | loss: 0.3197051
	speed: 0.1253s/iter; left time: 2052.1170s
	iters: 200, epoch: 43 | loss: 0.6346095
	speed: 0.0533s/iter; left time: 866.8952s
Epoch: 43 cost time: 14.171756267547607
Epoch: 43, Steps: 284 | Train Loss: 0.4200593 Vali Loss: 0.4007941 Test Loss: 0.1700761
Validation loss decreased (0.400805 --> 0.400794).  Saving model ...
Updating learning rate to 1.4780882941434609e-06
	iters: 100, epoch: 44 | loss: 0.4209841
	speed: 0.1222s/iter; left time: 1966.6609s
	iters: 200, epoch: 44 | loss: 0.9279320
	speed: 0.0500s/iter; left time: 799.6106s
Epoch: 44 cost time: 13.42228627204895
Epoch: 44, Steps: 284 | Train Loss: 0.4193733 Vali Loss: 0.4001723 Test Loss: 0.1700591
Validation loss decreased (0.400794 --> 0.400172).  Saving model ...
Updating learning rate to 1.3302794647291146e-06
	iters: 100, epoch: 45 | loss: 0.5298272
	speed: 0.1164s/iter; left time: 1839.4949s
	iters: 200, epoch: 45 | loss: 0.7716669
	speed: 0.0435s/iter; left time: 682.3874s
Epoch: 45 cost time: 13.366456747055054
Epoch: 45, Steps: 284 | Train Loss: 0.4202811 Vali Loss: 0.4026449 Test Loss: 0.1700245
EarlyStopping counter: 1 out of 20
Updating learning rate to 1.1972515182562034e-06
	iters: 100, epoch: 46 | loss: 0.3511922
	speed: 0.1328s/iter; left time: 2060.5977s
	iters: 200, epoch: 46 | loss: 0.5148724
	speed: 0.0533s/iter; left time: 821.4596s
Epoch: 46 cost time: 15.011506795883179
Epoch: 46, Steps: 284 | Train Loss: 0.4203898 Vali Loss: 0.4036609 Test Loss: 0.1700211
EarlyStopping counter: 2 out of 20
Updating learning rate to 1.077526366430583e-06
	iters: 100, epoch: 47 | loss: 0.3199871
	speed: 0.1249s/iter; left time: 1902.9672s
	iters: 200, epoch: 47 | loss: 0.6467551
	speed: 0.0483s/iter; left time: 731.8527s
Epoch: 47 cost time: 13.285967588424683
Epoch: 47, Steps: 284 | Train Loss: 0.4201843 Vali Loss: 0.4027847 Test Loss: 0.1700145
EarlyStopping counter: 3 out of 20
Updating learning rate to 9.697737297875248e-07
	iters: 100, epoch: 48 | loss: 0.5067889
	speed: 0.1264s/iter; left time: 1890.6369s
	iters: 200, epoch: 48 | loss: 0.6851376
	speed: 0.0499s/iter; left time: 741.4460s
Epoch: 48 cost time: 14.790804147720337
Epoch: 48, Steps: 284 | Train Loss: 0.4203158 Vali Loss: 0.4024569 Test Loss: 0.1700035
EarlyStopping counter: 4 out of 20
Updating learning rate to 8.727963568087723e-07
	iters: 100, epoch: 49 | loss: 0.3312936
	speed: 0.1215s/iter; left time: 1782.1451s
	iters: 200, epoch: 49 | loss: 0.3579918
	speed: 0.0536s/iter; left time: 780.8837s
Epoch: 49 cost time: 13.832062005996704
Epoch: 49, Steps: 284 | Train Loss: 0.4202459 Vali Loss: 0.4026380 Test Loss: 0.1699937
EarlyStopping counter: 5 out of 20
Updating learning rate to 7.855167211278951e-07
	iters: 100, epoch: 50 | loss: 0.4368383
	speed: 0.1192s/iter; left time: 1714.2794s
	iters: 200, epoch: 50 | loss: 0.6350999
	speed: 0.0410s/iter; left time: 585.5239s
Epoch: 50 cost time: 12.446268081665039
Epoch: 50, Steps: 284 | Train Loss: 0.4201439 Vali Loss: 0.4031216 Test Loss: 0.1699874
EarlyStopping counter: 6 out of 20
Updating learning rate to 7.069650490151056e-07
	iters: 100, epoch: 51 | loss: 0.3325047
	speed: 0.1217s/iter; left time: 1716.1695s
	iters: 200, epoch: 51 | loss: 0.3213181
	speed: 0.0486s/iter; left time: 680.4446s
Epoch: 51 cost time: 14.374274015426636
Epoch: 51, Steps: 284 | Train Loss: 0.4192918 Vali Loss: 0.4028083 Test Loss: 0.1699725
EarlyStopping counter: 7 out of 20
Updating learning rate to 6.36268544113595e-07
	iters: 100, epoch: 52 | loss: 0.2747473
	speed: 0.1299s/iter; left time: 1794.7422s
	iters: 200, epoch: 52 | loss: 0.3840982
	speed: 0.0499s/iter; left time: 684.1397s
Epoch: 52 cost time: 14.922806739807129
Epoch: 52, Steps: 284 | Train Loss: 0.4192789 Vali Loss: 0.4038159 Test Loss: 0.1699631
EarlyStopping counter: 8 out of 20
Updating learning rate to 5.726416897022355e-07
	iters: 100, epoch: 53 | loss: 0.3378151
	speed: 0.1315s/iter; left time: 1779.7877s
	iters: 200, epoch: 53 | loss: 0.3631102
	speed: 0.0453s/iter; left time: 608.9036s
Epoch: 53 cost time: 13.644908666610718
Epoch: 53, Steps: 284 | Train Loss: 0.4200302 Vali Loss: 0.4033563 Test Loss: 0.1699602
EarlyStopping counter: 9 out of 20
Updating learning rate to 5.15377520732012e-07
	iters: 100, epoch: 54 | loss: 0.3227255
	speed: 0.1192s/iter; left time: 1579.5395s
	iters: 200, epoch: 54 | loss: 0.3185828
	speed: 0.0517s/iter; left time: 679.7658s
Epoch: 54 cost time: 14.352349519729614
Epoch: 54, Steps: 284 | Train Loss: 0.4199227 Vali Loss: 0.4018595 Test Loss: 0.1699553
EarlyStopping counter: 10 out of 20
Updating learning rate to 4.6383976865881085e-07
	iters: 100, epoch: 55 | loss: 0.3935385
	speed: 0.1254s/iter; left time: 1625.3728s
	iters: 200, epoch: 55 | loss: 0.3588202
	speed: 0.0504s/iter; left time: 648.1490s
Epoch: 55 cost time: 13.98048734664917
Epoch: 55, Steps: 284 | Train Loss: 0.4202949 Vali Loss: 0.4038590 Test Loss: 0.1699534
EarlyStopping counter: 11 out of 20
Updating learning rate to 4.174557917929298e-07
	iters: 100, epoch: 56 | loss: 0.3226308
	speed: 0.1202s/iter; left time: 1524.7919s
	iters: 200, epoch: 56 | loss: 0.3607943
	speed: 0.0572s/iter; left time: 719.9981s
Epoch: 56 cost time: 14.620131015777588
Epoch: 56, Steps: 284 | Train Loss: 0.4201825 Vali Loss: 0.4014851 Test Loss: 0.1699460
EarlyStopping counter: 12 out of 20
Updating learning rate to 3.7571021261363677e-07
	iters: 100, epoch: 57 | loss: 0.3366514
	speed: 0.1238s/iter; left time: 1535.2721s
	iters: 200, epoch: 57 | loss: 0.7063583
	speed: 0.0455s/iter; left time: 559.9311s
Epoch: 57 cost time: 13.729811668395996
Epoch: 57, Steps: 284 | Train Loss: 0.4192391 Vali Loss: 0.4021785 Test Loss: 0.1699442
EarlyStopping counter: 13 out of 20
Updating learning rate to 3.381391913522731e-07
	iters: 100, epoch: 58 | loss: 0.6188244
	speed: 0.1274s/iter; left time: 1543.7365s
	iters: 200, epoch: 58 | loss: 0.3208224
	speed: 0.0466s/iter; left time: 560.2075s
Epoch: 58 cost time: 13.114643573760986
Epoch: 58, Steps: 284 | Train Loss: 0.4201064 Vali Loss: 0.4024149 Test Loss: 0.1699377
EarlyStopping counter: 14 out of 20
Updating learning rate to 3.043252722170458e-07
	iters: 100, epoch: 59 | loss: 0.3330914
	speed: 0.1216s/iter; left time: 1438.1748s
	iters: 200, epoch: 59 | loss: 0.3258381
	speed: 0.0476s/iter; left time: 558.6132s
Epoch: 59 cost time: 14.030621528625488
Epoch: 59, Steps: 284 | Train Loss: 0.4200362 Vali Loss: 0.4029445 Test Loss: 0.1699364
EarlyStopping counter: 15 out of 20
Updating learning rate to 2.7389274499534124e-07
	iters: 100, epoch: 60 | loss: 0.2787584
	speed: 0.1263s/iter; left time: 1457.7735s
	iters: 200, epoch: 60 | loss: 0.3379667
	speed: 0.0478s/iter; left time: 547.5791s
Epoch: 60 cost time: 14.276384353637695
Epoch: 60, Steps: 284 | Train Loss: 0.4200093 Vali Loss: 0.4038833 Test Loss: 0.1699335
EarlyStopping counter: 16 out of 20
Updating learning rate to 2.465034704958071e-07
	iters: 100, epoch: 61 | loss: 0.6424018
	speed: 0.1238s/iter; left time: 1394.1723s
	iters: 200, epoch: 61 | loss: 0.3179360
	speed: 0.0512s/iter; left time: 571.7334s
Epoch: 61 cost time: 14.37985897064209
Epoch: 61, Steps: 284 | Train Loss: 0.4192783 Vali Loss: 0.4026133 Test Loss: 0.1699284
EarlyStopping counter: 17 out of 20
Updating learning rate to 2.218531234462264e-07
	iters: 100, epoch: 62 | loss: 0.5154394
	speed: 0.1246s/iter; left time: 1368.0142s
	iters: 200, epoch: 62 | loss: 0.3078208
	speed: 0.0497s/iter; left time: 540.5908s
Epoch: 62 cost time: 13.961116552352905
Epoch: 62, Steps: 284 | Train Loss: 0.4198862 Vali Loss: 0.4027171 Test Loss: 0.1699266
EarlyStopping counter: 18 out of 20
Updating learning rate to 1.9966781110160376e-07
	iters: 100, epoch: 63 | loss: 0.4037637
	speed: 0.1249s/iter; left time: 1335.4123s
	iters: 200, epoch: 63 | loss: 0.3403104
	speed: 0.0532s/iter; left time: 563.4594s
Epoch: 63 cost time: 14.079325914382935
Epoch: 63, Steps: 284 | Train Loss: 0.4198428 Vali Loss: 0.3997939 Test Loss: 0.1699230
Validation loss decreased (0.400172 --> 0.399794).  Saving model ...
Updating learning rate to 1.797010299914434e-07
	iters: 100, epoch: 64 | loss: 0.3536529
	speed: 0.1216s/iter; left time: 1265.4853s
	iters: 200, epoch: 64 | loss: 0.2917202
	speed: 0.0495s/iter; left time: 509.8918s
Epoch: 64 cost time: 13.76141905784607
Epoch: 64, Steps: 284 | Train Loss: 0.4199892 Vali Loss: 0.4027749 Test Loss: 0.1699194
EarlyStopping counter: 1 out of 20
Updating learning rate to 1.6173092699229907e-07
	iters: 100, epoch: 65 | loss: 0.3203796
	speed: 0.1230s/iter; left time: 1244.9983s
	iters: 200, epoch: 65 | loss: 0.3448878
	speed: 0.0464s/iter; left time: 465.0183s
Epoch: 65 cost time: 13.320465803146362
Epoch: 65, Steps: 284 | Train Loss: 0.4198366 Vali Loss: 0.4017104 Test Loss: 0.1699215
EarlyStopping counter: 2 out of 20
Updating learning rate to 1.4555783429306916e-07
	iters: 100, epoch: 66 | loss: 0.3171366
	speed: 0.1232s/iter; left time: 1212.6634s
	iters: 200, epoch: 66 | loss: 0.3313712
	speed: 0.0501s/iter; left time: 488.2082s
Epoch: 66 cost time: 13.911925554275513
Epoch: 66, Steps: 284 | Train Loss: 0.4200000 Vali Loss: 0.4013133 Test Loss: 0.1699170
EarlyStopping counter: 3 out of 20
Updating learning rate to 1.3100205086376224e-07
	iters: 100, epoch: 67 | loss: 0.2947459
	speed: 0.1167s/iter; left time: 1115.1423s
	iters: 200, epoch: 67 | loss: 0.3528305
	speed: 0.0522s/iter; left time: 493.9623s
Epoch: 67 cost time: 14.319149017333984
Epoch: 67, Steps: 284 | Train Loss: 0.4194294 Vali Loss: 0.4028183 Test Loss: 0.1699162
EarlyStopping counter: 4 out of 20
Updating learning rate to 1.1790184577738603e-07
	iters: 100, epoch: 68 | loss: 0.3413494
	speed: 0.1320s/iter; left time: 1224.3881s
	iters: 200, epoch: 68 | loss: 0.5237612
	speed: 0.0494s/iter; left time: 453.2781s
Epoch: 68 cost time: 14.571701526641846
Epoch: 68, Steps: 284 | Train Loss: 0.4200434 Vali Loss: 0.4019538 Test Loss: 0.1699136
EarlyStopping counter: 5 out of 20
Updating learning rate to 1.0611166119964742e-07
	iters: 100, epoch: 69 | loss: 0.2656351
	speed: 0.1284s/iter; left time: 1154.0561s
	iters: 200, epoch: 69 | loss: 0.3895187
	speed: 0.0525s/iter; left time: 466.9990s
Epoch: 69 cost time: 14.35618281364441
Epoch: 69, Steps: 284 | Train Loss: 0.4198374 Vali Loss: 0.4024943 Test Loss: 0.1699122
EarlyStopping counter: 6 out of 20
Updating learning rate to 9.550049507968268e-08
	iters: 100, epoch: 70 | loss: 0.3848071
	speed: 0.1310s/iter; left time: 1139.9239s
	iters: 200, epoch: 70 | loss: 0.3483461
	speed: 0.0509s/iter; left time: 438.1708s
Epoch: 70 cost time: 14.878045320510864
Epoch: 70, Steps: 284 | Train Loss: 0.4190788 Vali Loss: 0.4024269 Test Loss: 0.1699117
EarlyStopping counter: 7 out of 20
Updating learning rate to 8.595044557171442e-08
	iters: 100, epoch: 71 | loss: 0.3936179
	speed: 0.1269s/iter; left time: 1068.9368s
	iters: 200, epoch: 71 | loss: 0.3040410
	speed: 0.0475s/iter; left time: 395.6145s
Epoch: 71 cost time: 14.059804201126099
Epoch: 71, Steps: 284 | Train Loss: 0.4197881 Vali Loss: 0.4010340 Test Loss: 0.1699110
EarlyStopping counter: 8 out of 20
Updating learning rate to 7.735540101454298e-08
	iters: 100, epoch: 72 | loss: 0.3590158
	speed: 0.1292s/iter; left time: 1050.9247s
	iters: 200, epoch: 72 | loss: 0.3229011
	speed: 0.0489s/iter; left time: 393.2746s
Epoch: 72 cost time: 14.291561841964722
Epoch: 72, Steps: 284 | Train Loss: 0.4198900 Vali Loss: 0.4005055 Test Loss: 0.1699101
EarlyStopping counter: 9 out of 20
Updating learning rate to 6.961986091308869e-08
	iters: 100, epoch: 73 | loss: 0.4853660
	speed: 0.1222s/iter; left time: 959.6507s
	iters: 200, epoch: 73 | loss: 0.3330550
	speed: 0.0516s/iter; left time: 400.1770s
Epoch: 73 cost time: 13.835326671600342
Epoch: 73, Steps: 284 | Train Loss: 0.4199488 Vali Loss: 0.4027812 Test Loss: 0.1699093
EarlyStopping counter: 10 out of 20
Updating learning rate to 6.265787482177981e-08
	iters: 100, epoch: 74 | loss: 0.3017016
	speed: 0.1232s/iter; left time: 932.1400s
	iters: 200, epoch: 74 | loss: 0.8666857
	speed: 0.0487s/iter; left time: 363.6043s
Epoch: 74 cost time: 14.365528583526611
Epoch: 74, Steps: 284 | Train Loss: 0.4198317 Vali Loss: 0.4007984 Test Loss: 0.1699092
EarlyStopping counter: 11 out of 20
Updating learning rate to 5.639208733960184e-08
	iters: 100, epoch: 75 | loss: 0.3066863
	speed: 0.1269s/iter; left time: 924.7419s
	iters: 200, epoch: 75 | loss: 0.4448579
	speed: 0.0505s/iter; left time: 363.0975s
Epoch: 75 cost time: 14.466338872909546
Epoch: 75, Steps: 284 | Train Loss: 0.4191508 Vali Loss: 0.4023005 Test Loss: 0.1699081
EarlyStopping counter: 12 out of 20
Updating learning rate to 5.075287860564165e-08
	iters: 100, epoch: 76 | loss: 0.5041690
	speed: 0.1285s/iter; left time: 899.3786s
	iters: 200, epoch: 76 | loss: 1.0683830
	speed: 0.0490s/iter; left time: 338.4448s
Epoch: 76 cost time: 13.89933729171753
Epoch: 76, Steps: 284 | Train Loss: 0.4202554 Vali Loss: 0.4035206 Test Loss: 0.1699088
EarlyStopping counter: 13 out of 20
Updating learning rate to 4.567759074507749e-08
	iters: 100, epoch: 77 | loss: 0.8424378
	speed: 0.1237s/iter; left time: 831.0726s
	iters: 200, epoch: 77 | loss: 0.5754019
	speed: 0.0543s/iter; left time: 359.4147s
Epoch: 77 cost time: 15.016808032989502
Epoch: 77, Steps: 284 | Train Loss: 0.4191614 Vali Loss: 0.3995143 Test Loss: 0.1699082
Validation loss decreased (0.399794 --> 0.399514).  Saving model ...
Updating learning rate to 4.1109831670569744e-08
	iters: 100, epoch: 78 | loss: 0.3473177
	speed: 0.1320s/iter; left time: 849.4068s
	iters: 200, epoch: 78 | loss: 1.0027369
	speed: 0.0525s/iter; left time: 332.3213s
Epoch: 78 cost time: 13.89979362487793
Epoch: 78, Steps: 284 | Train Loss: 0.4191683 Vali Loss: 0.4023381 Test Loss: 0.1699057
EarlyStopping counter: 1 out of 20
Updating learning rate to 3.6998848503512764e-08
	iters: 100, epoch: 79 | loss: 0.5688132
	speed: 0.1201s/iter; left time: 738.6182s
	iters: 200, epoch: 79 | loss: 0.4665115
	speed: 0.0538s/iter; left time: 325.3651s
Epoch: 79 cost time: 14.783824443817139
Epoch: 79, Steps: 284 | Train Loss: 0.4200342 Vali Loss: 0.4027702 Test Loss: 0.1699051
EarlyStopping counter: 2 out of 20
Updating learning rate to 3.3298963653161496e-08
	iters: 100, epoch: 80 | loss: 0.5982202
	speed: 0.1244s/iter; left time: 729.8883s
	iters: 200, epoch: 80 | loss: 0.3188307
	speed: 0.0532s/iter; left time: 306.4836s
Epoch: 80 cost time: 14.498115301132202
Epoch: 80, Steps: 284 | Train Loss: 0.4200141 Vali Loss: 0.4036756 Test Loss: 0.1699066
EarlyStopping counter: 3 out of 20
Updating learning rate to 2.996906728784534e-08
	iters: 100, epoch: 81 | loss: 0.4656680
	speed: 0.1224s/iter; left time: 683.1128s
	iters: 200, epoch: 81 | loss: 0.3191389
	speed: 0.0523s/iter; left time: 286.4093s
Epoch: 81 cost time: 14.16054916381836
Epoch: 81, Steps: 284 | Train Loss: 0.4191342 Vali Loss: 0.4025245 Test Loss: 0.1699046
EarlyStopping counter: 4 out of 20
Updating learning rate to 2.697216055906081e-08
	iters: 100, epoch: 82 | loss: 0.3031097
	speed: 0.1218s/iter; left time: 645.2003s
	iters: 200, epoch: 82 | loss: 0.5989237
	speed: 0.0508s/iter; left time: 263.8879s
Epoch: 82 cost time: 14.046130895614624
Epoch: 82, Steps: 284 | Train Loss: 0.4197072 Vali Loss: 0.4022326 Test Loss: 0.1699041
EarlyStopping counter: 5 out of 20
Updating learning rate to 2.427494450315473e-08
	iters: 100, epoch: 83 | loss: 0.6289879
	speed: 0.1252s/iter; left time: 627.4749s
	iters: 200, epoch: 83 | loss: 0.5794161
	speed: 0.0531s/iter; left time: 260.8158s
Epoch: 83 cost time: 14.708808183670044
Epoch: 83, Steps: 284 | Train Loss: 0.4199158 Vali Loss: 0.4029561 Test Loss: 0.1699039
EarlyStopping counter: 6 out of 20
Updating learning rate to 2.1847450052839257e-08
	iters: 100, epoch: 84 | loss: 0.3838186
	speed: 0.1234s/iter; left time: 583.4518s
	iters: 200, epoch: 84 | loss: 0.7293377
	speed: 0.0528s/iter; left time: 244.5782s
Epoch: 84 cost time: 13.767307758331299
Epoch: 84, Steps: 284 | Train Loss: 0.4198913 Vali Loss: 0.4042374 Test Loss: 0.1699041
EarlyStopping counter: 7 out of 20
Updating learning rate to 1.9662705047555332e-08
	iters: 100, epoch: 85 | loss: 0.6135884
	speed: 0.1238s/iter; left time: 550.3922s
	iters: 200, epoch: 85 | loss: 0.2921118
	speed: 0.0496s/iter; left time: 215.5793s
Epoch: 85 cost time: 14.330066442489624
Epoch: 85, Steps: 284 | Train Loss: 0.4199420 Vali Loss: 0.4030517 Test Loss: 0.1699034
EarlyStopping counter: 8 out of 20
Updating learning rate to 1.7696434542799797e-08
	iters: 100, epoch: 86 | loss: 0.3574915
	speed: 0.1261s/iter; left time: 524.6218s
	iters: 200, epoch: 86 | loss: 0.5529519
	speed: 0.0517s/iter; left time: 209.7724s
Epoch: 86 cost time: 13.611515283584595
Epoch: 86, Steps: 284 | Train Loss: 0.4198800 Vali Loss: 0.4001283 Test Loss: 0.1699052
EarlyStopping counter: 9 out of 20
Updating learning rate to 1.5926791088519817e-08
	iters: 100, epoch: 87 | loss: 0.4172501
	speed: 0.1246s/iter; left time: 482.9021s
	iters: 200, epoch: 87 | loss: 0.3680016
	speed: 0.0490s/iter; left time: 184.9295s
Epoch: 87 cost time: 14.639777660369873
Epoch: 87, Steps: 284 | Train Loss: 0.4199590 Vali Loss: 0.4027929 Test Loss: 0.1699033
EarlyStopping counter: 10 out of 20
Updating learning rate to 1.4334111979667836e-08
	iters: 100, epoch: 88 | loss: 0.4121955
	speed: 0.1310s/iter; left time: 470.6558s
	iters: 200, epoch: 88 | loss: 0.5293965
	speed: 0.0528s/iter; left time: 184.4300s
Epoch: 88 cost time: 15.306788921356201
Epoch: 88, Steps: 284 | Train Loss: 0.4199451 Vali Loss: 0.4027211 Test Loss: 0.1699032
EarlyStopping counter: 11 out of 20
Updating learning rate to 1.2900700781701054e-08
	iters: 100, epoch: 89 | loss: 0.5160161
	speed: 0.1272s/iter; left time: 421.0697s
	iters: 200, epoch: 89 | loss: 0.3636102
	speed: 0.0500s/iter; left time: 160.3585s
Epoch: 89 cost time: 14.104064464569092
Epoch: 89, Steps: 284 | Train Loss: 0.4198166 Vali Loss: 0.4038894 Test Loss: 0.1699035
EarlyStopping counter: 12 out of 20
Updating learning rate to 1.161063070353095e-08
	iters: 100, epoch: 90 | loss: 0.3633154
	speed: 0.1307s/iter; left time: 395.4118s
	iters: 200, epoch: 90 | loss: 0.3188955
	speed: 0.0513s/iter; left time: 149.9754s
Epoch: 90 cost time: 14.882706642150879
Epoch: 90, Steps: 284 | Train Loss: 0.4191905 Vali Loss: 0.4030504 Test Loss: 0.1699035
EarlyStopping counter: 13 out of 20
Updating learning rate to 1.0449567633177854e-08
	iters: 100, epoch: 91 | loss: 0.5781643
	speed: 0.1282s/iter; left time: 351.4107s
	iters: 200, epoch: 91 | loss: 0.5829757
	speed: 0.0481s/iter; left time: 127.0415s
Epoch: 91 cost time: 13.580818176269531
Epoch: 91, Steps: 284 | Train Loss: 0.4199884 Vali Loss: 0.4029207 Test Loss: 0.1699038
EarlyStopping counter: 14 out of 20
Updating learning rate to 9.404610869860069e-09
	iters: 100, epoch: 92 | loss: 0.6162854
	speed: 0.1278s/iter; left time: 313.9385s
	iters: 200, epoch: 92 | loss: 0.6387250
	speed: 0.0483s/iter; left time: 113.9300s
Epoch: 92 cost time: 14.947778463363647
Epoch: 92, Steps: 284 | Train Loss: 0.4199364 Vali Loss: 0.4036496 Test Loss: 0.1699037
EarlyStopping counter: 15 out of 20
Updating learning rate to 8.464149782874063e-09
	iters: 100, epoch: 93 | loss: 0.3407797
	speed: 0.1330s/iter; left time: 288.9656s
	iters: 200, epoch: 93 | loss: 0.5014589
	speed: 0.0459s/iter; left time: 95.1848s
Epoch: 93 cost time: 14.19229531288147
Epoch: 93, Steps: 284 | Train Loss: 0.4198503 Vali Loss: 0.4023864 Test Loss: 0.1699031
EarlyStopping counter: 16 out of 20
Updating learning rate to 7.617734804586658e-09
	iters: 100, epoch: 94 | loss: 0.2386514
	speed: 0.1278s/iter; left time: 241.4706s
	iters: 200, epoch: 94 | loss: 0.3119561
	speed: 0.0507s/iter; left time: 90.7072s
Epoch: 94 cost time: 14.206443786621094
Epoch: 94, Steps: 284 | Train Loss: 0.4200570 Vali Loss: 0.4040155 Test Loss: 0.1699037
EarlyStopping counter: 17 out of 20
Updating learning rate to 6.855961324127991e-09
	iters: 100, epoch: 95 | loss: 0.5636308
	speed: 0.1170s/iter; left time: 187.8250s
	iters: 200, epoch: 95 | loss: 0.3415307
	speed: 0.0476s/iter; left time: 71.5878s
Epoch: 95 cost time: 13.216002225875854
Epoch: 95, Steps: 284 | Train Loss: 0.4180854 Vali Loss: 0.4009375 Test Loss: 0.1699045
EarlyStopping counter: 18 out of 20
Updating learning rate to 6.170365191715193e-09
	iters: 100, epoch: 96 | loss: 0.6476777
	speed: 0.1218s/iter; left time: 160.9173s
	iters: 200, epoch: 96 | loss: 0.4637492
	speed: 0.0461s/iter; left time: 56.2637s
Epoch: 96 cost time: 13.826385498046875
Epoch: 96, Steps: 284 | Train Loss: 0.4173576 Vali Loss: 0.4018514 Test Loss: 0.1699028
EarlyStopping counter: 19 out of 20
Updating learning rate to 5.5533286725436726e-09
	iters: 100, epoch: 97 | loss: 0.5187555
	speed: 0.1231s/iter; left time: 127.6370s
	iters: 200, epoch: 97 | loss: 0.5823663
	speed: 0.0449s/iter; left time: 42.0987s
Epoch: 97 cost time: 12.958165645599365
Epoch: 97, Steps: 284 | Train Loss: 0.4199785 Vali Loss: 0.4007757 Test Loss: 0.1699026
EarlyStopping counter: 20 out of 20
Early stopping
>>>>>>>testing : 336_96_VanDerPol_custom_ftM_sl336_ll48_pl96_dm128_nh16_el3_dl1_df256_fc1_ebtimeF_dtTrue_Exp_0<<<<<<<<<<<<<<<<<<<<<<<<<<<<<<<<<
test 10444
mse:0.16990631818771362, mae:0.24347470700740814, rse:0.5430187582969666
