Args in experiment:
Namespace(W=0.1, activation='gelu', affine=0, alpha1=0.1, alpha2=0.1, alpha3=0.1, batch_size=128, c_out=7, checkpoints='./checkpoints/', d_ff=256, d_layers=1, d_model=128, data='custom', data_path='weather.csv', dec_in=7, decomposition=0, des='Exp', devices='0,1,2,3', distil=True, do_predict=False, dropout=0.2, e_layers=3, embed='timeF', embed_type=0, enc_in=21, factor=1, fc_dropout=0.2, features='M', freq='h', gpu=0, head_dropout=0.0, individual=0, is_training=1, itr=1, kernel_size=25, label_len=48, learning_rate=0.0001, loss='mse', lradj='type3', model='VanDerPol', model_id='336_192', moving_avg=25, n_heads=16, num_workers=10, output_attention=False, padding_patch='end', patch_len=16, patience=20, pct_start=0.3, pred_len=192, random_seed=2021, revin=1, root_path='./dataset/', seq_len=336, stride=8, subtract_last=0, target='OT', test_flop=False, train_epochs=100, use_amp=False, use_gpu=True, use_multi_gpu=False)
Use GPU: cuda:0
>>>>>>>start training : 336_192_VanDerPol_custom_ftM_sl336_ll48_pl192_dm128_nh16_el3_dl1_df256_fc1_ebtimeF_dtTrue_Exp_0>>>>>>>>>>>>>>>>>>>>>>>>>>
train 36360
val 5079
test 10348
	iters: 100, epoch: 1 | loss: 0.9833012
	speed: 0.0517s/iter; left time: 1462.2343s
	iters: 200, epoch: 1 | loss: 0.9913141
	speed: 0.0508s/iter; left time: 1432.3703s
Epoch: 1 cost time: 14.503222227096558
Epoch: 1, Steps: 284 | Train Loss: 1.0608992 Vali Loss: 0.8357309 Test Loss: 0.6619877
Validation loss decreased (inf --> 0.835731).  Saving model ...
Updating learning rate to 0.0001
	iters: 100, epoch: 2 | loss: 0.8629923
	speed: 0.1297s/iter; left time: 3633.7140s
	iters: 200, epoch: 2 | loss: 0.8105132
	speed: 0.0450s/iter; left time: 1255.4542s
Epoch: 2 cost time: 14.49605417251587
Epoch: 2, Steps: 284 | Train Loss: 0.8652965 Vali Loss: 0.6567634 Test Loss: 0.3491196
Validation loss decreased (0.835731 --> 0.656763).  Saving model ...
Updating learning rate to 0.0001
	iters: 100, epoch: 3 | loss: 0.6006745
	speed: 0.1394s/iter; left time: 3867.0908s
	iters: 200, epoch: 3 | loss: 0.6546728
	speed: 0.0444s/iter; left time: 1225.9024s
Epoch: 3 cost time: 14.085067510604858
Epoch: 3, Steps: 284 | Train Loss: 0.6156816 Vali Loss: 0.5529291 Test Loss: 0.2763595
Validation loss decreased (0.656763 --> 0.552929).  Saving model ...
Updating learning rate to 0.0001
	iters: 100, epoch: 4 | loss: 0.4089837
	speed: 0.1276s/iter; left time: 3502.7004s
	iters: 200, epoch: 4 | loss: 0.4295104
	speed: 0.0508s/iter; left time: 1388.3728s
Epoch: 4 cost time: 14.149220943450928
Epoch: 4, Steps: 284 | Train Loss: 0.5418575 Vali Loss: 0.5089190 Test Loss: 0.2493146
Validation loss decreased (0.552929 --> 0.508919).  Saving model ...
Updating learning rate to 9e-05
	iters: 100, epoch: 5 | loss: 0.4675586
	speed: 0.1318s/iter; left time: 3579.2202s
	iters: 200, epoch: 5 | loss: 0.4923004
	speed: 0.0553s/iter; left time: 1495.7111s
Epoch: 5 cost time: 14.812885284423828
Epoch: 5, Steps: 284 | Train Loss: 0.5098884 Vali Loss: 0.4846633 Test Loss: 0.2353238
Validation loss decreased (0.508919 --> 0.484663).  Saving model ...
Updating learning rate to 8.1e-05
	iters: 100, epoch: 6 | loss: 0.4145284
	speed: 0.1251s/iter; left time: 3362.9898s
	iters: 200, epoch: 6 | loss: 0.5010428
	speed: 0.0511s/iter; left time: 1368.2362s
Epoch: 6 cost time: 13.687612295150757
Epoch: 6, Steps: 284 | Train Loss: 0.4931958 Vali Loss: 0.4740897 Test Loss: 0.2276264
Validation loss decreased (0.484663 --> 0.474090).  Saving model ...
Updating learning rate to 7.290000000000001e-05
	iters: 100, epoch: 7 | loss: 0.5473364
	speed: 0.1285s/iter; left time: 3418.6950s
	iters: 200, epoch: 7 | loss: 0.6616843
	speed: 0.0425s/iter; left time: 1125.1642s
Epoch: 7 cost time: 13.121790170669556
Epoch: 7, Steps: 284 | Train Loss: 0.4833855 Vali Loss: 0.4678127 Test Loss: 0.2226998
Validation loss decreased (0.474090 --> 0.467813).  Saving model ...
Updating learning rate to 6.561e-05
	iters: 100, epoch: 8 | loss: 0.4430937
	speed: 0.1324s/iter; left time: 3485.1515s
	iters: 200, epoch: 8 | loss: 0.6134341
	speed: 0.0448s/iter; left time: 1174.1386s
Epoch: 8 cost time: 13.81813907623291
Epoch: 8, Steps: 284 | Train Loss: 0.4771913 Vali Loss: 0.4647678 Test Loss: 0.2196019
Validation loss decreased (0.467813 --> 0.464768).  Saving model ...
Updating learning rate to 5.904900000000001e-05
	iters: 100, epoch: 9 | loss: 0.4889034
	speed: 0.1295s/iter; left time: 3370.0795s
	iters: 200, epoch: 9 | loss: 0.3681015
	speed: 0.0518s/iter; left time: 1342.1800s
Epoch: 9 cost time: 14.005173444747925
Epoch: 9, Steps: 284 | Train Loss: 0.4730701 Vali Loss: 0.4619724 Test Loss: 0.2175223
Validation loss decreased (0.464768 --> 0.461972).  Saving model ...
Updating learning rate to 5.3144100000000005e-05
	iters: 100, epoch: 10 | loss: 0.6478895
	speed: 0.1212s/iter; left time: 3119.2379s
	iters: 200, epoch: 10 | loss: 0.3609079
	speed: 0.0483s/iter; left time: 1239.8821s
Epoch: 10 cost time: 13.30498194694519
Epoch: 10, Steps: 284 | Train Loss: 0.4700827 Vali Loss: 0.4599475 Test Loss: 0.2155775
Validation loss decreased (0.461972 --> 0.459948).  Saving model ...
Updating learning rate to 4.782969000000001e-05
	iters: 100, epoch: 11 | loss: 0.3642256
	speed: 0.1326s/iter; left time: 3376.9676s
	iters: 200, epoch: 11 | loss: 0.5096187
	speed: 0.0428s/iter; left time: 1085.8829s
Epoch: 11 cost time: 13.194321393966675
Epoch: 11, Steps: 284 | Train Loss: 0.4680514 Vali Loss: 0.4586306 Test Loss: 0.2140017
Validation loss decreased (0.459948 --> 0.458631).  Saving model ...
Updating learning rate to 4.304672100000001e-05
	iters: 100, epoch: 12 | loss: 0.7056931
	speed: 0.1246s/iter; left time: 3138.1035s
	iters: 200, epoch: 12 | loss: 0.5292823
	speed: 0.0471s/iter; left time: 1181.3139s
Epoch: 12 cost time: 14.229886770248413
Epoch: 12, Steps: 284 | Train Loss: 0.4663571 Vali Loss: 0.4563940 Test Loss: 0.2128802
Validation loss decreased (0.458631 --> 0.456394).  Saving model ...
Updating learning rate to 3.874204890000001e-05
	iters: 100, epoch: 13 | loss: 0.5161092
	speed: 0.1343s/iter; left time: 3343.0460s
	iters: 200, epoch: 13 | loss: 0.6024097
	speed: 0.0506s/iter; left time: 1254.7679s
Epoch: 13 cost time: 14.432018280029297
Epoch: 13, Steps: 284 | Train Loss: 0.4651307 Vali Loss: 0.4572060 Test Loss: 0.2122131
EarlyStopping counter: 1 out of 20
Updating learning rate to 3.486784401000001e-05
	iters: 100, epoch: 14 | loss: 0.4931827
	speed: 0.1334s/iter; left time: 3283.1425s
	iters: 200, epoch: 14 | loss: 0.4239733
	speed: 0.0522s/iter; left time: 1280.5191s
Epoch: 14 cost time: 14.55120587348938
Epoch: 14, Steps: 284 | Train Loss: 0.4642747 Vali Loss: 0.4552540 Test Loss: 0.2116847
Validation loss decreased (0.456394 --> 0.455254).  Saving model ...
Updating learning rate to 3.138105960900001e-05
	iters: 100, epoch: 15 | loss: 0.5655394
	speed: 0.1312s/iter; left time: 3191.2764s
	iters: 200, epoch: 15 | loss: 0.3301829
	speed: 0.0555s/iter; left time: 1344.1281s
Epoch: 15 cost time: 14.685953855514526
Epoch: 15, Steps: 284 | Train Loss: 0.4635368 Vali Loss: 0.4562290 Test Loss: 0.2112460
EarlyStopping counter: 1 out of 20
Updating learning rate to 2.824295364810001e-05
	iters: 100, epoch: 16 | loss: 0.6273000
	speed: 0.1307s/iter; left time: 3142.7452s
	iters: 200, epoch: 16 | loss: 0.4868489
	speed: 0.0495s/iter; left time: 1185.7747s
Epoch: 16 cost time: 14.543936252593994
Epoch: 16, Steps: 284 | Train Loss: 0.4628613 Vali Loss: 0.4538071 Test Loss: 0.2106596
Validation loss decreased (0.455254 --> 0.453807).  Saving model ...
Updating learning rate to 2.541865828329001e-05
	iters: 100, epoch: 17 | loss: 0.3995912
	speed: 0.1333s/iter; left time: 3167.6139s
	iters: 200, epoch: 17 | loss: 0.6115423
	speed: 0.0435s/iter; left time: 1029.1308s
Epoch: 17 cost time: 13.778746604919434
Epoch: 17, Steps: 284 | Train Loss: 0.4623037 Vali Loss: 0.4556797 Test Loss: 0.2104657
EarlyStopping counter: 1 out of 20
Updating learning rate to 2.287679245496101e-05
	iters: 100, epoch: 18 | loss: 0.5148971
	speed: 0.1384s/iter; left time: 3248.7293s
	iters: 200, epoch: 18 | loss: 0.4875278
	speed: 0.0508s/iter; left time: 1187.3431s
Epoch: 18 cost time: 14.850656747817993
Epoch: 18, Steps: 284 | Train Loss: 0.4618473 Vali Loss: 0.4545705 Test Loss: 0.2103794
EarlyStopping counter: 2 out of 20
Updating learning rate to 2.0589113209464907e-05
	iters: 100, epoch: 19 | loss: 0.4911970
	speed: 0.1368s/iter; left time: 3171.5545s
	iters: 200, epoch: 19 | loss: 0.5619324
	speed: 0.0500s/iter; left time: 1154.8695s
Epoch: 19 cost time: 14.554001569747925
Epoch: 19, Steps: 284 | Train Loss: 0.4614354 Vali Loss: 0.4541910 Test Loss: 0.2100113
EarlyStopping counter: 3 out of 20
Updating learning rate to 1.8530201888518416e-05
	iters: 100, epoch: 20 | loss: 0.5799062
	speed: 0.1348s/iter; left time: 3087.2666s
	iters: 200, epoch: 20 | loss: 0.4759355
	speed: 0.0495s/iter; left time: 1128.7307s
Epoch: 20 cost time: 14.324104309082031
Epoch: 20, Steps: 284 | Train Loss: 0.4611355 Vali Loss: 0.4529228 Test Loss: 0.2097602
Validation loss decreased (0.453807 --> 0.452923).  Saving model ...
Updating learning rate to 1.6677181699666577e-05
	iters: 100, epoch: 21 | loss: 0.3872134
	speed: 0.1243s/iter; left time: 2812.3037s
	iters: 200, epoch: 21 | loss: 0.4075266
	speed: 0.0504s/iter; left time: 1134.3330s
Epoch: 21 cost time: 13.776102066040039
Epoch: 21, Steps: 284 | Train Loss: 0.4603158 Vali Loss: 0.4545624 Test Loss: 0.2095313
EarlyStopping counter: 1 out of 20
Updating learning rate to 1.5009463529699919e-05
	iters: 100, epoch: 22 | loss: 0.4380008
	speed: 0.1364s/iter; left time: 3046.6354s
	iters: 200, epoch: 22 | loss: 0.3471362
	speed: 0.0422s/iter; left time: 937.4567s
Epoch: 22 cost time: 13.68045425415039
Epoch: 22, Steps: 284 | Train Loss: 0.4605297 Vali Loss: 0.4540780 Test Loss: 0.2093469
EarlyStopping counter: 2 out of 20
Updating learning rate to 1.3508517176729929e-05
	iters: 100, epoch: 23 | loss: 0.5019679
	speed: 0.1283s/iter; left time: 2830.2776s
	iters: 200, epoch: 23 | loss: 0.3596412
	speed: 0.0490s/iter; left time: 1074.7928s
Epoch: 23 cost time: 14.26473093032837
Epoch: 23, Steps: 284 | Train Loss: 0.4603136 Vali Loss: 0.4515600 Test Loss: 0.2093251
Validation loss decreased (0.452923 --> 0.451560).  Saving model ...
Updating learning rate to 1.2157665459056936e-05
	iters: 100, epoch: 24 | loss: 0.5082150
	speed: 0.1309s/iter; left time: 2850.4543s
	iters: 200, epoch: 24 | loss: 0.3772710
	speed: 0.0508s/iter; left time: 1101.6286s
Epoch: 24 cost time: 13.978046417236328
Epoch: 24, Steps: 284 | Train Loss: 0.4600831 Vali Loss: 0.4542668 Test Loss: 0.2091578
EarlyStopping counter: 1 out of 20
Updating learning rate to 1.0941898913151242e-05
	iters: 100, epoch: 25 | loss: 0.5110322
	speed: 0.1244s/iter; left time: 2673.5893s
	iters: 200, epoch: 25 | loss: 0.6684509
	speed: 0.0496s/iter; left time: 1061.0467s
Epoch: 25 cost time: 14.366984605789185
Epoch: 25, Steps: 284 | Train Loss: 0.4599204 Vali Loss: 0.4517758 Test Loss: 0.2091876
EarlyStopping counter: 2 out of 20
Updating learning rate to 9.847709021836118e-06
	iters: 100, epoch: 26 | loss: 0.4110648
	speed: 0.1370s/iter; left time: 2905.3943s
	iters: 200, epoch: 26 | loss: 0.4640188
	speed: 0.0462s/iter; left time: 975.4624s
Epoch: 26 cost time: 13.894438028335571
Epoch: 26, Steps: 284 | Train Loss: 0.4597745 Vali Loss: 0.4525546 Test Loss: 0.2087329
EarlyStopping counter: 3 out of 20
Updating learning rate to 8.862938119652508e-06
	iters: 100, epoch: 27 | loss: 0.3511131
	speed: 0.1397s/iter; left time: 2921.4065s
	iters: 200, epoch: 27 | loss: 0.5470282
	speed: 0.0472s/iter; left time: 982.7955s
Epoch: 27 cost time: 15.171308517456055
Epoch: 27, Steps: 284 | Train Loss: 0.4596123 Vali Loss: 0.4520741 Test Loss: 0.2087159
EarlyStopping counter: 4 out of 20
Updating learning rate to 7.976644307687255e-06
	iters: 100, epoch: 28 | loss: 0.3865454
	speed: 0.1347s/iter; left time: 2779.0492s
	iters: 200, epoch: 28 | loss: 0.3905478
	speed: 0.0533s/iter; left time: 1093.7760s
Epoch: 28 cost time: 14.470876455307007
Epoch: 28, Steps: 284 | Train Loss: 0.4595597 Vali Loss: 0.4507303 Test Loss: 0.2086484
Validation loss decreased (0.451560 --> 0.450730).  Saving model ...
Updating learning rate to 7.178979876918531e-06
	iters: 100, epoch: 29 | loss: 0.4885169
	speed: 0.1337s/iter; left time: 2719.7722s
	iters: 200, epoch: 29 | loss: 0.3494181
	speed: 0.0513s/iter; left time: 1038.0019s
Epoch: 29 cost time: 14.083047151565552
Epoch: 29, Steps: 284 | Train Loss: 0.4593896 Vali Loss: 0.4516524 Test Loss: 0.2086410
EarlyStopping counter: 1 out of 20
Updating learning rate to 6.4610818892266776e-06
	iters: 100, epoch: 30 | loss: 0.4585111
	speed: 0.1262s/iter; left time: 2532.3113s
	iters: 200, epoch: 30 | loss: 0.5051755
	speed: 0.0529s/iter; left time: 1056.6784s
Epoch: 30 cost time: 13.78013014793396
Epoch: 30, Steps: 284 | Train Loss: 0.4593381 Vali Loss: 0.4503124 Test Loss: 0.2085975
Validation loss decreased (0.450730 --> 0.450312).  Saving model ...
Updating learning rate to 5.8149737003040096e-06
	iters: 100, epoch: 31 | loss: 0.3789490
	speed: 0.1387s/iter; left time: 2744.5174s
	iters: 200, epoch: 31 | loss: 0.4667573
	speed: 0.0507s/iter; left time: 997.6189s
Epoch: 31 cost time: 15.333839654922485
Epoch: 31, Steps: 284 | Train Loss: 0.4585779 Vali Loss: 0.4532484 Test Loss: 0.2084256
EarlyStopping counter: 1 out of 20
Updating learning rate to 5.23347633027361e-06
	iters: 100, epoch: 32 | loss: 0.3935124
	speed: 0.1397s/iter; left time: 2724.2243s
	iters: 200, epoch: 32 | loss: 0.5218190
	speed: 0.0505s/iter; left time: 979.8196s
Epoch: 32 cost time: 15.712336778640747
Epoch: 32, Steps: 284 | Train Loss: 0.4591627 Vali Loss: 0.4508971 Test Loss: 0.2085207
EarlyStopping counter: 2 out of 20
Updating learning rate to 4.710128697246249e-06
	iters: 100, epoch: 33 | loss: 0.5647119
	speed: 0.1459s/iter; left time: 2802.5367s
	iters: 200, epoch: 33 | loss: 0.4452535
	speed: 0.0485s/iter; left time: 927.5480s
Epoch: 33 cost time: 15.68697476387024
Epoch: 33, Steps: 284 | Train Loss: 0.4591023 Vali Loss: 0.4515019 Test Loss: 0.2082835
EarlyStopping counter: 3 out of 20
Updating learning rate to 4.239115827521624e-06
	iters: 100, epoch: 34 | loss: 0.7231138
	speed: 0.1438s/iter; left time: 2721.7766s
	iters: 200, epoch: 34 | loss: 0.5140353
	speed: 0.0521s/iter; left time: 981.4195s
Epoch: 34 cost time: 15.322176933288574
Epoch: 34, Steps: 284 | Train Loss: 0.4589981 Vali Loss: 0.4520378 Test Loss: 0.2082759
EarlyStopping counter: 4 out of 20
Updating learning rate to 3.815204244769462e-06
	iters: 100, epoch: 35 | loss: 0.7092182
	speed: 0.1353s/iter; left time: 2523.4394s
	iters: 200, epoch: 35 | loss: 0.3686875
	speed: 0.0505s/iter; left time: 935.6651s
Epoch: 35 cost time: 14.482819080352783
Epoch: 35, Steps: 284 | Train Loss: 0.4589907 Vali Loss: 0.4522399 Test Loss: 0.2082880
EarlyStopping counter: 5 out of 20
Updating learning rate to 3.4336838202925152e-06
	iters: 100, epoch: 36 | loss: 0.6437657
	speed: 0.1307s/iter; left time: 2399.1735s
	iters: 200, epoch: 36 | loss: 0.3561571
	speed: 0.0557s/iter; left time: 1016.8294s
Epoch: 36 cost time: 14.604657173156738
Epoch: 36, Steps: 284 | Train Loss: 0.4589548 Vali Loss: 0.4516463 Test Loss: 0.2082765
EarlyStopping counter: 6 out of 20
Updating learning rate to 3.090315438263264e-06
	iters: 100, epoch: 37 | loss: 0.3618690
	speed: 0.1369s/iter; left time: 2474.7807s
	iters: 200, epoch: 37 | loss: 0.5954785
	speed: 0.0542s/iter; left time: 975.1813s
Epoch: 37 cost time: 14.932713031768799
Epoch: 37, Steps: 284 | Train Loss: 0.4588705 Vali Loss: 0.4518189 Test Loss: 0.2081954
EarlyStopping counter: 7 out of 20
Updating learning rate to 2.7812838944369375e-06
	iters: 100, epoch: 38 | loss: 0.5137179
	speed: 0.1331s/iter; left time: 2368.6839s
	iters: 200, epoch: 38 | loss: 0.3603500
	speed: 0.0585s/iter; left time: 1035.2209s
Epoch: 38 cost time: 15.471411228179932
Epoch: 38, Steps: 284 | Train Loss: 0.4588422 Vali Loss: 0.4517857 Test Loss: 0.2081932
EarlyStopping counter: 8 out of 20
Updating learning rate to 2.503155504993244e-06
	iters: 100, epoch: 39 | loss: 0.5067397
	speed: 0.1345s/iter; left time: 2354.1249s
	iters: 200, epoch: 39 | loss: 0.4580913
	speed: 0.0517s/iter; left time: 899.3180s
Epoch: 39 cost time: 14.99718952178955
Epoch: 39, Steps: 284 | Train Loss: 0.4588348 Vali Loss: 0.4528148 Test Loss: 0.2081407
EarlyStopping counter: 9 out of 20
Updating learning rate to 2.2528399544939195e-06
	iters: 100, epoch: 40 | loss: 0.3903220
	speed: 0.1436s/iter; left time: 2473.7877s
	iters: 200, epoch: 40 | loss: 0.5094036
	speed: 0.0497s/iter; left time: 850.8753s
Epoch: 40 cost time: 15.803058862686157
Epoch: 40, Steps: 284 | Train Loss: 0.4587610 Vali Loss: 0.4509606 Test Loss: 0.2081252
EarlyStopping counter: 10 out of 20
Updating learning rate to 2.0275559590445276e-06
	iters: 100, epoch: 41 | loss: 0.4473769
	speed: 0.1487s/iter; left time: 2519.1105s
	iters: 200, epoch: 41 | loss: 0.3948697
	speed: 0.0484s/iter; left time: 815.0119s
Epoch: 41 cost time: 15.771589517593384
Epoch: 41, Steps: 284 | Train Loss: 0.4587598 Vali Loss: 0.4509115 Test Loss: 0.2080988
EarlyStopping counter: 11 out of 20
Updating learning rate to 1.8248003631400751e-06
	iters: 100, epoch: 42 | loss: 0.4609972
	speed: 0.1292s/iter; left time: 2152.5386s
	iters: 200, epoch: 42 | loss: 0.5694819
	speed: 0.0443s/iter; left time: 733.9492s
Epoch: 42 cost time: 13.714905023574829
Epoch: 42, Steps: 284 | Train Loss: 0.4586986 Vali Loss: 0.4519637 Test Loss: 0.2081060
EarlyStopping counter: 12 out of 20
Updating learning rate to 1.6423203268260676e-06
	iters: 100, epoch: 43 | loss: 0.6085388
	speed: 0.1345s/iter; left time: 2201.5561s
	iters: 200, epoch: 43 | loss: 0.4278440
	speed: 0.0551s/iter; left time: 896.2838s
Epoch: 43 cost time: 14.920814037322998
Epoch: 43, Steps: 284 | Train Loss: 0.4586945 Vali Loss: 0.4512606 Test Loss: 0.2080802
EarlyStopping counter: 13 out of 20
Updating learning rate to 1.4780882941434609e-06
	iters: 100, epoch: 44 | loss: 0.3659312
	speed: 0.1432s/iter; left time: 2303.6471s
	iters: 200, epoch: 44 | loss: 0.4637045
	speed: 0.0573s/iter; left time: 916.1378s
Epoch: 44 cost time: 15.256163358688354
Epoch: 44, Steps: 284 | Train Loss: 0.4586932 Vali Loss: 0.4522275 Test Loss: 0.2080808
EarlyStopping counter: 14 out of 20
Updating learning rate to 1.3302794647291146e-06
	iters: 100, epoch: 45 | loss: 0.4060457
	speed: 0.1452s/iter; left time: 2294.9427s
	iters: 200, epoch: 45 | loss: 0.6088843
	speed: 0.0556s/iter; left time: 873.7426s
Epoch: 45 cost time: 14.974154233932495
Epoch: 45, Steps: 284 | Train Loss: 0.4586679 Vali Loss: 0.4526396 Test Loss: 0.2080728
EarlyStopping counter: 15 out of 20
Updating learning rate to 1.1972515182562034e-06
	iters: 100, epoch: 46 | loss: 0.7285568
	speed: 0.1374s/iter; left time: 2132.6294s
	iters: 200, epoch: 46 | loss: 0.4839521
	speed: 0.0572s/iter; left time: 882.5635s
Epoch: 46 cost time: 14.871730327606201
Epoch: 46, Steps: 284 | Train Loss: 0.4586494 Vali Loss: 0.4515641 Test Loss: 0.2080698
EarlyStopping counter: 16 out of 20
Updating learning rate to 1.077526366430583e-06
	iters: 100, epoch: 47 | loss: 0.3939171
	speed: 0.1324s/iter; left time: 2017.8867s
	iters: 200, epoch: 47 | loss: 0.4256290
	speed: 0.0498s/iter; left time: 753.2273s
Epoch: 47 cost time: 15.185906648635864
Epoch: 47, Steps: 284 | Train Loss: 0.4586261 Vali Loss: 0.4507619 Test Loss: 0.2080448
EarlyStopping counter: 17 out of 20
Updating learning rate to 9.697737297875248e-07
	iters: 100, epoch: 48 | loss: 0.3431017
	speed: 0.1442s/iter; left time: 2156.9169s
	iters: 200, epoch: 48 | loss: 0.5367010
	speed: 0.0508s/iter; left time: 754.0676s
Epoch: 48 cost time: 15.874741792678833
Epoch: 48, Steps: 284 | Train Loss: 0.4586337 Vali Loss: 0.4501550 Test Loss: 0.2080333
Validation loss decreased (0.450312 --> 0.450155).  Saving model ...
Updating learning rate to 8.727963568087723e-07
	iters: 100, epoch: 49 | loss: 0.3386587
	speed: 0.1425s/iter; left time: 2090.2530s
	iters: 200, epoch: 49 | loss: 0.4642365
	speed: 0.0507s/iter; left time: 738.7919s
Epoch: 49 cost time: 14.968960046768188
Epoch: 49, Steps: 284 | Train Loss: 0.4586113 Vali Loss: 0.4509833 Test Loss: 0.2080252
EarlyStopping counter: 1 out of 20
Updating learning rate to 7.855167211278951e-07
	iters: 100, epoch: 50 | loss: 0.5177497
	speed: 0.1376s/iter; left time: 1978.9401s
	iters: 200, epoch: 50 | loss: 0.3869829
	speed: 0.0531s/iter; left time: 758.8105s
Epoch: 50 cost time: 14.954046487808228
Epoch: 50, Steps: 284 | Train Loss: 0.4581909 Vali Loss: 0.4507119 Test Loss: 0.2080211
EarlyStopping counter: 2 out of 20
Updating learning rate to 7.069650490151056e-07
	iters: 100, epoch: 51 | loss: 0.5091189
	speed: 0.1381s/iter; left time: 1946.8096s
	iters: 200, epoch: 51 | loss: 0.4328466
	speed: 0.0559s/iter; left time: 783.1980s
Epoch: 51 cost time: 14.598660707473755
Epoch: 51, Steps: 284 | Train Loss: 0.4586134 Vali Loss: 0.4504184 Test Loss: 0.2080188
EarlyStopping counter: 3 out of 20
Updating learning rate to 6.36268544113595e-07
	iters: 100, epoch: 52 | loss: 0.4055957
	speed: 0.1289s/iter; left time: 1780.6272s
	iters: 200, epoch: 52 | loss: 0.7072156
	speed: 0.0536s/iter; left time: 734.7500s
Epoch: 52 cost time: 14.972093343734741
Epoch: 52, Steps: 284 | Train Loss: 0.4585954 Vali Loss: 0.4506450 Test Loss: 0.2080117
EarlyStopping counter: 4 out of 20
Updating learning rate to 5.726416897022355e-07
	iters: 100, epoch: 53 | loss: 0.2961233
	speed: 0.1386s/iter; left time: 1876.0854s
	iters: 200, epoch: 53 | loss: 0.3801802
	speed: 0.0489s/iter; left time: 656.3974s
Epoch: 53 cost time: 15.229421377182007
Epoch: 53, Steps: 284 | Train Loss: 0.4585322 Vali Loss: 0.4517474 Test Loss: 0.2080042
EarlyStopping counter: 5 out of 20
Updating learning rate to 5.15377520732012e-07
	iters: 100, epoch: 54 | loss: 0.5031596
	speed: 0.1502s/iter; left time: 1989.4299s
	iters: 200, epoch: 54 | loss: 0.3613421
	speed: 0.0480s/iter; left time: 631.2742s
Epoch: 54 cost time: 16.02074384689331
Epoch: 54, Steps: 284 | Train Loss: 0.4585158 Vali Loss: 0.4512089 Test Loss: 0.2080050
EarlyStopping counter: 6 out of 20
Updating learning rate to 4.6383976865881085e-07
	iters: 100, epoch: 55 | loss: 0.4918390
	speed: 0.1461s/iter; left time: 1894.4095s
	iters: 200, epoch: 55 | loss: 0.4561929
	speed: 0.0525s/iter; left time: 674.9391s
Epoch: 55 cost time: 15.645193338394165
Epoch: 55, Steps: 284 | Train Loss: 0.4585835 Vali Loss: 0.4522757 Test Loss: 0.2080023
EarlyStopping counter: 7 out of 20
Updating learning rate to 4.174557917929298e-07
	iters: 100, epoch: 56 | loss: 0.3441902
	speed: 0.1331s/iter; left time: 1687.7323s
	iters: 200, epoch: 56 | loss: 0.5139577
	speed: 0.0521s/iter; left time: 655.2365s
Epoch: 56 cost time: 14.574171304702759
Epoch: 56, Steps: 284 | Train Loss: 0.4585669 Vali Loss: 0.4519227 Test Loss: 0.2079939
EarlyStopping counter: 8 out of 20
Updating learning rate to 3.7571021261363677e-07
	iters: 100, epoch: 57 | loss: 0.3997058
	speed: 0.1256s/iter; left time: 1557.0920s
	iters: 200, epoch: 57 | loss: 0.3641466
	speed: 0.0438s/iter; left time: 538.2516s
Epoch: 57 cost time: 12.482195615768433
Epoch: 57, Steps: 284 | Train Loss: 0.4585643 Vali Loss: 0.4511315 Test Loss: 0.2079886
EarlyStopping counter: 9 out of 20
Updating learning rate to 3.381391913522731e-07
	iters: 100, epoch: 58 | loss: 0.3458791
	speed: 0.1256s/iter; left time: 1520.8793s
	iters: 200, epoch: 58 | loss: 0.5230433
	speed: 0.0512s/iter; left time: 615.6441s
Epoch: 58 cost time: 13.900738716125488
Epoch: 58, Steps: 284 | Train Loss: 0.4585399 Vali Loss: 0.4498914 Test Loss: 0.2079919
Validation loss decreased (0.450155 --> 0.449891).  Saving model ...
Updating learning rate to 3.043252722170458e-07
	iters: 100, epoch: 59 | loss: 0.4577197
	speed: 0.1363s/iter; left time: 1611.9013s
	iters: 200, epoch: 59 | loss: 0.5006412
	speed: 0.0489s/iter; left time: 573.9158s
Epoch: 59 cost time: 14.436513185501099
Epoch: 59, Steps: 284 | Train Loss: 0.4584983 Vali Loss: 0.4497439 Test Loss: 0.2079872
Validation loss decreased (0.449891 --> 0.449744).  Saving model ...
Updating learning rate to 2.7389274499534124e-07
	iters: 100, epoch: 60 | loss: 0.3837940
	speed: 0.1335s/iter; left time: 1541.1638s
	iters: 200, epoch: 60 | loss: 0.3365426
	speed: 0.0485s/iter; left time: 555.5034s
Epoch: 60 cost time: 14.229598999023438
Epoch: 60, Steps: 284 | Train Loss: 0.4585382 Vali Loss: 0.4505642 Test Loss: 0.2079809
EarlyStopping counter: 1 out of 20
Updating learning rate to 2.465034704958071e-07
	iters: 100, epoch: 61 | loss: 0.3845377
	speed: 0.1323s/iter; left time: 1489.6163s
	iters: 200, epoch: 61 | loss: 0.5152113
	speed: 0.0427s/iter; left time: 476.6926s
Epoch: 61 cost time: 13.181337356567383
Epoch: 61, Steps: 284 | Train Loss: 0.4585294 Vali Loss: 0.4508774 Test Loss: 0.2079804
EarlyStopping counter: 2 out of 20
Updating learning rate to 2.218531234462264e-07
	iters: 100, epoch: 62 | loss: 0.3854323
	speed: 0.1312s/iter; left time: 1439.9504s
	iters: 200, epoch: 62 | loss: 0.5203494
	speed: 0.0529s/iter; left time: 575.3261s
Epoch: 62 cost time: 14.477386236190796
Epoch: 62, Steps: 284 | Train Loss: 0.4584161 Vali Loss: 0.4516009 Test Loss: 0.2079750
EarlyStopping counter: 3 out of 20
Updating learning rate to 1.9966781110160376e-07
	iters: 100, epoch: 63 | loss: 0.3821609
	speed: 0.1253s/iter; left time: 1340.1001s
	iters: 200, epoch: 63 | loss: 0.3419088
	speed: 0.0481s/iter; left time: 509.5853s
Epoch: 63 cost time: 13.709967374801636
Epoch: 63, Steps: 284 | Train Loss: 0.4585454 Vali Loss: 0.4513506 Test Loss: 0.2079748
EarlyStopping counter: 4 out of 20
Updating learning rate to 1.797010299914434e-07
	iters: 100, epoch: 64 | loss: 0.5243913
	speed: 0.1317s/iter; left time: 1371.1869s
	iters: 200, epoch: 64 | loss: 0.4631921
	speed: 0.0443s/iter; left time: 456.2509s
Epoch: 64 cost time: 13.75526762008667
Epoch: 64, Steps: 284 | Train Loss: 0.4585057 Vali Loss: 0.4528420 Test Loss: 0.2079731
EarlyStopping counter: 5 out of 20
Updating learning rate to 1.6173092699229907e-07
	iters: 100, epoch: 65 | loss: 0.5138687
	speed: 0.1303s/iter; left time: 1319.6105s
	iters: 200, epoch: 65 | loss: 0.3294287
	speed: 0.0487s/iter; left time: 488.0196s
Epoch: 65 cost time: 14.009937047958374
Epoch: 65, Steps: 284 | Train Loss: 0.4584993 Vali Loss: 0.4501721 Test Loss: 0.2079720
EarlyStopping counter: 6 out of 20
Updating learning rate to 1.4555783429306916e-07
	iters: 100, epoch: 66 | loss: 0.4038646
	speed: 0.1299s/iter; left time: 1278.1246s
	iters: 200, epoch: 66 | loss: 0.5000510
	speed: 0.0476s/iter; left time: 464.1500s
Epoch: 66 cost time: 14.141077518463135
Epoch: 66, Steps: 284 | Train Loss: 0.4585209 Vali Loss: 0.4535033 Test Loss: 0.2079709
EarlyStopping counter: 7 out of 20
Updating learning rate to 1.3100205086376224e-07
	iters: 100, epoch: 67 | loss: 0.5600207
	speed: 0.1390s/iter; left time: 1328.1830s
	iters: 200, epoch: 67 | loss: 0.3735296
	speed: 0.0413s/iter; left time: 390.4067s
Epoch: 67 cost time: 14.020915985107422
Epoch: 67, Steps: 284 | Train Loss: 0.4584981 Vali Loss: 0.4507729 Test Loss: 0.2079671
EarlyStopping counter: 8 out of 20
Updating learning rate to 1.1790184577738603e-07
	iters: 100, epoch: 68 | loss: 0.3533422
	speed: 0.1302s/iter; left time: 1207.1695s
	iters: 200, epoch: 68 | loss: 0.5074620
	speed: 0.0490s/iter; left time: 449.2037s
Epoch: 68 cost time: 13.419159650802612
Epoch: 68, Steps: 284 | Train Loss: 0.4585288 Vali Loss: 0.4463445 Test Loss: 0.2079682
Validation loss decreased (0.449744 --> 0.446345).  Saving model ...
Updating learning rate to 1.0611166119964742e-07
	iters: 100, epoch: 69 | loss: 0.3738465
	speed: 0.1252s/iter; left time: 1125.0275s
	iters: 200, epoch: 69 | loss: 0.4595453
	speed: 0.0488s/iter; left time: 433.9380s
Epoch: 69 cost time: 13.75261640548706
Epoch: 69, Steps: 284 | Train Loss: 0.4585246 Vali Loss: 0.4526936 Test Loss: 0.2079667
EarlyStopping counter: 1 out of 20
Updating learning rate to 9.550049507968268e-08
	iters: 100, epoch: 70 | loss: 0.3680600
	speed: 0.1314s/iter; left time: 1143.5530s
	iters: 200, epoch: 70 | loss: 0.4040844
	speed: 0.0449s/iter; left time: 386.7107s
Epoch: 70 cost time: 13.956795930862427
Epoch: 70, Steps: 284 | Train Loss: 0.4585387 Vali Loss: 0.4510192 Test Loss: 0.2079662
EarlyStopping counter: 2 out of 20
Updating learning rate to 8.595044557171442e-08
	iters: 100, epoch: 71 | loss: 0.3844567
	speed: 0.1316s/iter; left time: 1108.1478s
	iters: 200, epoch: 71 | loss: 0.4657123
	speed: 0.0519s/iter; left time: 431.8041s
Epoch: 71 cost time: 14.366013765335083
Epoch: 71, Steps: 284 | Train Loss: 0.4584660 Vali Loss: 0.4526041 Test Loss: 0.2079663
EarlyStopping counter: 3 out of 20
Updating learning rate to 7.735540101454298e-08
	iters: 100, epoch: 72 | loss: 0.6382738
	speed: 0.1271s/iter; left time: 1033.9233s
	iters: 200, epoch: 72 | loss: 0.3749035
	speed: 0.0514s/iter; left time: 413.4842s
Epoch: 72 cost time: 13.777478456497192
Epoch: 72, Steps: 284 | Train Loss: 0.4585139 Vali Loss: 0.4508652 Test Loss: 0.2079639
EarlyStopping counter: 4 out of 20
Updating learning rate to 6.961986091308869e-08
	iters: 100, epoch: 73 | loss: 0.5334565
	speed: 0.1341s/iter; left time: 1053.2793s
	iters: 200, epoch: 73 | loss: 0.5446455
	speed: 0.0484s/iter; left time: 375.3887s
Epoch: 73 cost time: 14.422121286392212
Epoch: 73, Steps: 284 | Train Loss: 0.4585141 Vali Loss: 0.4504433 Test Loss: 0.2079637
EarlyStopping counter: 5 out of 20
Updating learning rate to 6.265787482177981e-08
	iters: 100, epoch: 74 | loss: 0.3772452
	speed: 0.1337s/iter; left time: 1011.6238s
	iters: 200, epoch: 74 | loss: 0.3618115
	speed: 0.0488s/iter; left time: 364.3196s
Epoch: 74 cost time: 14.40188217163086
Epoch: 74, Steps: 284 | Train Loss: 0.4584887 Vali Loss: 0.4497886 Test Loss: 0.2079637
EarlyStopping counter: 6 out of 20
Updating learning rate to 5.639208733960184e-08
	iters: 100, epoch: 75 | loss: 0.3350186
	speed: 0.1244s/iter; left time: 906.3038s
	iters: 200, epoch: 75 | loss: 0.7061072
	speed: 0.0445s/iter; left time: 319.5539s
Epoch: 75 cost time: 12.742648601531982
Epoch: 75, Steps: 284 | Train Loss: 0.4585318 Vali Loss: 0.4499975 Test Loss: 0.2079637
EarlyStopping counter: 7 out of 20
Updating learning rate to 5.075287860564165e-08
	iters: 100, epoch: 76 | loss: 0.4490338
	speed: 0.1306s/iter; left time: 914.4101s
	iters: 200, epoch: 76 | loss: 0.3535358
	speed: 0.0473s/iter; left time: 326.5975s
Epoch: 76 cost time: 13.505646228790283
Epoch: 76, Steps: 284 | Train Loss: 0.4585005 Vali Loss: 0.4491466 Test Loss: 0.2079633
EarlyStopping counter: 8 out of 20
Updating learning rate to 4.567759074507749e-08
	iters: 100, epoch: 77 | loss: 0.4141009
	speed: 0.1342s/iter; left time: 901.3394s
	iters: 200, epoch: 77 | loss: 0.3877901
	speed: 0.0477s/iter; left time: 315.3136s
Epoch: 77 cost time: 14.737141132354736
Epoch: 77, Steps: 284 | Train Loss: 0.4584967 Vali Loss: 0.4539680 Test Loss: 0.2079629
EarlyStopping counter: 9 out of 20
Updating learning rate to 4.1109831670569744e-08
	iters: 100, epoch: 78 | loss: 0.3985477
	speed: 0.1322s/iter; left time: 850.5653s
	iters: 200, epoch: 78 | loss: 0.3615046
	speed: 0.0501s/iter; left time: 317.0842s
Epoch: 78 cost time: 13.904477834701538
Epoch: 78, Steps: 284 | Train Loss: 0.4585114 Vali Loss: 0.4525934 Test Loss: 0.2079627
EarlyStopping counter: 10 out of 20
Updating learning rate to 3.6998848503512764e-08
	iters: 100, epoch: 79 | loss: 0.3709700
	speed: 0.1275s/iter; left time: 784.2522s
	iters: 200, epoch: 79 | loss: 0.4310011
	speed: 0.0493s/iter; left time: 297.9471s
Epoch: 79 cost time: 14.150147199630737
Epoch: 79, Steps: 284 | Train Loss: 0.4585028 Vali Loss: 0.4514726 Test Loss: 0.2079620
EarlyStopping counter: 11 out of 20
Updating learning rate to 3.3298963653161496e-08
	iters: 100, epoch: 80 | loss: 0.4986397
	speed: 0.1369s/iter; left time: 802.7666s
	iters: 200, epoch: 80 | loss: 0.6264482
	speed: 0.0462s/iter; left time: 266.0891s
Epoch: 80 cost time: 14.342082738876343
Epoch: 80, Steps: 284 | Train Loss: 0.4585237 Vali Loss: 0.4502108 Test Loss: 0.2079608
EarlyStopping counter: 12 out of 20
Updating learning rate to 2.996906728784534e-08
	iters: 100, epoch: 81 | loss: 0.3902930
	speed: 0.1341s/iter; left time: 748.3832s
	iters: 200, epoch: 81 | loss: 0.5110661
	speed: 0.0554s/iter; left time: 303.3796s
Epoch: 81 cost time: 15.075204372406006
Epoch: 81, Steps: 284 | Train Loss: 0.4585266 Vali Loss: 0.4505292 Test Loss: 0.2079616
EarlyStopping counter: 13 out of 20
Updating learning rate to 2.697216055906081e-08
	iters: 100, epoch: 82 | loss: 0.5455205
	speed: 0.1340s/iter; left time: 709.8694s
	iters: 200, epoch: 82 | loss: 0.5573962
	speed: 0.0514s/iter; left time: 266.9389s
Epoch: 82 cost time: 14.376362323760986
Epoch: 82, Steps: 284 | Train Loss: 0.4585041 Vali Loss: 0.4495319 Test Loss: 0.2079612
EarlyStopping counter: 14 out of 20
Updating learning rate to 2.427494450315473e-08
	iters: 100, epoch: 83 | loss: 0.3521107
	speed: 0.1277s/iter; left time: 640.0558s
	iters: 200, epoch: 83 | loss: 0.3684186
	speed: 0.0462s/iter; left time: 227.0405s
Epoch: 83 cost time: 13.934969186782837
Epoch: 83, Steps: 284 | Train Loss: 0.4584990 Vali Loss: 0.4514993 Test Loss: 0.2079603
EarlyStopping counter: 15 out of 20
Updating learning rate to 2.1847450052839257e-08
	iters: 100, epoch: 84 | loss: 0.6138483
	speed: 0.1304s/iter; left time: 616.8794s
	iters: 200, epoch: 84 | loss: 0.3910406
	speed: 0.0533s/iter; left time: 246.7573s
Epoch: 84 cost time: 14.319395303726196
Epoch: 84, Steps: 284 | Train Loss: 0.4585169 Vali Loss: 0.4465066 Test Loss: 0.2079605
EarlyStopping counter: 16 out of 20
Updating learning rate to 1.9662705047555332e-08
	iters: 100, epoch: 85 | loss: 0.4394828
	speed: 0.1295s/iter; left time: 575.8340s
	iters: 200, epoch: 85 | loss: 0.6452475
	speed: 0.0523s/iter; left time: 227.1108s
Epoch: 85 cost time: 14.029296398162842
Epoch: 85, Steps: 284 | Train Loss: 0.4585051 Vali Loss: 0.4521010 Test Loss: 0.2079604
EarlyStopping counter: 17 out of 20
Updating learning rate to 1.7696434542799797e-08
	iters: 100, epoch: 86 | loss: 0.5171623
	speed: 0.1222s/iter; left time: 508.3005s
	iters: 200, epoch: 86 | loss: 0.3598632
	speed: 0.0490s/iter; left time: 199.0432s
Epoch: 86 cost time: 14.130911588668823
Epoch: 86, Steps: 284 | Train Loss: 0.4585085 Vali Loss: 0.4519807 Test Loss: 0.2079595
EarlyStopping counter: 18 out of 20
Updating learning rate to 1.5926791088519817e-08
	iters: 100, epoch: 87 | loss: 0.4688052
	speed: 0.1431s/iter; left time: 554.8126s
	iters: 200, epoch: 87 | loss: 0.3636516
	speed: 0.0478s/iter; left time: 180.4135s
Epoch: 87 cost time: 15.365372657775879
Epoch: 87, Steps: 284 | Train Loss: 0.4585169 Vali Loss: 0.4500512 Test Loss: 0.2079598
EarlyStopping counter: 19 out of 20
Updating learning rate to 1.4334111979667836e-08
	iters: 100, epoch: 88 | loss: 0.5654438
	speed: 0.1401s/iter; left time: 503.3832s
	iters: 200, epoch: 88 | loss: 0.5199804
	speed: 0.0536s/iter; left time: 187.0726s
Epoch: 88 cost time: 14.867098808288574
Epoch: 88, Steps: 284 | Train Loss: 0.4584635 Vali Loss: 0.4520066 Test Loss: 0.2079593
EarlyStopping counter: 20 out of 20
Early stopping
>>>>>>>testing : 336_192_VanDerPol_custom_ftM_sl336_ll48_pl192_dm128_nh16_el3_dl1_df256_fc1_ebtimeF_dtTrue_Exp_0<<<<<<<<<<<<<<<<<<<<<<<<<<<<<<<<<
test 10348
mse:0.20796772837638855, mae:0.2773267328739166, rse:0.5999482274055481
